<?xml version="1.0" encoding="UTF-8"?>
<coverage generated="1656953259850" clover="3.2.0">
  <project timestamp="1656953259850" name="All files">
    <metrics statements="1700" coveredstatements="1278" conditionals="838" coveredconditionals="476" methods="505" coveredmethods="376" elements="3043" coveredelements="2130" complexity="0" loc="1700" ncloc="1700" packages="9" files="45" classes="45"/>
    <package name="builder.src">
      <metrics statements="252" coveredstatements="198" conditionals="224" coveredconditionals="107" methods="107" coveredmethods="80"/>
      <file name="Builder.ts" path="/Users/tim/src/grexie/grexie-pages/packages/builder/src/Builder.ts">
        <metrics statements="28" coveredstatements="11" conditionals="12" coveredconditionals="4" methods="10" coveredmethods="4"/>
        <line num="1" count="2" type="stmt"/>
        <line num="3" count="2" type="stmt"/>
        <line num="4" count="2" type="stmt"/>
        <line num="18" count="0" type="stmt"/>
        <line num="19" count="0" type="stmt"/>
        <line num="21" count="0" type="stmt"/>
        <line num="24" count="0" type="stmt"/>
        <line num="29" count="0" type="cond" truecount="0" falsecount="3"/>
        <line num="31" count="0" type="stmt"/>
        <line num="32" count="0" type="cond" truecount="0" falsecount="1"/>
        <line num="33" count="0" type="stmt"/>
        <line num="34" count="0" type="stmt"/>
        <line num="37" count="0" type="stmt"/>
        <line num="46" count="60" type="cond" truecount="2" falsecount="2"/>
        <line num="48" count="98" type="cond" truecount="2" falsecount="1"/>
        <line num="49" count="14" type="stmt"/>
        <line num="51" count="14" type="stmt"/>
        <line num="52" count="14" type="stmt"/>
        <line num="54" count="14" type="stmt"/>
        <line num="56" count="14" type="cond" truecount="0" falsecount="1"/>
        <line num="57" count="0" type="stmt"/>
        <line num="58" count="0" type="stmt"/>
        <line num="61" count="14" type="stmt"/>
        <line num="66" count="0" type="stmt"/>
        <line num="67" count="0" type="stmt"/>
        <line num="69" count="0" type="stmt"/>
        <line num="70" count="0" type="stmt"/>
        <line num="72" count="0" type="stmt"/>
      </file>
      <file name="Cache.ts" path="/Users/tim/src/grexie/grexie-pages/packages/builder/src/Cache.ts">
        <metrics statements="97" coveredstatements="87" conditionals="72" coveredconditionals="42" methods="35" coveredmethods="34"/>
        <line num="2" count="15" type="stmt"/>
        <line num="3" count="15" type="stmt"/>
        <line num="4" count="15" type="stmt"/>
        <line num="54" count="100954" type="cond" truecount="2" falsecount="0"/>
        <line num="55" count="7224" type="stmt"/>
        <line num="56" count="7220" type="stmt"/>
        <line num="57" count="7215" type="stmt"/>
        <line num="58" count="7211" type="cond" truecount="1" falsecount="1"/>
        <line num="59" count="7221" type="stmt"/>
        <line num="60" count="0" type="cond" truecount="2" falsecount="0"/>
        <line num="61" count="10" type="stmt"/>
        <line num="63" count="10" type="stmt"/>
        <line num="65" count="7221" type="cond" truecount="1" falsecount="1"/>
        <line num="66" count="7201" type="stmt"/>
        <line num="68" count="29" type="stmt"/>
        <line num="72" count="172" type="cond" truecount="3" falsecount="1"/>
        <line num="73" count="175" type="stmt"/>
        <line num="82" count="4397" type="cond" truecount="0" falsecount="2"/>
        <line num="83" count="2" type="stmt"/>
        <line num="85" count="4399" type="stmt"/>
        <line num="86" count="4399" type="stmt"/>
        <line num="87" count="4397" type="stmt"/>
        <line num="88" count="4397" type="stmt"/>
        <line num="100" count="4059" type="cond" truecount="2" falsecount="0"/>
        <line num="101" count="357" type="stmt"/>
        <line num="105" count="1811" type="stmt"/>
        <line num="106" count="1811" type="stmt"/>
        <line num="107" count="1811" type="stmt"/>
        <line num="121" count="4059" type="stmt"/>
        <line num="125" count="32480" type="cond" truecount="4" falsecount="3"/>
        <line num="128" count="4067" type="stmt"/>
        <line num="144" count="510" type="stmt"/>
        <line num="148" count="510" type="cond" truecount="0" falsecount="1"/>
        <line num="149" count="0" type="stmt"/>
        <line num="150" count="0" type="stmt"/>
        <line num="153" count="510" type="stmt"/>
        <line num="158" count="510" type="stmt"/>
        <line num="159" count="510" type="cond" truecount="0" falsecount="1"/>
        <line num="160" count="0" type="stmt"/>
        <line num="161" count="0" type="stmt"/>
        <line num="164" count="510" type="stmt"/>
        <line num="170" count="4598" type="cond" truecount="5" falsecount="2"/>
        <line num="173" count="519" type="stmt"/>
        <line num="175" count="517" type="stmt"/>
        <line num="182" count="890" type="stmt"/>
        <line num="183" count="890" type="cond" truecount="1" falsecount="0"/>
        <line num="184" count="90" type="stmt"/>
        <line num="185" count="90" type="stmt"/>
        <line num="188" count="800" type="stmt"/>
        <line num="193" count="7127" type="cond" truecount="1" falsecount="2"/>
        <line num="194" count="897" type="stmt"/>
        <line num="200" count="580" type="stmt"/>
        <line num="201" count="580" type="cond" truecount="1" falsecount="0"/>
        <line num="202" count="195" type="stmt"/>
        <line num="203" count="195" type="stmt"/>
        <line num="206" count="385" type="stmt"/>
        <line num="211" count="4645" type="cond" truecount="1" falsecount="2"/>
        <line num="212" count="589" type="stmt"/>
        <line num="220" count="262" type="stmt"/>
        <line num="221" count="262" type="cond" truecount="1" falsecount="0"/>
        <line num="222" count="80" type="stmt"/>
        <line num="223" count="80" type="stmt"/>
        <line num="226" count="182" type="stmt"/>
        <line num="230" count="262" type="stmt"/>
        <line num="231" count="262" type="cond" truecount="1" falsecount="0"/>
        <line num="232" count="80" type="stmt"/>
        <line num="233" count="80" type="stmt"/>
        <line num="236" count="182" type="stmt"/>
        <line num="242" count="2098" type="cond" truecount="1" falsecount="2"/>
        <line num="243" count="264" type="stmt"/>
        <line num="250" count="344" type="stmt"/>
        <line num="251" count="344" type="cond" truecount="0" falsecount="1"/>
        <line num="252" count="0" type="stmt"/>
        <line num="253" count="0" type="stmt"/>
        <line num="256" count="344" type="stmt"/>
        <line num="263" count="2754" type="cond" truecount="1" falsecount="2"/>
        <line num="264" count="346" type="stmt"/>
        <line num="267" count="2" type="cond" truecount="0" falsecount="5"/>
        <line num="268" count="0" type="stmt"/>
        <line num="270" count="0" type="stmt"/>
        <line num="271" count="2" type="stmt"/>
        <line num="277" count="2" type="cond" truecount="0" falsecount="2"/>
        <line num="278" count="2" type="stmt"/>
        <line num="289" count="0" type="stmt"/>
        <line num="301" count="28100" type="stmt"/>
        <line num="302" count="7025" type="stmt"/>
        <line num="303" count="7025" type="stmt"/>
        <line num="306" count="44814" type="cond" truecount="4" falsecount="1"/>
        <line num="311" count="3002" type="cond" truecount="1" falsecount="0"/>
        <line num="312" count="2586" type="stmt"/>
        <line num="319" count="2975" type="stmt"/>
        <line num="320" count="3389" type="stmt"/>
        <line num="321" count="3389" type="cond" truecount="1" falsecount="0"/>
        <line num="322" count="57" type="stmt"/>
        <line num="326" count="3" type="stmt"/>
        <line num="329" count="2966" type="stmt"/>
        <line num="336" count="2969" type="stmt"/>
      </file>
      <file name="FileSystem.ts" path="/Users/tim/src/grexie/grexie-pages/packages/builder/src/FileSystem.ts">
        <metrics statements="124" coveredstatements="97" conditionals="131" coveredconditionals="55" methods="59" coveredmethods="39"/>
        <line num="1" count="6" type="stmt"/>
        <line num="3" count="6" type="stmt"/>
        <line num="131" count="484" type="stmt"/>
        <line num="132" count="84" type="stmt"/>
        <line num="139" count="184" type="cond" truecount="3" falsecount="1"/>
        <line num="140" count="180" type="stmt"/>
        <line num="146" count="180" type="stmt"/>
        <line num="150" count="0" type="stmt"/>
        <line num="152" count="0" type="cond" truecount="0" falsecount="1"/>
        <line num="153" count="6" type="stmt"/>
        <line num="156" count="6" type="stmt"/>
        <line num="162" count="55712" type="cond" truecount="3" falsecount="1"/>
        <line num="163" count="55712" type="stmt"/>
        <line num="164" count="55712" type="stmt"/>
        <line num="166" count="55712" type="cond" truecount="2" falsecount="0"/>
        <line num="167" count="4456" type="stmt"/>
        <line num="170" count="151180" type="stmt"/>
        <line num="172" count="55706" type="stmt"/>
        <line num="174" count="66794" type="stmt"/>
        <line num="185" count="55886" type="cond" truecount="0" falsecount="1"/>
        <line num="186" count="0" type="stmt"/>
        <line num="190" count="55886" type="cond" truecount="4" falsecount="0"/>
        <line num="200" count="5000" type="stmt"/>
        <line num="203" count="5000" type="stmt"/>
        <line num="212" count="60834" type="stmt"/>
        <line num="214" count="60834" type="stmt"/>
        <line num="215" count="60834" type="cond" truecount="1" falsecount="1"/>
        <line num="216" count="60834" type="cond" truecount="1" falsecount="0"/>
        <line num="217" count="47396" type="stmt"/>
        <line num="218" count="47396" type="stmt"/>
        <line num="221" count="13438" type="stmt"/>
        <line num="224" count="0" type="stmt"/>
        <line num="229" count="47396" type="stmt"/>
        <line num="236" count="50886" type="cond" truecount="1" falsecount="0"/>
        <line num="237" count="2161" type="stmt"/>
        <line num="242" count="37293" type="stmt"/>
        <line num="250" count="12345" type="stmt"/>
        <line num="262" count="1052" type="stmt"/>
        <line num="263" count="350" type="cond" truecount="0" falsecount="1"/>
        <line num="264" count="0" type="stmt"/>
        <line num="267" count="350" type="stmt"/>
        <line num="268" count="350" type="cond" truecount="4" falsecount="0"/>
        <line num="273" count="354" type="stmt"/>
        <line num="274" count="350" type="stmt"/>
        <line num="276" count="350" type="cond" truecount="0" falsecount="1"/>
        <line num="277" count="2" type="stmt"/>
        <line num="280" count="350" type="stmt"/>
        <line num="281" count="350" type="stmt"/>
        <line num="282" count="350" type="stmt"/>
        <line num="283" count="350" type="stmt"/>
        <line num="285" count="307" type="stmt"/>
        <line num="287" count="43" type="stmt"/>
        <line num="288" count="43" type="cond" truecount="3" falsecount="2"/>
        <line num="289" count="0" type="stmt"/>
        <line num="294" count="350" type="cond" truecount="1" falsecount="0"/>
        <line num="295" count="7" type="stmt"/>
        <line num="298" count="350" type="cond" truecount="1" falsecount="0"/>
        <line num="299" count="43" type="stmt"/>
        <line num="302" count="307" type="stmt"/>
        <line num="320" count="13847" type="stmt"/>
        <line num="323" count="32" type="stmt"/>
        <line num="341" count="8956" type="stmt"/>
        <line num="344" count="0" type="stmt"/>
        <line num="361" count="126" type="stmt"/>
        <line num="362" count="132" type="stmt"/>
        <line num="363" count="132" type="stmt"/>
        <line num="365" count="321" type="stmt"/>
        <line num="366" count="321" type="stmt"/>
        <line num="368" count="6364" type="cond" truecount="3" falsecount="5"/>
        <line num="369" count="441" type="stmt"/>
        <line num="376" count="160" type="stmt"/>
        <line num="381" count="160" type="stmt"/>
        <line num="382" count="10986" type="stmt"/>
        <line num="387" count="166" type="stmt"/>
        <line num="394" count="126" type="stmt"/>
        <line num="396" count="126" type="cond" truecount="1" falsecount="1"/>
        <line num="397" count="126" type="stmt"/>
        <line num="398" count="132" type="stmt"/>
        <line num="399" count="6" type="stmt"/>
        <line num="402" count="6" type="stmt"/>
        <line num="405" count="262" type="stmt"/>
        <line num="406" count="86" type="stmt"/>
        <line num="407" count="86" type="stmt"/>
        <line num="409" count="215" type="stmt"/>
        <line num="410" count="221" type="stmt"/>
        <line num="412" count="217" type="stmt"/>
        <line num="413" count="215" type="stmt"/>
        <line num="414" count="215" type="stmt"/>
        <line num="420" count="172" type="stmt"/>
        <line num="421" count="316" type="cond" truecount="2" falsecount="0"/>
        <line num="426" count="86" type="stmt"/>
        <line num="428" count="86" type="stmt"/>
        <line num="440" count="29254" type="stmt"/>
        <line num="443" count="96" type="stmt"/>
        <line num="455" count="325" type="stmt"/>
        <line num="458" count="0" type="stmt"/>
        <line num="476" count="1034" type="stmt"/>
        <line num="481" count="0" type="stmt"/>
        <line num="485" count="0" type="stmt"/>
        <line num="499" count="1067" type="stmt"/>
        <line num="504" count="0" type="stmt"/>
        <line num="508" count="0" type="stmt"/>
        <line num="522" count="2280" type="cond" truecount="2" falsecount="0"/>
        <line num="524" count="570" type="cond" truecount="2" falsecount="0"/>
        <line num="525" count="570" type="stmt"/>
        <line num="528" count="0" type="stmt"/>
        <line num="529" count="0" type="cond" truecount="2" falsecount="0"/>
        <line num="530" count="0" type="stmt"/>
        <line num="532" count="0" type="stmt"/>
        <line num="549" count="0" type="cond" truecount="0" falsecount="2"/>
        <line num="551" count="0" type="cond" truecount="0" falsecount="2"/>
        <line num="552" count="0" type="stmt"/>
        <line num="554" count="0" type="stmt"/>
        <line num="572" count="7" type="stmt"/>
        <line num="595" count="0" type="cond" truecount="0" falsecount="2"/>
        <line num="597" count="0" type="cond" truecount="0" falsecount="2"/>
        <line num="598" count="0" type="stmt"/>
        <line num="599" count="0" type="stmt"/>
        <line num="617" count="0" type="stmt"/>
        <line num="635" count="524" type="stmt"/>
        <line num="638" count="0" type="stmt"/>
        <line num="642" count="11150" type="stmt"/>
        <line num="645" count="0" type="stmt"/>
        <line num="648" count="500" type="stmt"/>
      </file>
      <file name="index.ts" path="/Users/tim/src/grexie/grexie-pages/packages/builder/src/index.ts">
        <metrics statements="3" coveredstatements="3" conditionals="9" coveredconditionals="6" methods="3" coveredmethods="3"/>
        <line num="1" count="36" type="cond" truecount="2" falsecount="1"/>
        <line num="2" count="70" type="cond" truecount="2" falsecount="1"/>
        <line num="3" count="36" type="cond" truecount="2" falsecount="1"/>
      </file>
    </package>
    <package name="builder.src.utils">
      <metrics statements="50" coveredstatements="43" conditionals="45" coveredconditionals="23" methods="23" coveredmethods="15"/>
      <file name="mutex.ts" path="/Users/tim/src/grexie/grexie-pages/packages/builder/src/utils/mutex.ts">
        <metrics statements="38" coveredstatements="33" conditionals="45" coveredconditionals="23" methods="18" coveredmethods="11"/>
        <line num="1" count="18" type="stmt"/>
        <line num="6" count="16248" type="stmt"/>
        <line num="7" count="8127" type="stmt"/>
        <line num="11" count="8127" type="stmt"/>
        <line num="19" count="4068" type="stmt"/>
        <line num="22" count="69003" type="cond" truecount="6" falsecount="5"/>
        <line num="23" count="4068" type="stmt"/>
        <line num="29" count="4068" type="stmt"/>
        <line num="30" count="4066" type="stmt"/>
        <line num="31" count="4066" type="stmt"/>
        <line num="32" count="4068" type="cond" truecount="2" falsecount="0"/>
        <line num="33" count="3084" type="stmt"/>
        <line num="46" count="4" type="stmt"/>
        <line num="47" count="4" type="cond" truecount="0" falsecount="2"/>
        <line num="48" count="2" type="stmt"/>
        <line num="51" count="2" type="cond" truecount="0" falsecount="2"/>
        <line num="54" count="2" type="stmt"/>
        <line num="55" count="0" type="cond" truecount="0" falsecount="2"/>
        <line num="58" count="0" type="stmt"/>
        <line num="59" count="0" type="stmt"/>
        <line num="62" count="0" type="stmt"/>
        <line num="63" count="0" type="stmt"/>
        <line num="66" count="9" type="cond" truecount="5" falsecount="4"/>
        <line num="67" count="9" type="stmt"/>
        <line num="72" count="85239" type="cond" truecount="6" falsecount="5"/>
        <line num="73" count="4061" type="stmt"/>
        <line num="74" count="4066" type="cond" truecount="0" falsecount="1"/>
        <line num="75" count="7" type="stmt"/>
        <line num="82" count="4065" type="stmt"/>
        <line num="84" count="4065" type="stmt"/>
        <line num="85" count="1817" type="stmt"/>
        <line num="86" count="1818" type="stmt"/>
        <line num="87" count="1816" type="stmt"/>
        <line num="90" count="4063" type="stmt"/>
        <line num="91" count="4063" type="stmt"/>
        <line num="92" count="1818" type="cond" truecount="1" falsecount="0"/>
        <line num="93" count="1545" type="stmt"/>
        <line num="98" count="4066" type="stmt"/>
      </file>
      <file name="resolvable.ts" path="/Users/tim/src/grexie/grexie-pages/packages/builder/src/utils/resolvable.ts">
        <metrics statements="12" coveredstatements="10" conditionals="0" coveredconditionals="0" methods="5" coveredmethods="4"/>
        <line num="11" count="3" type="stmt"/>
        <line num="12" count="8138" type="stmt"/>
        <line num="13" count="8138" type="stmt"/>
        <line num="14" count="8138" type="stmt"/>
        <line num="16" count="8138" type="stmt"/>
        <line num="18" count="8138" type="stmt"/>
        <line num="21" count="8132" type="stmt"/>
        <line num="22" count="8132" type="stmt"/>
        <line num="25" count="0" type="stmt"/>
        <line num="26" count="0" type="stmt"/>
        <line num="30" count="8138" type="stmt"/>
        <line num="31" count="8138" type="stmt"/>
      </file>
    </package>
    <package name="pages.src">
      <metrics statements="0" coveredstatements="0" conditionals="0" coveredconditionals="0" methods="0" coveredmethods="0"/>
      <file name="index.ts" path="/Users/tim/src/grexie/grexie-pages/packages/pages/src/index.ts">
        <metrics statements="0" coveredstatements="0" conditionals="0" coveredconditionals="0" methods="0" coveredmethods="0"/>
      </file>
    </package>
    <package name="pages.src.api">
      <metrics statements="153" coveredstatements="93" conditionals="71" coveredconditionals="37" methods="43" coveredmethods="31"/>
      <file name="Context.ts" path="/Users/tim/src/grexie/grexie-pages/packages/pages/src/api/Context.ts">
        <metrics statements="3" coveredstatements="3" conditionals="4" coveredconditionals="3" methods="1" coveredmethods="1"/>
        <line num="12" count="20" type="cond" truecount="2" falsecount="0"/>
        <line num="13" count="20" type="stmt"/>
        <line num="14" count="20" type="stmt"/>
      </file>
      <file name="Document.ts" path="/Users/tim/src/grexie/grexie-pages/packages/pages/src/api/Document.ts">
        <metrics statements="5" coveredstatements="5" conditionals="1" coveredconditionals="1" methods="1" coveredmethods="1"/>
        <line num="18" count="47" type="stmt"/>
        <line num="25" count="47" type="stmt"/>
        <line num="26" count="47" type="stmt"/>
        <line num="27" count="47" type="stmt"/>
        <line num="29" count="47" type="stmt"/>
      </file>
      <file name="Handler.ts" path="/Users/tim/src/grexie/grexie-pages/packages/pages/src/api/Handler.ts">
        <metrics statements="7" coveredstatements="6" conditionals="4" coveredconditionals="2" methods="1" coveredmethods="1"/>
        <line num="16" count="2" type="stmt"/>
        <line num="22" count="51" type="cond" truecount="1" falsecount="1"/>
        <line num="23" count="51" type="stmt"/>
        <line num="28" count="51" type="stmt"/>
        <line num="29" count="51" type="stmt"/>
        <line num="30" count="51" type="cond" truecount="1" falsecount="1"/>
        <line num="31" count="0" type="stmt"/>
      </file>
      <file name="Provider.ts" path="/Users/tim/src/grexie/grexie-pages/packages/pages/src/api/Provider.ts">
        <metrics statements="67" coveredstatements="44" conditionals="39" coveredconditionals="19" methods="18" coveredmethods="13"/>
        <line num="9" count="2" type="stmt"/>
        <line num="14" count="20" type="stmt"/>
        <line num="19" count="20" type="stmt"/>
        <line num="21" count="20" type="stmt"/>
        <line num="22" count="20" type="stmt"/>
        <line num="23" count="20" type="stmt"/>
        <line num="30" count="73" type="stmt"/>
        <line num="32" count="73" type="stmt"/>
        <line num="39" count="79" type="cond" truecount="2" falsecount="0"/>
        <line num="40" count="62" type="stmt"/>
        <line num="42" count="17" type="stmt"/>
        <line num="44" count="17" type="stmt"/>
        <line num="71" count="17" type="stmt"/>
        <line num="73" count="73" type="stmt"/>
        <line num="80" count="17" type="stmt"/>
        <line num="82" count="73" type="cond" truecount="2" falsecount="0"/>
        <line num="84" count="59" type="stmt"/>
        <line num="92" count="17" type="stmt"/>
        <line num="94" count="73" type="cond" truecount="2" falsecount="0"/>
        <line num="96" count="14" type="stmt"/>
        <line num="106" count="31" type="stmt"/>
        <line num="108" count="31" type="stmt"/>
        <line num="109" count="31" type="stmt"/>
        <line num="111" count="31" type="cond" truecount="1" falsecount="1"/>
        <line num="112" count="0" type="cond" truecount="0" falsecount="2"/>
        <line num="113" count="0" type="stmt"/>
        <line num="115" count="0" type="cond" truecount="0" falsecount="2"/>
        <line num="116" count="0" type="stmt"/>
        <line num="118" count="0" type="stmt"/>
        <line num="120" count="31" type="cond" truecount="1" falsecount="1"/>
        <line num="121" count="0" type="cond" truecount="0" falsecount="2"/>
        <line num="122" count="0" type="stmt"/>
        <line num="125" count="0" type="cond" truecount="0" falsecount="2"/>
        <line num="126" count="0" type="stmt"/>
        <line num="127" count="0" type="cond" truecount="0" falsecount="2"/>
        <line num="129" count="0" type="stmt"/>
        <line num="130" count="0" type="stmt"/>
        <line num="133" count="0" type="stmt"/>
        <line num="137" count="31" type="stmt"/>
        <line num="141" count="48" type="stmt"/>
        <line num="143" count="48" type="stmt"/>
        <line num="144" count="48" type="stmt"/>
        <line num="146" count="48" type="cond" truecount="1" falsecount="1"/>
        <line num="147" count="0" type="cond" truecount="0" falsecount="2"/>
        <line num="148" count="0" type="stmt"/>
        <line num="151" count="0" type="stmt"/>
        <line num="153" count="48" type="cond" truecount="2" falsecount="0"/>
        <line num="154" count="47" type="cond" truecount="2" falsecount="0"/>
        <line num="155" count="45" type="stmt"/>
        <line num="157" count="47" type="cond" truecount="2" falsecount="0"/>
        <line num="158" count="2" type="stmt"/>
        <line num="161" count="47" type="stmt"/>
        <line num="162" count="45" type="stmt"/>
        <line num="163" count="45" type="stmt"/>
        <line num="164" count="45" type="stmt"/>
        <line num="166" count="45" type="cond" truecount="1" falsecount="1"/>
        <line num="167" count="0" type="stmt"/>
        <line num="170" count="45" type="stmt"/>
        <line num="171" count="0" type="cond" truecount="0" falsecount="2"/>
        <line num="172" count="0" type="stmt"/>
        <line num="176" count="45" type="stmt"/>
        <line num="178" count="45" type="cond" truecount="2" falsecount="0"/>
        <line num="182" count="48" type="stmt"/>
        <line num="186" count="0" type="stmt"/>
        <line num="188" count="0" type="stmt"/>
        <line num="189" count="0" type="stmt"/>
        <line num="190" count="0" type="stmt"/>
      </file>
      <file name="Registry.ts" path="/Users/tim/src/grexie/grexie-pages/packages/pages/src/api/Registry.ts">
        <metrics statements="45" coveredstatements="18" conditionals="13" coveredconditionals="4" methods="11" coveredmethods="8"/>
        <line num="36" count="20" type="stmt"/>
        <line num="39" count="20" type="cond" truecount="1" falsecount="1"/>
        <line num="40" count="20" type="stmt"/>
        <line num="42" count="0" type="stmt"/>
        <line num="47" count="0" type="stmt"/>
        <line num="48" count="0" type="cond" truecount="0" falsecount="2"/>
        <line num="49" count="0" type="stmt"/>
        <line num="51" count="0" type="stmt"/>
        <line num="54" count="20" type="stmt"/>
        <line num="55" count="20" type="stmt"/>
        <line num="56" count="20" type="stmt"/>
        <line num="57" count="20" type="stmt"/>
        <line num="58" count="20" type="stmt"/>
        <line num="63" count="20" type="stmt"/>
        <line num="64" count="20" type="stmt"/>
        <line num="71" count="20" type="stmt"/>
        <line num="72" count="20" type="stmt"/>
        <line num="79" count="31" type="stmt"/>
        <line num="83" count="31" type="stmt"/>
        <line num="85" count="31" type="stmt"/>
        <line num="91" count="48" type="stmt"/>
        <line num="98" count="48" type="stmt"/>
        <line num="101" count="48" type="stmt"/>
        <line num="108" count="0" type="stmt"/>
        <line num="109" count="0" type="stmt"/>
        <line num="113" count="0" type="stmt"/>
        <line num="114" count="0" type="stmt"/>
        <line num="115" count="0" type="stmt"/>
        <line num="116" count="0" type="stmt"/>
        <line num="117" count="0" type="stmt"/>
        <line num="118" count="0" type="stmt"/>
        <line num="119" count="0" type="stmt"/>
        <line num="120" count="0" type="stmt"/>
        <line num="121" count="0" type="stmt"/>
        <line num="123" count="0" type="cond" truecount="0" falsecount="2"/>
        <line num="124" count="0" type="stmt"/>
        <line num="125" count="0" type="stmt"/>
        <line num="127" count="0" type="cond" truecount="0" falsecount="2"/>
        <line num="128" count="0" type="stmt"/>
        <line num="130" count="0" type="cond" truecount="0" falsecount="2"/>
        <line num="131" count="0" type="stmt"/>
        <line num="133" count="0" type="stmt"/>
        <line num="134" count="0" type="stmt"/>
        <line num="135" count="0" type="stmt"/>
        <line num="137" count="0" type="stmt"/>
      </file>
      <file name="Resource.ts" path="/Users/tim/src/grexie/grexie-pages/packages/pages/src/api/Resource.ts">
        <metrics statements="12" coveredstatements="4" conditionals="0" coveredconditionals="0" methods="6" coveredmethods="2"/>
        <line num="18" count="47" type="stmt"/>
        <line num="19" count="47" type="stmt"/>
        <line num="20" count="47" type="stmt"/>
        <line num="24" count="47" type="stmt"/>
        <line num="32" count="0" type="stmt"/>
        <line num="43" count="0" type="stmt"/>
        <line num="44" count="0" type="stmt"/>
        <line num="64" count="0" type="stmt"/>
        <line num="65" count="0" type="stmt"/>
        <line num="66" count="0" type="stmt"/>
        <line num="70" count="0" type="stmt"/>
        <line num="78" count="0" type="stmt"/>
      </file>
      <file name="Source.ts" path="/Users/tim/src/grexie/grexie-pages/packages/pages/src/api/Source.ts">
        <metrics statements="14" coveredstatements="13" conditionals="10" coveredconditionals="8" methods="5" coveredmethods="5"/>
        <line num="16" count="140" type="stmt"/>
        <line num="17" count="140" type="stmt"/>
        <line num="18" count="140" type="stmt"/>
        <line num="22" count="515" type="stmt"/>
        <line num="23" count="515" type="stmt"/>
        <line num="30" count="369" type="cond" truecount="2" falsecount="0"/>
        <line num="31" count="263" type="stmt"/>
        <line num="34" count="106" type="stmt"/>
        <line num="35" count="106" type="stmt"/>
        <line num="36" count="106" type="cond" truecount="2" falsecount="2"/>
        <line num="37" count="0" type="stmt"/>
        <line num="39" count="106" type="stmt"/>
        <line num="43" count="53" type="stmt"/>
        <line num="47" count="92" type="stmt"/>
      </file>
      <file name="index.ts" path="/Users/tim/src/grexie/grexie-pages/packages/pages/src/api/index.ts">
        <metrics statements="0" coveredstatements="0" conditionals="0" coveredconditionals="0" methods="0" coveredmethods="0"/>
      </file>
    </package>
    <package name="pages.src.builder">
      <metrics statements="554" coveredstatements="483" conditionals="215" coveredconditionals="152" methods="135" coveredmethods="122"/>
      <file name="BuildContext.ts" path="/Users/tim/src/grexie/grexie-pages/packages/pages/src/builder/BuildContext.ts">
        <metrics statements="27" coveredstatements="27" conditionals="12" coveredconditionals="12" methods="7" coveredmethods="7"/>
        <line num="21" count="20" type="stmt"/>
        <line num="47" count="20" type="stmt"/>
        <line num="59" count="20" type="stmt"/>
        <line num="60" count="20" type="stmt"/>
        <line num="62" count="20" type="stmt"/>
        <line num="63" count="20" type="stmt"/>
        <line num="64" count="20" type="stmt"/>
        <line num="65" count="20" type="stmt"/>
        <line num="66" count="20" type="stmt"/>
        <line num="67" count="20" type="stmt"/>
        <line num="68" count="160" type="stmt"/>
        <line num="69" count="160" type="cond" truecount="2" falsecount="0"/>
        <line num="70" count="20" type="stmt"/>
        <line num="72" count="140" type="stmt"/>
        <line num="74" count="20" type="stmt"/>
        <line num="78" count="20" type="stmt"/>
        <line num="80" count="20" type="stmt"/>
        <line num="81" count="20" type="stmt"/>
        <line num="82" count="20" type="stmt"/>
        <line num="83" count="20" type="stmt"/>
        <line num="105" count="20" type="stmt"/>
        <line num="106" count="20" type="stmt"/>
        <line num="114" count="20" type="stmt"/>
        <line num="118" count="8" type="stmt"/>
        <line num="122" count="20" type="stmt"/>
        <line num="126" count="166" type="stmt"/>
        <line num="130" count="615" type="stmt"/>
      </file>
      <file name="Builder.ts" path="/Users/tim/src/grexie/grexie-pages/packages/pages/src/builder/Builder.ts">
        <metrics statements="48" coveredstatements="28" conditionals="15" coveredconditionals="6" methods="14" coveredmethods="9"/>
        <line num="28" count="643" type="stmt"/>
        <line num="37" count="20" type="stmt"/>
        <line num="38" count="20" type="stmt"/>
        <line num="39" count="20" type="stmt"/>
        <line num="40" count="20" type="stmt"/>
        <line num="41" count="20" type="stmt"/>
        <line num="45" count="20" type="cond" truecount="2" falsecount="2"/>
        <line num="46" count="0" type="stmt"/>
        <line num="52" count="20" type="stmt"/>
        <line num="53" count="20" type="stmt"/>
        <line num="58" count="20" type="stmt"/>
        <line num="66" count="20" type="stmt"/>
        <line num="67" count="0" type="stmt"/>
        <line num="70" count="20" type="stmt"/>
        <line num="79" count="20" type="stmt"/>
        <line num="84" count="20" type="stmt"/>
        <line num="91" count="120" type="stmt"/>
        <line num="94" count="120" type="stmt"/>
        <line num="96" count="120" type="cond" truecount="2" falsecount="0"/>
        <line num="97" count="5" type="stmt"/>
        <line num="100" count="120" type="stmt"/>
        <line num="112" count="0" type="cond" truecount="0" falsecount="2"/>
        <line num="113" count="0" type="stmt"/>
        <line num="114" count="0" type="stmt"/>
        <line num="115" count="0" type="stmt"/>
        <line num="118" count="0" type="cond" truecount="0" falsecount="2"/>
        <line num="119" count="0" type="stmt"/>
        <line num="122" count="0" type="stmt"/>
        <line num="124" count="0" type="stmt"/>
        <line num="125" count="0" type="stmt"/>
        <line num="126" count="0" type="stmt"/>
        <line num="128" count="0" type="cond" truecount="0" falsecount="2"/>
        <line num="129" count="0" type="stmt"/>
        <line num="132" count="0" type="stmt"/>
        <line num="133" count="0" type="stmt"/>
        <line num="135" count="0" type="stmt"/>
        <line num="136" count="0" type="stmt"/>
        <line num="141" count="55" type="stmt"/>
        <line num="142" count="55" type="stmt"/>
        <line num="143" count="55" type="stmt"/>
        <line num="151" count="176" type="stmt"/>
        <line num="161" count="16" type="stmt"/>
        <line num="165" count="55" type="stmt"/>
        <line num="166" count="55" type="stmt"/>
        <line num="293" count="14" type="stmt"/>
        <line num="294" count="14" type="stmt"/>
        <line num="298" count="0" type="stmt"/>
        <line num="299" count="0" type="stmt"/>
      </file>
      <file name="ConfigContext.ts" path="/Users/tim/src/grexie/grexie-pages/packages/pages/src/builder/ConfigContext.ts">
        <metrics statements="27" coveredstatements="26" conditionals="6" coveredconditionals="5" methods="7" coveredmethods="7"/>
        <line num="25" count="92" type="stmt"/>
        <line num="26" count="92" type="stmt"/>
        <line num="30" count="47" type="stmt"/>
        <line num="31" count="47" type="stmt"/>
        <line num="32" count="47" type="stmt"/>
        <line num="33" count="92" type="stmt"/>
        <line num="35" count="47" type="stmt"/>
        <line num="39" count="92" type="stmt"/>
        <line num="40" count="92" type="stmt"/>
        <line num="41" count="92" type="stmt"/>
        <line num="42" count="92" type="cond" truecount="2" falsecount="0"/>
        <line num="43" count="47" type="stmt"/>
        <line num="45" count="92" type="stmt"/>
        <line num="49" count="92" type="stmt"/>
        <line num="52" count="92" type="cond" truecount="2" falsecount="0"/>
        <line num="53" count="45" type="stmt"/>
        <line num="55" count="47" type="stmt"/>
        <line num="64" count="20" type="stmt"/>
        <line num="73" count="92" type="stmt"/>
        <line num="79" count="92" type="stmt"/>
        <line num="87" count="47" type="stmt"/>
        <line num="88" count="47" type="stmt"/>
        <line num="90" count="47" type="stmt"/>
        <line num="91" count="92" type="stmt"/>
        <line num="98" count="47" type="cond" truecount="1" falsecount="1"/>
        <line num="99" count="0" type="stmt"/>
        <line num="101" count="47" type="stmt"/>
      </file>
      <file name="MockBuilder.ts" path="/Users/tim/src/grexie/grexie-pages/packages/pages/src/builder/MockBuilder.ts">
        <metrics statements="79" coveredstatements="69" conditionals="31" coveredconditionals="22" methods="22" coveredmethods="21"/>
        <line num="14" count="38" type="stmt"/>
        <line num="16" count="38" type="stmt"/>
        <line num="17" count="38" type="stmt"/>
        <line num="25" count="38" type="stmt"/>
        <line num="26" count="38" type="stmt"/>
        <line num="27" count="38" type="stmt"/>
        <line num="28" count="38" type="stmt"/>
        <line num="32" count="9" type="stmt"/>
        <line num="33" count="9" type="stmt"/>
        <line num="37" count="9" type="stmt"/>
        <line num="38" count="9" type="stmt"/>
        <line num="42" count="9" type="stmt"/>
        <line num="43" count="9" type="stmt"/>
        <line num="47" count="27" type="stmt"/>
        <line num="48" count="27" type="stmt"/>
        <line num="52" count="38" type="stmt"/>
        <line num="56" count="47" type="stmt"/>
        <line num="57" count="47" type="cond" truecount="2" falsecount="0"/>
        <line num="58" count="38" type="stmt"/>
        <line num="61" count="9" type="stmt"/>
        <line num="63" count="38" type="stmt"/>
        <line num="67" count="36" type="cond" truecount="2" falsecount="0"/>
        <line num="68" count="9" type="stmt"/>
        <line num="69" count="27" type="cond" truecount="1" falsecount="1"/>
        <line num="70" count="27" type="stmt"/>
        <line num="72" count="0" type="stmt"/>
        <line num="91" count="38" type="stmt"/>
        <line num="92" count="38" type="stmt"/>
        <line num="103" count="20" type="stmt"/>
        <line num="108" count="20" type="cond" truecount="2" falsecount="0"/>
        <line num="109" count="20" type="stmt"/>
        <line num="111" count="20" type="cond" truecount="1" falsecount="1"/>
        <line num="112" count="0" type="stmt"/>
        <line num="116" count="0" type="stmt"/>
        <line num="117" count="0" type="stmt"/>
        <line num="118" count="0" type="stmt"/>
        <line num="121" count="20" type="stmt"/>
        <line num="127" count="20" type="stmt"/>
        <line num="128" count="20" type="cond" truecount="2" falsecount="0"/>
        <line num="129" count="12" type="stmt"/>
        <line num="131" count="20" type="stmt"/>
        <line num="132" count="20" type="stmt"/>
        <line num="133" count="20" type="stmt"/>
        <line num="137" count="8" type="stmt"/>
        <line num="141" count="48" type="stmt"/>
        <line num="145" count="48" type="stmt"/>
        <line num="152" count="3" type="stmt"/>
        <line num="153" count="18" type="stmt"/>
        <line num="158" count="18" type="cond" truecount="1" falsecount="1"/>
        <line num="159" count="0" type="stmt"/>
        <line num="162" count="18" type="stmt"/>
        <line num="164" count="18" type="cond" truecount="1" falsecount="1"/>
        <line num="165" count="0" type="stmt"/>
        <line num="167" count="18" type="stmt"/>
        <line num="173" count="22" type="stmt"/>
        <line num="174" count="22" type="stmt"/>
        <line num="181" count="7" type="stmt"/>
        <line num="185" count="38" type="stmt"/>
        <line num="189" count="9" type="stmt"/>
        <line num="193" count="9" type="stmt"/>
        <line num="194" count="9" type="stmt"/>
        <line num="196" count="9" type="stmt"/>
        <line num="197" count="39" type="stmt"/>
        <line num="198" count="39" type="stmt"/>
        <line num="199" count="60" type="stmt"/>
        <line num="203" count="60" type="stmt"/>
        <line num="204" count="60" type="cond" truecount="2" falsecount="0"/>
        <line num="205" count="30" type="stmt"/>
        <line num="207" count="30" type="stmt"/>
        <line num="208" count="30" type="stmt"/>
        <line num="212" count="41" type="stmt"/>
        <line num="213" count="9" type="stmt"/>
        <line num="217" count="14" type="stmt"/>
        <line num="218" count="14" type="stmt"/>
        <line num="220" count="14" type="cond" truecount="1" falsecount="1"/>
        <line num="221" count="0" type="stmt"/>
        <line num="223" count="14" type="stmt"/>
        <line num="227" count="0" type="stmt"/>
        <line num="228" count="0" type="stmt"/>
      </file>
      <file name="ModuleCompiler.ts" path="/Users/tim/src/grexie/grexie-pages/packages/pages/src/builder/ModuleCompiler.ts">
        <metrics statements="10" coveredstatements="10" conditionals="5" coveredconditionals="4" methods="4" coveredmethods="4"/>
        <line num="24" count="20" type="stmt"/>
        <line num="28" count="156" type="stmt"/>
        <line num="40" count="156" type="stmt"/>
        <line num="45" count="156" type="stmt"/>
        <line num="47" count="156" type="stmt"/>
        <line num="49" count="11488" type="cond" truecount="2" falsecount="0"/>
        <line num="54" count="473" type="stmt"/>
        <line num="56" count="473" type="cond" truecount="1" falsecount="1"/>
        <line num="57" count="473" type="stmt"/>
        <line num="63" count="156" type="stmt"/>
      </file>
      <file name="ModuleContext.ts" path="/Users/tim/src/grexie/grexie-pages/packages/pages/src/builder/ModuleContext.ts">
        <metrics statements="330" coveredstatements="301" conditionals="144" coveredconditionals="103" methods="66" coveredmethods="65"/>
        <line num="21" count="2" type="stmt"/>
        <line num="31" count="2" type="stmt"/>
        <line num="32" count="147" type="stmt"/>
        <line num="34" count="2" type="stmt"/>
        <line num="35" count="1109" type="stmt"/>
        <line num="36" count="1109" type="stmt"/>
        <line num="42" count="2" type="stmt"/>
        <line num="46" count="144" type="stmt"/>
        <line num="47" count="144" type="stmt"/>
        <line num="48" count="144" type="stmt"/>
        <line num="49" count="144" type="stmt"/>
        <line num="50" count="144" type="stmt"/>
        <line num="51" count="144" type="stmt"/>
        <line num="88" count="147" type="stmt"/>
        <line num="89" count="147" type="stmt"/>
        <line num="90" count="147" type="stmt"/>
        <line num="92" count="147" type="stmt"/>
        <line num="94" count="147" type="stmt"/>
        <line num="96" count="2" type="stmt"/>
        <line num="97" count="147" type="stmt"/>
        <line num="109" count="147" type="stmt"/>
        <line num="110" count="147" type="stmt"/>
        <line num="111" count="147" type="stmt"/>
        <line num="112" count="147" type="stmt"/>
        <line num="113" count="147" type="stmt"/>
        <line num="114" count="147" type="stmt"/>
        <line num="115" count="147" type="stmt"/>
        <line num="116" count="501" type="stmt"/>
        <line num="117" count="501" type="stmt"/>
        <line num="118" count="501" type="stmt"/>
        <line num="120" count="147" type="stmt"/>
        <line num="122" count="147" type="stmt"/>
        <line num="126" count="217" type="stmt"/>
        <line num="130" count="187" type="cond" truecount="1" falsecount="1"/>
        <line num="131" count="0" type="stmt"/>
        <line num="134" count="187" type="cond" truecount="2" falsecount="0"/>
        <line num="135" count="74" type="stmt"/>
        <line num="137" count="113" type="stmt"/>
        <line num="139" count="113" type="stmt"/>
        <line num="140" count="113" type="stmt"/>
        <line num="141" count="123" type="cond" truecount="2" falsecount="0"/>
        <line num="142" count="35" type="stmt"/>
        <line num="145" count="78" type="stmt"/>
        <line num="146" count="76" type="cond" truecount="2" falsecount="0"/>
        <line num="147" count="6" type="stmt"/>
        <line num="150" count="72" type="stmt"/>
        <line num="153" count="113" type="cond" truecount="2" falsecount="0"/>
        <line num="157" count="43" type="stmt"/>
        <line num="160" count="70" type="stmt"/>
        <line num="161" count="70" type="stmt"/>
        <line num="163" count="70" type="stmt"/>
        <line num="164" count="70" type="stmt"/>
        <line num="166" count="70" type="stmt"/>
        <line num="173" count="121" type="stmt"/>
        <line num="174" count="121" type="cond" truecount="1" falsecount="1"/>
        <line num="175" count="121" type="stmt"/>
        <line num="176" count="121" type="stmt"/>
        <line num="183" count="147" type="stmt"/>
        <line num="184" count="147" type="stmt"/>
        <line num="186" count="147" type="stmt"/>
        <line num="187" count="107" type="stmt"/>
        <line num="191" count="107" type="stmt"/>
        <line num="192" count="170" type="stmt"/>
        <line num="194" count="107" type="stmt"/>
        <line num="198" count="147" type="stmt"/>
        <line num="199" count="66" type="stmt"/>
        <line num="204" count="243" type="stmt"/>
        <line num="205" count="243" type="stmt"/>
        <line num="206" count="243" type="stmt"/>
        <line num="210" count="142" type="stmt"/>
        <line num="214" count="66" type="stmt"/>
        <line num="218" count="187" type="stmt"/>
        <line num="222" count="248" type="cond" truecount="1" falsecount="1"/>
        <line num="223" count="0" type="stmt"/>
        <line num="226" count="248" type="stmt"/>
        <line num="230" count="56" type="stmt"/>
        <line num="238" count="131" type="cond" truecount="1" falsecount="1"/>
        <line num="239" count="131" type="stmt"/>
        <line num="241" count="131" type="stmt"/>
        <line num="242" count="131" type="stmt"/>
        <line num="244" count="131" type="stmt"/>
        <line num="251" count="0" type="stmt"/>
        <line num="252" count="0" type="stmt"/>
        <line num="260" count="66" type="stmt"/>
        <line num="262" count="66" type="stmt"/>
        <line num="263" count="66" type="stmt"/>
        <line num="265" count="66" type="stmt"/>
        <line num="267" count="0" type="stmt"/>
        <line num="271" count="66" type="stmt"/>
        <line num="272" count="66" type="stmt"/>
        <line num="273" count="66" type="stmt"/>
        <line num="274" count="66" type="stmt"/>
        <line num="275" count="66" type="stmt"/>
        <line num="290" count="116" type="stmt"/>
        <line num="291" count="116" type="stmt"/>
        <line num="293" count="116" type="stmt"/>
        <line num="303" count="116" type="stmt"/>
        <line num="310" count="897" type="stmt"/>
        <line num="311" count="897" type="stmt"/>
        <line num="312" count="897" type="cond" truecount="1" falsecount="1"/>
        <line num="313" count="0" type="stmt"/>
        <line num="314" count="0" type="stmt"/>
        <line num="317" count="897" type="cond" truecount="1" falsecount="1"/>
        <line num="318" count="0" type="stmt"/>
        <line num="321" count="897" type="stmt"/>
        <line num="334" count="155" type="stmt"/>
        <line num="336" count="472" type="stmt"/>
        <line num="340" count="472" type="stmt"/>
        <line num="342" count="155" type="cond" truecount="2" falsecount="0"/>
        <line num="343" count="131" type="stmt"/>
        <line num="345" count="358" type="stmt"/>
        <line num="347" count="218" type="stmt"/>
        <line num="349" count="218" type="cond" truecount="1" falsecount="1"/>
        <line num="350" count="0" type="stmt"/>
        <line num="353" count="218" type="stmt"/>
        <line num="355" count="218" type="cond" truecount="1" falsecount="1"/>
        <line num="356" count="0" type="stmt"/>
        <line num="359" count="218" type="stmt"/>
        <line num="366" count="218" type="stmt"/>
        <line num="367" count="541" type="cond" truecount="3" falsecount="0"/>
        <line num="370" count="218" type="stmt"/>
        <line num="378" count="155" type="stmt"/>
        <line num="382" count="331" type="cond" truecount="2" falsecount="0"/>
        <line num="383" count="84" type="stmt"/>
        <line num="386" count="247" type="stmt"/>
        <line num="387" count="247" type="stmt"/>
        <line num="389" count="247" type="stmt"/>
        <line num="390" count="247" type="stmt"/>
        <line num="392" count="247" type="stmt"/>
        <line num="402" count="247" type="cond" truecount="1" falsecount="1"/>
        <line num="403" count="0" type="stmt"/>
        <line num="404" count="0" type="stmt"/>
        <line num="407" count="247" type="stmt"/>
        <line num="412" count="247" type="stmt"/>
        <line num="413" count="247" type="stmt"/>
        <line num="415" count="247" type="stmt"/>
        <line num="416" count="247" type="stmt"/>
        <line num="417" count="247" type="cond" truecount="1" falsecount="1"/>
        <line num="418" count="0" type="stmt"/>
        <line num="419" count="0" type="stmt"/>
        <line num="422" count="247" type="stmt"/>
        <line num="426" count="247" type="cond" truecount="1" falsecount="1"/>
        <line num="427" count="0" type="stmt"/>
        <line num="430" count="247" type="stmt"/>
        <line num="432" count="247" type="cond" truecount="1" falsecount="1"/>
        <line num="433" count="0" type="stmt"/>
        <line num="436" count="247" type="stmt"/>
        <line num="438" count="0" type="stmt"/>
        <line num="440" count="247" type="stmt"/>
        <line num="443" count="247" type="stmt"/>
        <line num="447" count="788" type="stmt"/>
        <line num="448" count="788" type="stmt"/>
        <line num="450" count="788" type="stmt"/>
        <line num="458" count="423" type="stmt"/>
        <line num="460" count="423" type="stmt"/>
        <line num="461" count="423" type="stmt"/>
        <line num="463" count="423" type="cond" truecount="2" falsecount="0"/>
        <line num="464" count="268" type="stmt"/>
        <line num="466" count="268" type="cond" truecount="1" falsecount="1"/>
        <line num="467" count="268" type="stmt"/>
        <line num="468" count="268" type="stmt"/>
        <line num="472" count="268" type="stmt"/>
        <line num="475" count="268" type="stmt"/>
        <line num="479" count="155" type="stmt"/>
        <line num="491" count="365" type="stmt"/>
        <line num="493" count="365" type="stmt"/>
        <line num="494" count="365" type="stmt"/>
        <line num="499" count="365" type="cond" truecount="2" falsecount="0"/>
        <line num="500" count="210" type="stmt"/>
        <line num="507" count="155" type="stmt"/>
        <line num="511" count="155" type="stmt"/>
        <line num="513" count="155" type="stmt"/>
        <line num="519" count="155" type="stmt"/>
        <line num="528" count="155" type="stmt"/>
        <line num="544" count="20" type="stmt"/>
        <line num="552" count="20" type="stmt"/>
        <line num="553" count="20" type="stmt"/>
        <line num="556" count="20" type="stmt"/>
        <line num="559" count="20" type="stmt"/>
        <line num="569" count="472" type="cond" truecount="2" falsecount="0"/>
        <line num="570" count="140" type="stmt"/>
        <line num="571" count="332" type="cond" truecount="1" falsecount="1"/>
        <line num="572" count="0" type="stmt"/>
        <line num="574" count="332" type="stmt"/>
        <line num="577" count="472" type="stmt"/>
        <line num="584" count="166" type="cond" truecount="2" falsecount="0"/>
        <line num="585" count="62" type="stmt"/>
        <line num="586" count="62" type="stmt"/>
        <line num="589" count="62" type="cond" truecount="2" falsecount="0"/>
        <line num="591" count="62" type="stmt"/>
        <line num="594" count="166" type="stmt"/>
        <line num="602" count="472" type="stmt"/>
        <line num="603" count="472" type="stmt"/>
        <line num="604" count="472" type="stmt"/>
        <line num="607" count="472" type="stmt"/>
        <line num="608" count="472" type="stmt"/>
        <line num="610" count="0" type="stmt"/>
        <line num="612" count="472" type="stmt"/>
        <line num="613" count="472" type="cond" truecount="2" falsecount="0"/>
        <line num="614" count="424" type="stmt"/>
        <line num="617" count="472" type="cond" truecount="2" falsecount="0"/>
        <line num="623" count="47" type="stmt"/>
        <line num="626" count="425" type="cond" truecount="2" falsecount="0"/>
        <line num="627" count="166" type="stmt"/>
        <line num="630" count="259" type="stmt"/>
        <line num="631" count="259" type="cond" truecount="1" falsecount="1"/>
        <line num="632" count="0" type="stmt"/>
        <line num="633" count="259" type="cond" truecount="1" falsecount="1"/>
        <line num="634" count="0" type="stmt"/>
        <line num="637" count="259" type="stmt"/>
        <line num="639" count="518" type="stmt"/>
        <line num="640" count="518" type="stmt"/>
        <line num="641" count="518" type="stmt"/>
        <line num="642" count="259" type="stmt"/>
        <line num="644" count="259" type="stmt"/>
        <line num="645" count="259" type="cond" truecount="1" falsecount="1"/>
        <line num="646" count="0" type="stmt"/>
        <line num="650" count="259" type="stmt"/>
        <line num="655" count="259" type="cond" truecount="1" falsecount="1"/>
        <line num="661" count="259" type="cond" truecount="2" falsecount="0"/>
        <line num="662" count="518" type="cond" truecount="2" falsecount="0"/>
        <line num="664" count="93" type="stmt"/>
        <line num="668" count="166" type="cond" truecount="1" falsecount="1"/>
        <line num="669" count="166" type="stmt"/>
        <line num="674" count="166" type="cond" truecount="1" falsecount="1"/>
        <line num="675" count="0" type="stmt"/>
        <line num="679" count="166" type="stmt"/>
        <line num="693" count="20" type="stmt"/>
        <line num="694" count="20" type="stmt"/>
        <line num="695" count="20" type="stmt"/>
        <line num="696" count="20" type="stmt"/>
        <line num="698" count="20" type="stmt"/>
        <line num="701" count="20" type="stmt"/>
        <line num="702" count="20" type="stmt"/>
        <line num="703" count="20" type="stmt"/>
        <line num="704" count="20" type="stmt"/>
        <line num="708" count="526" type="stmt"/>
        <line num="712" count="140" type="cond" truecount="1" falsecount="1"/>
        <line num="713" count="0" type="stmt"/>
        <line num="714" count="0" type="stmt"/>
        <line num="717" count="140" type="stmt"/>
        <line num="719" count="140" type="stmt"/>
        <line num="720" count="140" type="stmt"/>
        <line num="721" count="140" type="stmt"/>
        <line num="722" count="90" type="stmt"/>
        <line num="728" count="50" type="stmt"/>
        <line num="734" count="183" type="cond" truecount="2" falsecount="0"/>
        <line num="735" count="72" type="cond" truecount="1" falsecount="1"/>
        <line num="736" count="0" type="stmt"/>
        <line num="738" count="72" type="stmt"/>
        <line num="739" count="72" type="stmt"/>
        <line num="740" count="72" type="cond" truecount="1" falsecount="1"/>
        <line num="741" count="0" type="stmt"/>
        <line num="743" count="72" type="stmt"/>
        <line num="747" count="183" type="stmt"/>
        <line num="751" count="116" type="stmt"/>
        <line num="759" count="131" type="stmt"/>
        <line num="760" count="131" type="cond" truecount="3" falsecount="1"/>
        <line num="761" count="0" type="stmt"/>
        <line num="763" count="131" type="cond" truecount="2" falsecount="0"/>
        <line num="764" count="65" type="stmt"/>
        <line num="766" count="131" type="stmt"/>
        <line num="775" count="166" type="stmt"/>
        <line num="777" count="166" type="cond" truecount="2" falsecount="0"/>
        <line num="778" count="58" type="stmt"/>
        <line num="779" count="58" type="stmt"/>
        <line num="780" count="58" type="cond" truecount="3" falsecount="1"/>
        <line num="781" count="58" type="stmt"/>
        <line num="782" count="58" type="stmt"/>
        <line num="783" count="58" type="stmt"/>
        <line num="787" count="108" type="stmt"/>
        <line num="789" count="108" type="stmt"/>
        <line num="790" count="108" type="stmt"/>
        <line num="791" count="108" type="stmt"/>
        <line num="795" count="144" type="stmt"/>
        <line num="796" count="144" type="stmt"/>
        <line num="797" count="144" type="stmt"/>
        <line num="802" count="454" type="cond" truecount="1" falsecount="1"/>
        <line num="804" count="454" type="cond" truecount="4" falsecount="0"/>
        <line num="805" count="303" type="stmt"/>
        <line num="806" count="303" type="stmt"/>
        <line num="809" count="151" type="stmt"/>
        <line num="810" count="151" type="stmt"/>
        <line num="811" count="151" type="stmt"/>
        <line num="812" count="151" type="stmt"/>
        <line num="815" count="144" type="stmt"/>
        <line num="826" count="179" type="stmt"/>
        <line num="827" count="179" type="cond" truecount="2" falsecount="0"/>
        <line num="828" count="32" type="stmt"/>
        <line num="831" count="147" type="stmt"/>
        <line num="833" count="147" type="stmt"/>
        <line num="835" count="147" type="stmt"/>
        <line num="842" count="147" type="stmt"/>
        <line num="843" count="840" type="cond" truecount="1" falsecount="1"/>
        <line num="844" count="0" type="stmt"/>
        <line num="846" count="840" type="cond" truecount="2" falsecount="0"/>
        <line num="847" count="389" type="stmt"/>
        <line num="849" count="451" type="stmt"/>
        <line num="851" count="451" type="stmt"/>
        <line num="853" count="451" type="cond" truecount="2" falsecount="0"/>
        <line num="854" count="180" type="stmt"/>
        <line num="856" count="180" type="stmt"/>
        <line num="857" count="444" type="stmt"/>
        <line num="860" count="180" type="stmt"/>
        <line num="862" count="444" type="cond" truecount="2" falsecount="2"/>
        <line num="866" count="271" type="cond" truecount="2" falsecount="0"/>
        <line num="867" count="266" type="stmt"/>
        <line num="870" count="5" type="stmt"/>
        <line num="871" count="5" type="stmt"/>
        <line num="872" count="5" type="stmt"/>
        <line num="875" count="147" type="stmt"/>
        <line num="877" count="147" type="stmt"/>
        <line num="883" count="147" type="stmt"/>
        <line num="884" count="501" type="cond" truecount="2" falsecount="0"/>
        <line num="885" count="357" type="stmt"/>
        <line num="888" count="144" type="stmt"/>
        <line num="889" count="144" type="stmt"/>
        <line num="890" count="144" type="stmt"/>
        <line num="891" count="144" type="stmt"/>
        <line num="893" count="144" type="stmt"/>
        <line num="901" count="144" type="stmt"/>
        <line num="904" count="147" type="stmt"/>
        <line num="905" count="147" type="stmt"/>
        <line num="916" count="147" type="stmt"/>
        <line num="917" count="147" type="stmt"/>
        <line num="919" count="147" type="stmt"/>
        <line num="921" count="396" type="stmt"/>
        <line num="922" count="840" type="stmt"/>
        <line num="924" count="147" type="stmt"/>
        <line num="925" count="147" type="stmt"/>
      </file>
      <file name="Renderer.ts" path="/Users/tim/src/grexie/grexie-pages/packages/pages/src/builder/Renderer.ts">
        <metrics statements="11" coveredstatements="9" conditionals="0" coveredconditionals="0" methods="6" coveredmethods="4"/>
        <line num="25" count="20" type="stmt"/>
        <line num="34" count="47" type="stmt"/>
        <line num="36" count="47" type="stmt"/>
        <line num="46" count="47" type="stmt"/>
        <line num="47" count="47" type="stmt"/>
        <line num="48" count="47" type="stmt"/>
        <line num="49" count="0" type="stmt"/>
        <line num="50" count="0" type="stmt"/>
        <line num="51" count="47" type="stmt"/>
        <line num="54" count="47" type="stmt"/>
        <line num="56" count="47" type="stmt"/>
      </file>
      <file name="SourceContext.ts" path="/Users/tim/src/grexie/grexie-pages/packages/pages/src/builder/SourceContext.ts">
        <metrics statements="22" coveredstatements="13" conditionals="2" coveredconditionals="0" methods="9" coveredmethods="5"/>
        <line num="36" count="47" type="stmt"/>
        <line num="47" count="47" type="stmt"/>
        <line num="48" count="47" type="stmt"/>
        <line num="49" count="47" type="stmt"/>
        <line num="50" count="47" type="stmt"/>
        <line num="51" count="47" type="stmt"/>
        <line num="52" count="47" type="stmt"/>
        <line num="53" count="47" type="stmt"/>
        <line num="57" count="141" type="stmt"/>
        <line num="61" count="47" type="stmt"/>
        <line num="68" count="0" type="stmt"/>
        <line num="76" count="0" type="stmt"/>
        <line num="80" count="0" type="cond" truecount="0" falsecount="2"/>
        <line num="81" count="0" type="stmt"/>
        <line num="84" count="0" type="stmt"/>
        <line num="92" count="0" type="stmt"/>
        <line num="93" count="0" type="stmt"/>
        <line num="98" count="0" type="stmt"/>
        <line num="100" count="0" type="stmt"/>
        <line num="109" count="47" type="stmt"/>
        <line num="110" count="47" type="stmt"/>
        <line num="116" count="47" type="stmt"/>
      </file>
    </package>
    <package name="pages.src.components">
      <metrics statements="68" coveredstatements="57" conditionals="33" coveredconditionals="19" methods="17" coveredmethods="17"/>
      <file name="Document.tsx" path="/Users/tim/src/grexie/grexie-pages/packages/pages/src/components/Document.tsx">
        <metrics statements="3" coveredstatements="3" conditionals="0" coveredconditionals="0" methods="1" coveredmethods="1"/>
        <line num="5" count="2" type="stmt"/>
        <line num="6" count="47" type="stmt"/>
        <line num="16" count="2" type="stmt"/>
      </file>
      <file name="Head.tsx" path="/Users/tim/src/grexie/grexie-pages/packages/pages/src/components/Head.tsx">
        <metrics statements="44" coveredstatements="34" conditionals="25" coveredconditionals="12" methods="11" coveredmethods="11"/>
        <line num="16" count="2" type="stmt"/>
        <line num="18" count="2" type="stmt"/>
        <line num="19" count="47" type="stmt"/>
        <line num="22" count="83" type="stmt"/>
        <line num="24" count="2" type="stmt"/>
        <line num="25" count="36" type="stmt"/>
        <line num="27" count="36" type="stmt"/>
        <line num="28" count="61" type="cond" truecount="1" falsecount="1"/>
        <line num="29" count="0" type="stmt"/>
        <line num="30" count="61" type="cond" truecount="2" falsecount="2"/>
        <line num="31" count="61" type="stmt"/>
        <line num="32" count="61" type="stmt"/>
        <line num="33" count="0" type="cond" truecount="0" falsecount="2"/>
        <line num="34" count="0" type="stmt"/>
        <line num="35" count="0" type="stmt"/>
        <line num="36" count="0" type="cond" truecount="0" falsecount="4"/>
        <line num="37" count="0" type="cond" truecount="0" falsecount="2"/>
        <line num="38" count="0" type="stmt"/>
        <line num="39" count="0" type="stmt"/>
        <line num="43" count="0" type="stmt"/>
        <line num="46" count="36" type="stmt"/>
        <line num="49" count="2" type="stmt"/>
        <line num="50" count="83" type="stmt"/>
        <line num="51" count="36" type="cond" truecount="1" falsecount="1"/>
        <line num="52" count="0" type="stmt"/>
        <line num="53" count="36" type="cond" truecount="3" falsecount="1"/>
        <line num="54" count="36" type="stmt"/>
        <line num="59" count="2" type="stmt"/>
        <line num="60" count="36" type="cond" truecount="1" falsecount="0"/>
        <line num="62" count="36" type="stmt"/>
        <line num="63" count="36" type="stmt"/>
        <line num="68" count="2" type="stmt"/>
        <line num="69" count="83" type="stmt"/>
        <line num="70" count="83" type="stmt"/>
        <line num="71" count="83" type="stmt"/>
        <line num="72" count="83" type="stmt"/>
        <line num="73" count="83" type="stmt"/>
        <line num="76" count="83" type="stmt"/>
        <line num="78" count="83" type="stmt"/>
        <line num="79" count="83" type="cond" truecount="2" falsecount="0"/>
        <line num="80" count="36" type="stmt"/>
        <line num="83" count="47" type="stmt"/>
        <line num="84" count="47" type="stmt"/>
        <line num="93" count="83" type="stmt"/>
      </file>
      <file name="Once.tsx" path="/Users/tim/src/grexie/grexie-pages/packages/pages/src/components/Once.tsx">
        <metrics statements="21" coveredstatements="20" conditionals="8" coveredconditionals="7" methods="5" coveredmethods="5"/>
        <line num="14" count="1" type="stmt"/>
        <line num="18" count="1" type="stmt"/>
        <line num="25" count="1" type="stmt"/>
        <line num="30" count="49" type="stmt"/>
        <line num="32" count="49" type="stmt"/>
        <line num="34" count="49" type="stmt"/>
        <line num="35" count="49" type="stmt"/>
        <line num="36" count="49" type="stmt"/>
        <line num="37" count="49" type="cond" truecount="2" falsecount="0"/>
        <line num="38" count="49" type="stmt"/>
        <line num="41" count="49" type="cond" truecount="4" falsecount="0"/>
        <line num="42" count="13" type="cond" truecount="1" falsecount="1"/>
        <line num="43" count="13" type="stmt"/>
        <line num="44" count="13" type="stmt"/>
        <line num="51" count="0" type="stmt"/>
        <line num="54" count="36" type="stmt"/>
        <line num="60" count="1" type="stmt"/>
        <line num="63" count="24" type="stmt"/>
        <line num="64" count="49" type="stmt"/>
        <line num="65" count="49" type="stmt"/>
        <line num="66" count="13" type="stmt"/>
      </file>
      <file name="index.ts" path="/Users/tim/src/grexie/grexie-pages/packages/pages/src/components/index.ts">
        <metrics statements="0" coveredstatements="0" conditionals="0" coveredconditionals="0" methods="0" coveredmethods="0"/>
      </file>
    </package>
    <package name="pages.src.hooks">
      <metrics statements="176" coveredstatements="91" conditionals="47" coveredconditionals="16" methods="66" coveredmethods="37"/>
      <file name="index.ts" path="/Users/tim/src/grexie/grexie-pages/packages/pages/src/hooks/index.ts">
        <metrics statements="0" coveredstatements="0" conditionals="0" coveredconditionals="0" methods="0" coveredmethods="0"/>
      </file>
      <file name="useComponents.tsx" path="/Users/tim/src/grexie/grexie-pages/packages/pages/src/hooks/useComponents.tsx">
        <metrics statements="13" coveredstatements="1" conditionals="5" coveredconditionals="0" methods="3" coveredmethods="0"/>
        <line num="8" count="2" type="stmt"/>
        <line num="9" count="0" type="stmt"/>
        <line num="11" count="0" type="stmt"/>
        <line num="12" count="0" type="stmt"/>
        <line num="13" count="0" type="stmt"/>
        <line num="18" count="0" type="stmt"/>
        <line num="19" count="0" type="cond" truecount="0" falsecount="2"/>
        <line num="20" count="0" type="stmt"/>
        <line num="21" count="0" type="stmt"/>
        <line num="26" count="0" type="cond" truecount="0" falsecount="2"/>
        <line num="27" count="0" type="stmt"/>
        <line num="34" count="0" type="stmt"/>
        <line num="35" count="0" type="stmt"/>
      </file>
      <file name="useContext.tsx" path="/Users/tim/src/grexie/grexie-pages/packages/pages/src/hooks/useContext.tsx">
        <metrics statements="3" coveredstatements="3" conditionals="0" coveredconditionals="0" methods="2" coveredmethods="2"/>
        <line num="13" count="2" type="stmt"/>
        <line num="15" count="2" type="stmt"/>
        <line num="16" count="47" type="stmt"/>
      </file>
      <file name="useDocument.tsx" path="/Users/tim/src/grexie/grexie-pages/packages/pages/src/hooks/useDocument.tsx">
        <metrics statements="10" coveredstatements="10" conditionals="2" coveredconditionals="2" methods="5" coveredmethods="5"/>
        <line num="9" count="2" type="stmt"/>
        <line num="11" count="2" type="stmt"/>
        <line num="12" count="47" type="stmt"/>
        <line num="13" count="47" type="stmt"/>
        <line num="17" count="2" type="stmt"/>
        <line num="18" count="168" type="stmt"/>
        <line num="20" count="168" type="stmt"/>
        <line num="21" count="168" type="cond" truecount="2" falsecount="0"/>
        <line num="22" count="83" type="stmt"/>
        <line num="26" count="168" type="stmt"/>
      </file>
      <file name="useErrorManager.tsx" path="/Users/tim/src/grexie/grexie-pages/packages/pages/src/hooks/useErrorManager.tsx">
        <metrics statements="53" coveredstatements="15" conditionals="20" coveredconditionals="2" methods="16" coveredmethods="5"/>
        <line num="5" count="2" type="stmt"/>
        <line num="7" count="2" type="stmt"/>
        <line num="8" count="49" type="stmt"/>
        <line num="9" count="49" type="stmt"/>
        <line num="18" count="2" type="stmt"/>
        <line num="19" count="2" type="stmt"/>
        <line num="20" count="47" type="cond" truecount="1" falsecount="1"/>
        <line num="21" count="0" type="stmt"/>
        <line num="24" count="47" type="stmt"/>
        <line num="26" count="47" type="stmt"/>
        <line num="30" count="2" type="stmt"/>
        <line num="33" count="0" type="stmt"/>
        <line num="36" count="2" type="stmt"/>
        <line num="39" count="0" type="stmt"/>
        <line num="40" count="0" type="stmt"/>
        <line num="42" count="0" type="stmt"/>
        <line num="43" count="0" type="stmt"/>
        <line num="45" count="0" type="cond" truecount="0" falsecount="2"/>
        <line num="46" count="0" type="stmt"/>
        <line num="49" count="0" type="stmt"/>
        <line num="50" count="0" type="stmt"/>
        <line num="54" count="2" type="stmt"/>
        <line num="57" count="0" type="cond" truecount="0" falsecount="2"/>
        <line num="58" count="0" type="stmt"/>
        <line num="62" count="0" type="cond" truecount="0" falsecount="2"/>
        <line num="63" count="0" type="stmt"/>
        <line num="65" count="0" type="stmt"/>
        <line num="69" count="0" type="stmt"/>
        <line num="70" count="0" type="stmt"/>
        <line num="73" count="2" type="stmt"/>
        <line num="76" count="0" type="stmt"/>
        <line num="79" count="0" type="stmt"/>
        <line num="82" count="0" type="cond" truecount="0" falsecount="2"/>
        <line num="86" count="0" type="stmt"/>
        <line num="87" count="0" type="stmt"/>
        <line num="89" count="0" type="cond" truecount="0" falsecount="2"/>
        <line num="90" count="0" type="cond" truecount="0" falsecount="2"/>
        <line num="91" count="0" type="stmt"/>
        <line num="93" count="0" type="stmt"/>
        <line num="97" count="0" type="stmt"/>
        <line num="99" count="0" type="stmt"/>
        <line num="105" count="47" type="stmt"/>
        <line num="112" count="0" type="stmt"/>
        <line num="116" count="47" type="cond" truecount="1" falsecount="1"/>
        <line num="117" count="0" type="stmt"/>
        <line num="122" count="0" type="cond" truecount="0" falsecount="2"/>
        <line num="123" count="0" type="stmt"/>
        <line num="124" count="0" type="stmt"/>
        <line num="125" count="0" type="cond" truecount="0" falsecount="2"/>
        <line num="126" count="0" type="stmt"/>
        <line num="133" count="0" type="stmt"/>
        <line num="135" count="0" type="stmt"/>
        <line num="136" count="0" type="stmt"/>
      </file>
      <file name="useLazy.tsx" path="/Users/tim/src/grexie/grexie-pages/packages/pages/src/hooks/useLazy.tsx">
        <metrics statements="48" coveredstatements="30" conditionals="10" coveredconditionals="4" methods="23" coveredmethods="15"/>
        <line num="16" count="47" type="stmt"/>
        <line num="20" count="47" type="stmt"/>
        <line num="24" count="0" type="stmt"/>
        <line num="25" count="0" type="stmt"/>
        <line num="26" count="0" type="cond" truecount="0" falsecount="2"/>
        <line num="27" count="0" type="stmt"/>
        <line num="30" count="0" type="stmt"/>
        <line num="31" count="0" type="stmt"/>
        <line num="35" count="83" type="stmt"/>
        <line num="36" count="83" type="stmt"/>
        <line num="38" count="83" type="cond" truecount="1" falsecount="1"/>
        <line num="39" count="0" type="stmt"/>
        <line num="40" count="0" type="stmt"/>
        <line num="44" count="83" type="stmt"/>
        <line num="46" count="83" type="stmt"/>
        <line num="54" count="2" type="stmt"/>
        <line num="56" count="2" type="stmt"/>
        <line num="57" count="47" type="stmt"/>
        <line num="58" count="47" type="stmt"/>
        <line num="61" count="47" type="stmt"/>
        <line num="65" count="2" type="stmt"/>
        <line num="69" count="83" type="stmt"/>
        <line num="71" count="83" type="stmt"/>
        <line num="72" count="83" type="stmt"/>
        <line num="73" count="83" type="stmt"/>
        <line num="74" count="83" type="stmt"/>
        <line num="75" count="83" type="stmt"/>
        <line num="77" count="83" type="cond" truecount="2" falsecount="0"/>
        <line num="78" count="36" type="stmt"/>
        <line num="79" count="47" type="cond" truecount="1" falsecount="1"/>
        <line num="80" count="0" type="stmt"/>
        <line num="82" count="47" type="stmt"/>
        <line num="85" count="0" type="cond" truecount="0" falsecount="2"/>
        <line num="86" count="0" type="stmt"/>
        <line num="89" count="0" type="stmt"/>
        <line num="90" count="0" type="stmt"/>
        <line num="94" count="83" type="stmt"/>
        <line num="98" count="83" type="stmt"/>
        <line num="101" count="2" type="stmt"/>
        <line num="105" count="0" type="stmt"/>
        <line num="107" count="0" type="stmt"/>
        <line num="110" count="2" type="stmt"/>
        <line num="114" count="83" type="stmt"/>
        <line num="116" count="83" type="stmt"/>
        <line num="119" count="2" type="stmt"/>
        <line num="123" count="0" type="stmt"/>
        <line num="125" count="0" type="stmt"/>
        <line num="126" count="0" type="stmt"/>
      </file>
      <file name="useResource.tsx" path="/Users/tim/src/grexie/grexie-pages/packages/pages/src/hooks/useResource.tsx">
        <metrics statements="49" coveredstatements="32" conditionals="10" coveredconditionals="8" methods="17" coveredmethods="10"/>
        <line num="6" count="2" type="stmt"/>
        <line num="10" count="98" type="stmt"/>
        <line num="14" count="98" type="stmt"/>
        <line num="15" count="98" type="cond" truecount="2" falsecount="0"/>
        <line num="16" count="51" type="stmt"/>
        <line num="21" count="0" type="stmt"/>
        <line num="22" count="0" type="stmt"/>
        <line num="23" count="0" type="stmt"/>
        <line num="25" count="0" type="stmt"/>
        <line num="29" count="0" type="stmt"/>
        <line num="33" count="98" type="stmt"/>
        <line num="37" count="0" type="stmt"/>
        <line num="39" count="0" type="stmt"/>
        <line num="40" count="0" type="stmt"/>
        <line num="41" count="0" type="cond" truecount="0" falsecount="2"/>
        <line num="42" count="0" type="stmt"/>
        <line num="44" count="0" type="stmt"/>
        <line num="46" count="0" type="stmt"/>
        <line num="50" count="98" type="stmt"/>
        <line num="62" count="2" type="stmt"/>
        <line num="64" count="2" type="stmt"/>
        <line num="65" count="145" type="stmt"/>
        <line num="69" count="2" type="stmt"/>
        <line num="70" count="0" type="stmt"/>
        <line num="71" count="0" type="stmt"/>
        <line num="82" count="2" type="stmt"/>
        <line num="84" count="2" type="stmt"/>
        <line num="85" count="98" type="stmt"/>
        <line num="86" count="98" type="stmt"/>
        <line num="87" count="98" type="stmt"/>
        <line num="88" count="98" type="cond" truecount="2" falsecount="0"/>
        <line num="89" count="51" type="stmt"/>
        <line num="91" count="98" type="stmt"/>
        <line num="92" count="98" type="stmt"/>
        <line num="95" count="98" type="stmt"/>
        <line num="107" count="2" type="cond" truecount="1" falsecount="0"/>
        <line num="110" count="85" type="stmt"/>
        <line num="111" count="85" type="stmt"/>
        <line num="113" count="85" type="cond" truecount="2" falsecount="0"/>
        <line num="114" count="49" type="stmt"/>
        <line num="116" count="36" type="stmt"/>
        <line num="120" count="2" type="stmt"/>
        <line num="121" count="36" type="stmt"/>
        <line num="122" count="2" type="stmt"/>
        <line num="123" count="0" type="stmt"/>
        <line num="124" count="2" type="stmt"/>
        <line num="125" count="0" type="stmt"/>
        <line num="126" count="2" type="stmt"/>
        <line num="127" count="0" type="stmt"/>
      </file>
    </package>
    <package name="pages.src.loaders">
      <metrics statements="209" coveredstatements="176" conditionals="79" coveredconditionals="54" methods="47" coveredmethods="46"/>
      <file name="cache-loader.ts" path="/Users/tim/src/grexie/grexie-pages/packages/pages/src/loaders/cache-loader.ts">
        <metrics statements="59" coveredstatements="49" conditionals="28" coveredconditionals="20" methods="20" coveredmethods="20"/>
        <line num="15" count="65" type="stmt"/>
        <line num="16" count="65" type="stmt"/>
        <line num="17" count="65" type="stmt"/>
        <line num="19" count="65" type="stmt"/>
        <line num="20" count="65" type="stmt"/>
        <line num="22" count="65" type="cond" truecount="1" falsecount="1"/>
        <line num="23" count="0" type="stmt"/>
        <line num="26" count="65" type="stmt"/>
        <line num="29" count="65" type="stmt"/>
        <line num="30" count="65" type="stmt"/>
        <line num="33" count="65" type="cond" truecount="1" falsecount="1"/>
        <line num="34" count="0" type="stmt"/>
        <line num="35" count="0" type="stmt"/>
        <line num="38" count="65" type="stmt"/>
        <line num="43" count="65" type="stmt"/>
        <line num="44" count="65" type="stmt"/>
        <line num="48" count="181" type="stmt"/>
        <line num="49" count="181" type="stmt"/>
        <line num="52" count="181" type="cond" truecount="1" falsecount="1"/>
        <line num="53" count="0" type="stmt"/>
        <line num="56" count="181" type="stmt"/>
        <line num="66" count="181" type="stmt"/>
        <line num="72" count="65" type="stmt"/>
        <line num="73" count="181" type="stmt"/>
        <line num="74" count="181" type="stmt"/>
        <line num="75" count="181" type="stmt"/>
        <line num="77" count="65" type="stmt"/>
        <line num="88" count="65" type="stmt"/>
        <line num="90" count="0" type="stmt"/>
        <line num="92" count="65" type="cond" truecount="1" falsecount="1"/>
        <line num="93" count="0" type="stmt"/>
        <line num="95" count="65" type="stmt"/>
        <line num="100" count="81" type="stmt"/>
        <line num="101" count="81" type="stmt"/>
        <line num="103" count="81" type="cond" truecount="1" falsecount="1"/>
        <line num="104" count="0" type="stmt"/>
        <line num="107" count="81" type="stmt"/>
        <line num="112" count="76" type="cond" truecount="1" falsecount="1"/>
        <line num="113" count="0" type="stmt"/>
        <line num="116" count="76" type="stmt"/>
[...]
        <line num="14" count="18" type="cond" truecount="1" falsecount="1"/>
        <line num="15" count="0" type="stmt"/>
        <line num="17" count="18" type="stmt"/>
        <line num="19" count="18" type="stmt"/>
        <line num="20" count="18" type="stmt"/>
        <line num="22" count="18" type="stmt"/>
        <line num="23" count="18" type="stmt"/>
        <line num="25" count="18" type="stmt"/>
        <line num="30" count="18" type="stmt"/>
        <line num="37" count="18" type="stmt"/>
        <line num="40" count="18" type="cond" truecount="2" falsecount="0"/>
        <line num="41" count="8" type="stmt"/>
        <line num="42" count="10" type="cond" truecount="1" falsecount="1"/>
        <line num="43" count="0" type="stmt"/>
        <line num="44" count="10" type="cond" truecount="1" falsecount="1"/>
        <line num="45" count="0" type="stmt"/>
        <line num="47" count="10" type="stmt"/>
        <line num="50" count="18" type="cond" truecount="0" falsecount="1"/>
        <line num="52" count="18" type="stmt"/>
        <line num="56" count="18" type="stmt"/>
        <line num="66" count="0" type="stmt"/>
        <line num="68" count="18" type="stmt"/>
      </file>
      <file name="resources-plugin.ts" path="/Users/tim/src/grexie/grexie-pages/packages/pages/src/loaders/resources-plugin.ts">
        <metrics statements="70" coveredstatements="64" conditionals="22" coveredconditionals="19" methods="20" coveredmethods="20"/>
        <line num="10" count="2" type="stmt"/>
        <line num="24" count="14" type="stmt"/>
        <line num="25" count="14" type="stmt"/>
        <line num="28" count="14" type="stmt"/>
        <line num="29" count="14" type="stmt"/>
        <line num="33" count="234" type="stmt"/>
        <line num="37" count="47" type="stmt"/>
        <line num="46" count="53" type="stmt"/>
        <line num="47" count="53" type="stmt"/>
        <line num="51" count="47" type="stmt"/>
        <line num="53" count="47" type="cond" truecount="1" falsecount="1"/>
        <line num="54" count="0" type="stmt"/>
        <line num="56" count="47" type="stmt"/>
        <line num="61" count="47" type="cond" truecount="1" falsecount="1"/>
        <line num="62" count="0" type="stmt"/>
        <line num="65" count="47" type="stmt"/>
        <line num="67" count="47" type="stmt"/>
        <line num="69" count="47" type="stmt"/>
        <line num="76" count="47" type="stmt"/>
        <line num="78" count="47" type="stmt"/>
        <line num="79" count="131" type="stmt"/>
        <line num="82" count="47" type="stmt"/>
        <line num="91" count="97" type="cond" truecount="2" falsecount="0"/>
        <line num="92" count="10" type="stmt"/>
        <line num="95" count="87" type="stmt"/>
        <line num="97" count="87" type="stmt"/>
        <line num="98" count="87" type="cond" truecount="2" falsecount="0"/>
        <line num="99" count="25" type="stmt"/>
        <line num="102" count="62" type="stmt"/>
        <line num="106" count="62" type="stmt"/>
        <line num="107" count="62" type="stmt"/>
        <line num="108" count="62" type="cond" truecount="2" falsecount="0"/>
        <line num="109" count="22" type="stmt"/>
        <line num="112" count="0" type="stmt"/>
        <line num="115" count="40" type="stmt"/>
        <line num="117" count="44" type="stmt"/>
        <line num="120" count="44" type="cond" truecount="2" falsecount="0"/>
        <line num="124" count="53" type="stmt"/>
        <line num="125" count="53" type="stmt"/>
        <line num="126" count="53" type="stmt"/>
        <line num="128" count="53" type="stmt"/>
        <line num="130" count="53" type="stmt"/>
        <line num="131" count="53" type="stmt"/>
        <line num="132" count="53" type="stmt"/>
        <line num="137" count="53" type="stmt"/>
        <line num="138" count="53" type="cond" truecount="2" falsecount="0"/>
        <line num="139" count="28" type="stmt"/>
        <line num="140" count="70" type="stmt"/>
        <line num="143" count="28" type="stmt"/>
        <line num="145" count="70" type="stmt"/>
        <line num="150" count="53" type="cond" truecount="2" falsecount="0"/>
        <line num="151" count="47" type="stmt"/>
        <line num="154" count="53" type="stmt"/>
        <line num="156" count="0" type="stmt"/>
        <line num="159" count="53" type="stmt"/>
        <line num="160" count="53" type="cond" truecount="2" falsecount="0"/>
        <line num="161" count="47" type="stmt"/>
        <line num="175" count="16" type="stmt"/>
        <line num="179" count="16" type="stmt"/>
        <line num="180" count="14" type="stmt"/>
        <line num="182" count="14" type="stmt"/>
        <line num="187" count="14" type="stmt"/>
        <line num="189" count="53" type="stmt"/>
        <line num="196" count="53" type="stmt"/>
        <line num="197" count="53" type="stmt"/>
        <line num="198" count="53" type="stmt"/>
        <line num="199" count="53" type="cond" truecount="1" falsecount="1"/>
        <line num="200" count="0" type="stmt"/>
        <line num="201" count="0" type="stmt"/>
        <line num="204" count="53" type="stmt"/>
      </file>
      <file name="yaml-loader.ts" path="/Users/tim/src/grexie/grexie-pages/packages/pages/src/loaders/yaml-loader.ts">
        <metrics statements="3" coveredstatements="3" conditionals="0" coveredconditionals="0" methods="1" coveredmethods="1"/>
        <line num="13" count="10" type="stmt"/>
        <line num="14" count="10" type="stmt"/>
        <line num="16" count="10" type="stmt"/>
      </file>
    </package>
    <package name="pages.src.utils">
      <metrics statements="238" coveredstatements="137" conditionals="124" coveredconditionals="68" methods="67" coveredmethods="28"/>
      <file name="context.ts" path="/Users/tim/src/grexie/grexie-pages/packages/pages/src/utils/context.ts">
        <metrics statements="8" coveredstatements="6" conditionals="0" coveredconditionals="0" methods="3" coveredmethods="2"/>
        <line num="9" count="2" type="stmt"/>
        <line num="12" count="12" type="stmt"/>
        <line num="13" count="12" type="stmt"/>
        <line num="17" count="12" type="stmt"/>
        <line num="21" count="564" type="stmt"/>
        <line num="25" count="2" type="stmt"/>
        <line num="28" count="0" type="stmt"/>
        <line num="29" count="0" type="stmt"/>
      </file>
      <file name="mutex.ts" path="/Users/tim/src/grexie/grexie-pages/packages/pages/src/utils/mutex.ts">
        <metrics statements="64" coveredstatements="3" conditionals="36" coveredconditionals="0" methods="24" coveredmethods="1"/>
        <line num="5" count="0" type="stmt"/>
        <line num="8" count="0" type="stmt"/>
        <line num="12" count="0" type="stmt"/>
        <line num="16" count="0" type="cond" truecount="0" falsecount="2"/>
        <line num="17" count="0" type="stmt"/>
        <line num="18" count="0" type="stmt"/>
        <line num="27" count="0" type="stmt"/>
        <line num="31" count="0" type="stmt"/>
        <line num="33" count="0" type="cond" truecount="0" falsecount="4"/>
        <line num="34" count="0" type="stmt"/>
        <line num="37" count="0" type="stmt"/>
        <line num="38" count="0" type="stmt"/>
        <line num="39" count="0" type="stmt"/>
        <line num="40" count="0" type="cond" truecount="0" falsecount="2"/>
        <line num="41" count="0" type="stmt"/>
        <line num="45" count="0" type="stmt"/>
        <line num="46" count="0" type="stmt"/>
        <line num="51" count="20" type="stmt"/>
        <line num="52" count="20" type="stmt"/>
        <line num="57" count="20" type="stmt"/>
        <line num="61" count="0" type="cond" truecount="0" falsecount="2"/>
        <line num="62" count="0" type="stmt"/>
        <line num="65" count="0" type="cond" truecount="0" falsecount="2"/>
        <line num="69" count="0" type="cond" truecount="0" falsecount="2"/>
        <line num="73" count="0" type="stmt"/>
        <line num="77" count="0" type="stmt"/>
        <line num="81" count="0" type="stmt"/>
        <line num="85" count="0" type="stmt"/>
        <line num="86" count="0" type="stmt"/>
        <line num="87" count="0" type="stmt"/>
        <line num="91" count="0" type="cond" truecount="0" falsecount="2"/>
        <line num="92" count="0" type="stmt"/>
        <line num="93" count="0" type="stmt"/>
        <line num="94" count="0" type="cond" truecount="0" falsecount="2"/>
        <line num="95" count="0" type="stmt"/>
        <line num="97" count="0" type="stmt"/>
        <line num="103" count="0" type="cond" truecount="0" falsecount="2"/>
        <line num="104" count="0" type="stmt"/>
        <line num="107" count="0" type="cond" truecount="0" falsecount="2"/>
        <line num="108" count="0" type="stmt"/>
        <line num="109" count="0" type="stmt"/>
        <line num="118" count="0" type="stmt"/>
        <line num="120" count="0" type="stmt"/>
        <line num="121" count="0" type="stmt"/>
        <line num="123" count="0" type="stmt"/>
        <line num="128" count="0" type="stmt"/>
        <line num="129" count="0" type="cond" truecount="0" falsecount="2"/>
        <line num="130" count="0" type="stmt"/>
        <line num="133" count="0" type="cond" truecount="0" falsecount="4"/>
        <line num="134" count="0" type="stmt"/>
        <line num="137" count="0" type="stmt"/>
        <line num="139" count="0" type="stmt"/>
        <line num="140" count="0" type="stmt"/>
        <line num="141" count="0" type="stmt"/>
        <line num="142" count="0" type="stmt"/>
        <line num="145" count="0" type="stmt"/>
        <line num="147" count="0" type="stmt"/>
        <line num="148" count="0" type="stmt"/>
        <line num="149" count="0" type="cond" truecount="0" falsecount="2"/>
        <line num="150" count="0" type="stmt"/>
        <line num="152" count="0" type="stmt"/>
        <line num="156" count="0" type="stmt"/>
        <line num="157" count="0" type="stmt"/>
        <line num="158" count="0" type="stmt"/>
      </file>
      <file name="promisify.ts" path="/Users/tim/src/grexie/grexie-pages/packages/pages/src/utils/promisify.ts">
        <metrics statements="9" coveredstatements="9" conditionals="4" coveredconditionals="4" methods="1" coveredmethods="1"/>
        <line num="3" count="2" type="stmt"/>
        <line num="5" count="2" type="stmt"/>
        <line num="6" count="1068" type="cond" truecount="2" falsecount="0"/>
        <line num="7" count="3" type="stmt"/>
        <line num="9" count="1068" type="stmt"/>
        <line num="11" count="1068" type="cond" truecount="2" falsecount="0"/>
        <line num="12" count="45" type="stmt"/>
        <line num="13" count="45" type="stmt"/>
        <line num="16" count="1068" type="stmt"/>
      </file>
      <file name="proxy.ts" path="/Users/tim/src/grexie/grexie-pages/packages/pages/src/utils/proxy.ts">
        <metrics statements="117" coveredstatements="91" conditionals="82" coveredconditionals="62" methods="15" coveredmethods="11"/>
        <line num="1" count="3" type="stmt"/>
        <line num="2" count="3" type="stmt"/>
        <line num="16" count="785" type="cond" truecount="1" falsecount="1"/>
        <line num="17" count="0" type="stmt"/>
        <line num="19" count="785" type="stmt"/>
        <line num="20" count="785" type="stmt"/>
        <line num="21" count="785" type="cond" truecount="1" falsecount="1"/>
        <line num="25" count="182" type="cond" truecount="2" falsecount="0"/>
        <line num="26" count="112" type="stmt"/>
        <line num="36" count="785" type="stmt"/>
        <line num="37" count="785" type="stmt"/>
        <line num="38" count="785" type="stmt"/>
        <line num="39" count="785" type="stmt"/>
        <line num="46" count="319" type="stmt"/>
        <line num="50" count="54" type="cond" truecount="1" falsecount="1"/>
        <line num="51" count="0" type="stmt"/>
        <line num="54" count="54" type="stmt"/>
        <line num="55" count="54" type="stmt"/>
        <line num="56" count="54" type="stmt"/>
        <line num="57" count="49" type="stmt"/>
        <line num="59" count="54" type="stmt"/>
        <line num="63" count="58" type="stmt"/>
        <line num="64" count="58" type="stmt"/>
        <line num="65" count="58" type="stmt"/>
        <line num="66" count="164" type="stmt"/>
        <line num="67" count="164" type="stmt"/>
        <line num="68" count="143" type="stmt"/>
        <line num="70" count="164" type="cond" truecount="4" falsecount="1"/>
        <line num="71" count="164" type="stmt"/>
        <line num="75" count="58" type="stmt"/>
        <line num="76" count="58" type="stmt"/>
        <line num="77" count="164" type="stmt"/>
        <line num="79" count="164" type="stmt"/>
        <line num="80" count="179" type="stmt"/>
        <line num="82" count="179" type="stmt"/>
        <line num="83" count="144" type="cond" truecount="2" falsecount="0"/>
        <line num="88" count="35" type="stmt"/>
        <line num="90" count="35" type="cond" truecount="2" falsecount="0"/>
        <line num="95" count="15" type="stmt"/>
        <line num="96" count="15" type="stmt"/>
        <line num="100" count="129" type="stmt"/>
        <line num="104" count="58" type="stmt"/>
        <line num="108" count="690" type="cond" truecount="2" falsecount="0"/>
        <line num="109" count="8" type="stmt"/>
        <line num="112" count="682" type="cond" truecount="2" falsecount="0"/>
        <line num="113" count="58" type="stmt"/>
        <line num="116" count="624" type="stmt"/>
        <line num="117" count="624" type="stmt"/>
        <line num="119" count="624" type="stmt"/>
        <line num="120" count="724" type="stmt"/>
        <line num="121" count="724" type="cond" truecount="2" falsecount="0"/>
        <line num="122" count="78" type="stmt"/>
        <line num="126" count="624" type="cond" truecount="2" falsecount="0"/>
        <line num="127" count="78" type="stmt"/>
        <line num="130" count="624" type="cond" truecount="5" falsecount="0"/>
        <line num="131" count="466" type="stmt"/>
        <line num="132" count="466" type="stmt"/>
        <line num="133" count="466" type="stmt"/>
        <line num="136" count="158" type="stmt"/>
        <line num="140" count="64" type="cond" truecount="1" falsecount="1"/>
        <line num="141" count="0" type="stmt"/>
        <line num="144" count="64" type="stmt"/>
        <line num="146" count="64" type="stmt"/>
        <line num="147" count="64" type="cond" truecount="2" falsecount="0"/>
        <line num="152" count="2" type="stmt"/>
        <line num="155" count="64" type="stmt"/>
        <line num="158" count="64" type="stmt"/>
        <line num="159" count="64" type="stmt"/>
        <line num="163" count="0" type="cond" truecount="0" falsecount="2"/>
        <line num="164" count="0" type="stmt"/>
        <line num="167" count="0" type="stmt"/>
        <line num="168" count="0" type="stmt"/>
        <line num="170" count="0" type="stmt"/>
        <line num="171" count="0" type="cond" truecount="0" falsecount="5"/>
        <line num="172" count="0" type="stmt"/>
        <line num="175" count="0" type="stmt"/>
        <line num="176" count="0" type="stmt"/>
        <line num="180" count="0" type="stmt"/>
        <line num="181" count="0" type="stmt"/>
        <line num="182" count="0" type="cond" truecount="0" falsecount="2"/>
        <line num="183" count="0" type="stmt"/>
        <line num="186" count="0" type="stmt"/>
        <line num="190" count="0" type="stmt"/>
        <line num="194" count="10" type="stmt"/>
        <line num="195" count="10" type="stmt"/>
        <line num="196" count="10" type="stmt"/>
        <line num="197" count="16" type="stmt"/>
        <line num="198" count="16" type="stmt"/>
        <line num="199" count="14" type="stmt"/>
        <line num="200" count="14" type="cond" truecount="1" falsecount="1"/>
        <line num="205" count="0" type="stmt"/>
        <line num="208" count="16" type="cond" truecount="1" falsecount="1"/>
        <line num="213" count="0" type="stmt"/>
        <line num="215" count="16" type="stmt"/>
        <line num="218" count="10" type="stmt"/>
        <line num="219" count="16" type="stmt"/>
        <line num="223" count="10" type="stmt"/>
        <line num="227" count="8" type="cond" truecount="1" falsecount="1"/>
        <line num="228" count="0" type="stmt"/>
        <line num="231" count="8" type="stmt"/>
        <line num="232" count="8" type="stmt"/>
        <line num="233" count="8" type="stmt"/>
        <line num="234" count="8" type="stmt"/>
        <line num="235" count="7" type="stmt"/>
        <line num="236" count="7" type="cond" truecount="1" falsecount="1"/>
        <line num="241" count="0" type="stmt"/>
        <line num="244" count="8" type="cond" truecount="1" falsecount="1"/>
        <line num="249" count="0" type="stmt"/>
        <line num="251" count="8" type="cond" truecount="2" falsecount="0"/>
        <line num="252" count="6" type="stmt"/>
        <line num="255" count="2" type="stmt"/>
        <line num="259" count="8" type="cond" truecount="1" falsecount="1"/>
        <line num="260" count="0" type="stmt"/>
        <line num="263" count="8" type="cond" truecount="2" falsecount="0"/>
        <line num="264" count="6" type="stmt"/>
        <line num="267" count="0" type="stmt"/>
        <line num="268" count="0" type="stmt"/>
      </file>
      <file name="resolvable.ts" path="/Users/tim/src/grexie/grexie-pages/packages/pages/src/utils/resolvable.ts">
        <metrics statements="22" coveredstatements="19" conditionals="2" coveredconditionals="2" methods="13" coveredmethods="10"/>
        <line num="11" count="2" type="stmt"/>
        <line num="12" count="1024" type="stmt"/>
        <line num="13" count="1024" type="stmt"/>
        <line num="14" count="1024" type="stmt"/>
        <line num="16" count="1024" type="stmt"/>
        <line num="18" count="1024" type="stmt"/>
        <line num="21" count="937" type="stmt"/>
        <line num="22" count="937" type="stmt"/>
        <line num="25" count="0" type="stmt"/>
        <line num="26" count="0" type="stmt"/>
        <line num="30" count="1024" type="stmt"/>
        <line num="31" count="1024" type="stmt"/>
        <line num="35" count="72" type="stmt"/>
        <line num="38" count="183" type="stmt"/>
        <line num="51" count="221" type="stmt"/>
        <line num="52" count="221" type="stmt"/>
        <line num="54" count="221" type="stmt"/>
        <line num="56" count="221" type="cond" truecount="2" falsecount="0"/>
        <line num="57" count="78" type="stmt"/>
        <line num="59" count="143" type="stmt"/>
        <line num="71" count="0" type="stmt"/>
        <line num="75" count="72" type="stmt"/>
      </file>
      <file name="stream.ts" path="/Users/tim/src/grexie/grexie-pages/packages/pages/src/utils/stream.ts">
        <metrics statements="18" coveredstatements="9" conditionals="0" coveredconditionals="0" methods="11" coveredmethods="3"/>
        <line num="4" count="2" type="stmt"/>
        <line num="7" count="0" type="stmt"/>
        <line num="8" count="0" type="stmt"/>
        <line num="9" count="0" type="stmt"/>
        <line num="10" count="0" type="stmt"/>
        <line num="11" count="0" type="stmt"/>
        <line num="12" count="0" type="stmt"/>
        <line num="16" count="2" type="stmt"/>
        <line num="18" count="0" type="stmt"/>
        <line num="21" count="47" type="stmt"/>
        <line num="22" count="47" type="stmt"/>
        <line num="25" count="47" type="stmt"/>
        <line num="29" count="0" type="stmt"/>
        <line num="33" count="0" type="stmt"/>
        <line num="41" count="47" type="stmt"/>
        <line num="42" count="47" type="stmt"/>
        <line num="46" count="47" type="stmt"/>
        <line num="47" count="47" type="stmt"/>
      </file>
    </package>
  </project>
</coverage>
