{"/Users/tim/src/grexie/grexie-pages/packages/builder/src/Builder.ts": {"path":"/Users/tim/src/grexie/grexie-pages/packages/builder/src/Builder.ts","statementMap":{"0":{"start":{"line":1,"column":0},"end":{"line":1,"column":null}},"1":{"start":{"line":3,"column":0},"end":{"line":3,"column":null}},"2":{"start":{"line":4,"column":0},"end":{"line":4,"column":null}},"3":{"start":{"line":18,"column":42},"end":{"line":18,"column":null}},"4":{"start":{"line":19,"column":4},"end":{"line":19,"column":null}},"5":{"start":{"line":21,"column":4},"end":{"line":21,"column":21}},"6":{"start":{"line":24,"column":8},"end":{"line":24,"column":13}},"7":{"start":{"line":29,"column":2},"end":{"line":29,"column":null}},"8":{"start":{"line":31,"column":6},"end":{"line":31,"column":10}},"9":{"start":{"line":32,"column":8},"end":{"line":35,"column":null}},"10":{"start":{"line":33,"column":10},"end":{"line":33,"column":16}},"11":{"start":{"line":34,"column":10},"end":{"line":34,"column":null}},"12":{"start":{"line":37,"column":8},"end":{"line":37,"column":null}},"13":{"start":{"line":46,"column":39},"end":{"line":46,"column":38}},"14":{"start":{"line":46,"column":39},"end":{"line":46,"column":41}},"15":{"start":{"line":48,"column":2},"end":{"line":48,"column":16}},"16":{"start":{"line":48,"column":16},"end":{"line":null,"column":-1}},"17":{"start":{"line":49,"column":10},"end":{"line":48,"column":16}},"18":{"start":{"line":51,"column":4},"end":{"line":51,"column":12}},"19":{"start":{"line":52,"column":4},"end":{"line":52,"column":12}},"20":{"start":{"line":54,"column":37},"end":{"line":54,"column":38}},"21":{"start":{"line":56,"column":8},"end":{"line":59,"column":null}},"22":{"start":{"line":57,"column":10},"end":{"line":57,"column":16}},"23":{"start":{"line":58,"column":10},"end":{"line":58,"column":null}},"24":{"start":{"line":61,"column":8},"end":{"line":61,"column":15}},"25":{"start":{"line":66,"column":43},"end":{"line":66,"column":42}},"26":{"start":{"line":67,"column":21},"end":{"line":67,"column":29}},"27":{"start":{"line":69,"column":4},"end":{"line":69,"column":12}},"28":{"start":{"line":70,"column":4},"end":{"line":70,"column":12}},"29":{"start":{"line":72,"column":4},"end":{"line":72,"column":11}}},"fnMap":{"0":{"name":"Watcher","decl":{"start":{"line":18,"column":2},"end":{"line":18,"column":14}},"loc":{"start":{"line":18,"column":42},"end":{"line":27,"column":null}}},"1":{"name":"(anonymous_85)","decl":{"start":{"line":23,"column":6},"end":{"line":23,"column":7}},"loc":{"start":{"line":23,"column":63},"end":{"line":25,"column":null}}},"2":{"name":"_callee","decl":{"start":{"line":29,"column":2},"end":{"line":29,"column":null}},"loc":{"start":{"line":29,"column":2},"end":{"line":29,"column":null}}},"3":{"name":"(anonymous_89)","decl":{"start":{"line":30,"column":28},"end":{"line":30,"column":29}},"loc":{"start":{"line":30,"column":49},"end":{"line":39,"column":null}}},"4":{"name":"(anonymous_90)","decl":{"start":{"line":31,"column":27},"end":{"line":31,"column":28}},"loc":{"start":{"line":31,"column":62},"end":{"line":38,"column":null}}},"5":{"name":"Builder","decl":{"start":{"line":46,"column":2},"end":{"line":46,"column":35}},"loc":{"start":{"line":46,"column":39},"end":{"line":46,"column":null}}},"6":{"name":"_callee2","decl":{"start":{"line":48,"column":2},"end":{"line":48,"column":16}},"loc":{"start":{"line":48,"column":2},"end":{"line":48,"column":16}}},"7":{"name":"(anonymous_97)","decl":{"start":{"line":54,"column":37},"end":{"line":54,"column":38}},"loc":{"start":{"line":54,"column":37},"end":{"line":54,"column":38}}},"8":{"name":"(anonymous_98)","decl":{"start":{"line":55,"column":19},"end":{"line":55,"column":20}},"loc":{"start":{"line":55,"column":35},"end":{"line":62,"column":null}}},"9":{"name":"watch","decl":{"start":{"line":66,"column":2},"end":{"line":66,"column":10}},"loc":{"start":{"line":66,"column":43},"end":{"line":73,"column":null}}}},"branchMap":{"0":{"loc":{"start":{"line":29,"column":2},"end":{"line":29,"column":null}},"type":"switch","locations":[{"start":{"line":29,"column":2},"end":{"line":29,"column":null}},{"start":{"line":29,"column":2},"end":{"line":29,"column":null}},{"start":{"line":29,"column":2},"end":{"line":29,"column":null}}]},"1":{"loc":{"start":{"line":32,"column":8},"end":{"line":35,"column":null}},"type":"if","locations":[{"start":{"line":32,"column":8},"end":{"line":35,"column":null}}]},"2":{"loc":{"start":{"line":46,"column":39},"end":{"line":46,"column":38}},"type":"cond-expr","locations":[{"start":{"line":46,"column":39},"end":{"line":46,"column":41}},{"start":{"line":46,"column":35},"end":{"line":46,"column":39}}]},"3":{"loc":{"start":{"line":46,"column":39},"end":{"line":46,"column":41}},"type":"binary-expr","locations":[{"start":{"line":46,"column":39},"end":{"line":46,"column":41}},{"start":{"line":46,"column":39},"end":{"line":46,"column":41}}]},"4":{"loc":{"start":{"line":48,"column":2},"end":{"line":48,"column":16}},"type":"switch","locations":[{"start":{"line":48,"column":2},"end":{"line":48,"column":16}},{"start":{"line":48,"column":2},"end":{"line":48,"column":16}},{"start":{"line":48,"column":2},"end":{"line":48,"column":16}}]},"5":{"loc":{"start":{"line":56,"column":8},"end":{"line":59,"column":null}},"type":"if","locations":[{"start":{"line":56,"column":8},"end":{"line":59,"column":null}}]}},"s":{"0":2,"1":2,"2":2,"3":0,"4":0,"5":0,"6":0,"7":0,"8":0,"9":0,"10":0,"11":0,"12":0,"13":20,"14":60,"15":98,"16":14,"17":14,"18":14,"19":14,"20":14,"21":14,"22":0,"23":0,"24":14,"25":0,"26":0,"27":0,"28":0,"29":0},"f":{"0":0,"1":0,"2":0,"3":0,"4":0,"5":20,"6":42,"7":14,"8":14,"9":0},"b":{"0":[0,0,0],"1":[0],"2":[0,20],"3":[20,0],"4":[14,0,14],"5":[0]}}
,"/Users/tim/src/grexie/grexie-pages/packages/builder/src/Cache.ts": {"path":"/Users/tim/src/grexie/grexie-pages/packages/builder/src/Cache.ts","statementMap":{"0":{"start":{"line":2,"column":0},"end":{"line":2,"column":null}},"1":{"start":{"line":3,"column":0},"end":{"line":3,"column":null}},"2":{"start":{"line":4,"column":0},"end":{"line":4,"column":null}},"3":{"start":{"line":54,"column":19},"end":{"line":50,"column":null}},"4":{"start":{"line":54,"column":19},"end":{"line":51,"column":null}},"5":{"start":{"line":54,"column":19},"end":{"line":52,"column":16}},"6":{"start":{"line":54,"column":19},"end":{"line":54,"column":null}},"7":{"start":{"line":54,"column":19},"end":{"line":53,"column":null}},"8":{"start":{"line":55,"column":4},"end":{"line":55,"column":9}},"9":{"start":{"line":56,"column":4},"end":{"line":56,"column":9}},"10":{"start":{"line":57,"column":4},"end":{"line":57,"column":9}},"11":{"start":{"line":58,"column":4},"end":{"line":64,"column":null}},"12":{"start":{"line":59,"column":6},"end":{"line":59,"column":17}},"13":{"start":{"line":60,"column":11},"end":{"line":64,"column":null}},"14":{"start":{"line":61,"column":6},"end":{"line":61,"column":17}},"15":{"start":{"line":63,"column":6},"end":{"line":63,"column":12}},"16":{"start":{"line":65,"column":4},"end":{"line":69,"column":null}},"17":{"start":{"line":66,"column":6},"end":{"line":66,"column":20}},"18":{"start":{"line":68,"column":6},"end":{"line":68,"column":20}},"19":{"start":{"line":72,"column":65},"end":{"line":72,"column":64}},"20":{"start":{"line":73,"column":4},"end":{"line":73,"column":11}},"21":{"start":{"line":125,"column":2},"end":{"line":125,"column":null}},"22":{"start":{"line":128,"column":4},"end":{"line":125,"column":null}},"23":{"start":{"line":170,"column":2},"end":{"line":170,"column":null}},"24":{"start":{"line":173,"column":4},"end":{"line":170,"column":null}},"25":{"start":{"line":175,"column":31},"end":{"line":175,"column":37}},"26":{"start":{"line":193,"column":2},"end":{"line":193,"column":12}},"27":{"start":{"line":194,"column":31},"end":{"line":194,"column":37}},"28":{"start":{"line":211,"column":2},"end":{"line":211,"column":12}},"29":{"start":{"line":212,"column":31},"end":{"line":212,"column":37}},"30":{"start":{"line":242,"column":2},"end":{"line":242,"column":15}},"31":{"start":{"line":243,"column":31},"end":{"line":243,"column":37}},"32":{"start":{"line":263,"column":2},"end":{"line":263,"column":17}},"33":{"start":{"line":264,"column":31},"end":{"line":264,"column":37}},"34":{"start":{"line":267,"column":2},"end":{"line":267,"column":null}},"35":{"start":{"line":268,"column":10},"end":{"line":267,"column":null}},"36":{"start":{"line":270,"column":10},"end":{"line":267,"column":null}},"37":{"start":{"line":271,"column":4},"end":{"line":271,"column":12}},"38":{"start":{"line":277,"column":4},"end":{"line":284,"column":null}},"39":{"start":{"line":278,"column":6},"end":{"line":278,"column":14}},"40":{"start":{"line":289,"column":6},"end":{"line":289,"column":10}},"41":{"start":{"line":82,"column":4},"end":{"line":84,"column":null}},"42":{"start":{"line":83,"column":6},"end":{"line":83,"column":13}},"43":{"start":{"line":85,"column":17},"end":{"line":85,"column":28}},"44":{"start":{"line":86,"column":4},"end":{"line":86,"column":8}},"45":{"start":{"line":87,"column":16},"end":{"line":87,"column":21}},"46":{"start":{"line":88,"column":4},"end":{"line":88,"column":14}},"47":{"start":{"line":100,"column":4},"end":{"line":102,"column":null}},"48":{"start":{"line":101,"column":6},"end":{"line":101,"column":14}},"49":{"start":{"line":105,"column":22},"end":{"line":105,"column":26}},"50":{"start":{"line":106,"column":19},"end":{"line":106,"column":27}},"51":{"start":{"line":107,"column":14},"end":{"line":107,"column":15}},"52":{"start":{"line":121,"column":6},"end":{"line":121,"column":10}},"53":{"start":{"line":144,"column":8},"end":{"line":144,"column":12}},"54":{"start":{"line":148,"column":12},"end":{"line":151,"column":null}},"55":{"start":{"line":149,"column":14},"end":{"line":149,"column":20}},"56":{"start":{"line":150,"column":14},"end":{"line":150,"column":null}},"57":{"start":{"line":153,"column":12},"end":{"line":153,"column":null}},"58":{"start":{"line":158,"column":8},"end":{"line":158,"column":12}},"59":{"start":{"line":159,"column":10},"end":{"line":162,"column":null}},"60":{"start":{"line":160,"column":12},"end":{"line":160,"column":18}},"61":{"start":{"line":161,"column":12},"end":{"line":161,"column":null}},"62":{"start":{"line":164,"column":10},"end":{"line":164,"column":null}},"63":{"start":{"line":182,"column":6},"end":{"line":182,"column":10}},"64":{"start":{"line":183,"column":8},"end":{"line":186,"column":null}},"65":{"start":{"line":184,"column":10},"end":{"line":184,"column":16}},"66":{"start":{"line":185,"column":10},"end":{"line":185,"column":null}},"67":{"start":{"line":188,"column":8},"end":{"line":188,"column":15}},"68":{"start":{"line":200,"column":6},"end":{"line":200,"column":10}},"69":{"start":{"line":201,"column":8},"end":{"line":204,"column":null}},"70":{"start":{"line":202,"column":10},"end":{"line":202,"column":17}},"71":{"start":{"line":203,"column":10},"end":{"line":203,"column":null}},"72":{"start":{"line":206,"column":8},"end":{"line":206,"column":15}},"73":{"start":{"line":220,"column":8},"end":{"line":220,"column":12}},"74":{"start":{"line":221,"column":10},"end":{"line":224,"column":null}},"75":{"start":{"line":222,"column":12},"end":{"line":222,"column":18}},"76":{"start":{"line":223,"column":12},"end":{"line":223,"column":null}},"77":{"start":{"line":226,"column":10},"end":{"line":226,"column":null}},"78":{"start":{"line":230,"column":8},"end":{"line":230,"column":12}},"79":{"start":{"line":231,"column":10},"end":{"line":234,"column":null}},"80":{"start":{"line":232,"column":12},"end":{"line":232,"column":18}},"81":{"start":{"line":233,"column":12},"end":{"line":233,"column":null}},"82":{"start":{"line":236,"column":10},"end":{"line":236,"column":null}},"83":{"start":{"line":250,"column":6},"end":{"line":250,"column":10}},"84":{"start":{"line":251,"column":8},"end":{"line":254,"column":null}},"85":{"start":{"line":252,"column":10},"end":{"line":252,"column":16}},"86":{"start":{"line":253,"column":10},"end":{"line":253,"column":null}},"87":{"start":{"line":256,"column":8},"end":{"line":256,"column":15}},"88":{"start":{"line":301,"column":58},"end":{"line":301,"column":27}},"89":{"start":{"line":301,"column":58},"end":{"line":301,"column":null}},"90":{"start":{"line":302,"column":4},"end":{"line":302,"column":10}},"91":{"start":{"line":303,"column":4},"end":{"line":303,"column":19}},"92":{"start":{"line":306,"column":2},"end":{"line":306,"column":null}},"93":{"start":{"line":311,"column":4},"end":{"line":313,"column":null}},"94":{"start":{"line":312,"column":6},"end":{"line":312,"column":14}},"95":{"start":{"line":319,"column":8},"end":{"line":306,"column":null}},"96":{"start":{"line":320,"column":4},"end":{"line":324,"column":null}},"97":{"start":{"line":320,"column":15},"end":{"line":320,"column":null}},"98":{"start":{"line":321,"column":6},"end":{"line":323,"column":null}},"99":{"start":{"line":322,"column":8},"end":{"line":322,"column":17}},"100":{"start":{"line":329,"column":22},"end":{"line":329,"column":26}},"101":{"start":{"line":336,"column":8},"end":{"line":336,"column":15}},"102":{"start":{"line":320,"column":4},"end":{"line":324,"column":5}},"103":{"start":{"line":321,"column":6},"end":{"line":323,"column":7}},"104":{"start":{"line":322,"column":8},"end":{"line":322,"column":26}},"105":{"start":{"line":326,"column":4},"end":{"line":339,"column":6}},"106":{"start":{"line":329,"column":22},"end":{"line":335,"column":10}},"107":{"start":{"line":336,"column":8},"end":{"line":336,"column":25}}},"fnMap":{"0":{"name":"Cache","decl":{"start":{"line":49,"column":2},"end":{"line":49,"column":null}},"loc":{"start":{"line":54,"column":19},"end":{"line":70,"column":null}}},"1":{"name":"create","decl":{"start":{"line":72,"column":2},"end":{"line":72,"column":9}},"loc":{"start":{"line":72,"column":65},"end":{"line":79,"column":null}}},"2":{"name":"_callee","decl":{"start":{"line":125,"column":2},"end":{"line":125,"column":null}},"loc":{"start":{"line":125,"column":2},"end":{"line":125,"column":null}}},"3":{"name":"_callee2","decl":{"start":{"line":170,"column":2},"end":{"line":170,"column":null}},"loc":{"start":{"line":170,"column":2},"end":{"line":170,"column":null}}},"4":{"name":"(anonymous_119)","decl":{"start":{"line":175,"column":31},"end":{"line":175,"column":37}},"loc":{"start":{"line":175,"column":31},"end":{"line":175,"column":37}}},"5":{"name":"_callee3","decl":{"start":{"line":193,"column":2},"end":{"line":193,"column":12}},"loc":{"start":{"line":193,"column":2},"end":{"line":193,"column":12}}},"6":{"name":"(anonymous_124)","decl":{"start":{"line":194,"column":31},"end":{"line":194,"column":37}},"loc":{"start":{"line":194,"column":31},"end":{"line":194,"column":37}}},"7":{"name":"_callee4","decl":{"start":{"line":211,"column":2},"end":{"line":211,"column":12}},"loc":{"start":{"line":211,"column":2},"end":{"line":211,"column":12}}},"8":{"name":"(anonymous_129)","decl":{"start":{"line":212,"column":31},"end":{"line":212,"column":37}},"loc":{"start":{"line":212,"column":31},"end":{"line":212,"column":37}}},"9":{"name":"_callee5","decl":{"start":{"line":242,"column":2},"end":{"line":242,"column":15}},"loc":{"start":{"line":242,"column":2},"end":{"line":242,"column":15}}},"10":{"name":"(anonymous_134)","decl":{"start":{"line":243,"column":31},"end":{"line":243,"column":37}},"loc":{"start":{"line":243,"column":31},"end":{"line":243,"column":37}}},"11":{"name":"_callee6","decl":{"start":{"line":263,"column":2},"end":{"line":263,"column":17}},"loc":{"start":{"line":263,"column":2},"end":{"line":263,"column":17}}},"12":{"name":"(anonymous_139)","decl":{"start":{"line":264,"column":31},"end":{"line":264,"column":37}},"loc":{"start":{"line":264,"column":31},"end":{"line":264,"column":37}}},"13":{"name":"_callee7","decl":{"start":{"line":267,"column":2},"end":{"line":267,"column":null}},"loc":{"start":{"line":267,"column":2},"end":{"line":267,"column":null}}},"14":{"name":"_key2","decl":{"start":{"line":81,"column":7},"end":{"line":81,"column":25}},"loc":{"start":{"line":81,"column":25},"end":{"line":92,"column":null}}},"15":{"name":"(anonymous_150)","decl":{"start":{"line":105,"column":14},"end":{"line":105,"column":22}},"loc":{"start":{"line":105,"column":22},"end":{"line":105,"column":26}}},"16":{"name":"(anonymous_151)","decl":{"start":{"line":106,"column":11},"end":{"line":106,"column":19}},"loc":{"start":{"line":106,"column":19},"end":{"line":106,"column":27}}},"17":{"name":"(anonymous_152)","decl":{"start":{"line":107,"column":14},"end":{"line":107,"column":15}},"loc":{"start":{"line":107,"column":14},"end":{"line":107,"column":15}}},"18":{"name":"(anonymous_157)","decl":{"start":{"line":143,"column":24},"end":{"line":143,"column":25}},"loc":{"start":{"line":143,"column":45},"end":{"line":156,"column":null}}},"19":{"name":"(anonymous_158)","decl":{"start":{"line":147,"column":10},"end":{"line":147,"column":13}},"loc":{"start":{"line":147,"column":17},"end":{"line":154,"column":null}}},"20":{"name":"(anonymous_159)","decl":{"start":{"line":157,"column":24},"end":{"line":157,"column":25}},"loc":{"start":{"line":157,"column":45},"end":{"line":166,"column":null}}},"21":{"name":"(anonymous_160)","decl":{"start":{"line":158,"column":41},"end":{"line":158,"column":44}},"loc":{"start":{"line":158,"column":48},"end":{"line":165,"column":null}}},"22":{"name":"(anonymous_165)","decl":{"start":{"line":181,"column":23},"end":{"line":181,"column":24}},"loc":{"start":{"line":181,"column":44},"end":{"line":190,"column":null}}},"23":{"name":"(anonymous_166)","decl":{"start":{"line":182,"column":29},"end":{"line":182,"column":30}},"loc":{"start":{"line":182,"column":47},"end":{"line":189,"column":null}}},"24":{"name":"(anonymous_171)","decl":{"start":{"line":199,"column":23},"end":{"line":199,"column":30}},"loc":{"start":{"line":199,"column":34},"end":{"line":208,"column":null}}},"25":{"name":"(anonymous_172)","decl":{"start":{"line":200,"column":25},"end":{"line":200,"column":26}},"loc":{"start":{"line":200,"column":41},"end":{"line":207,"column":null}}},"26":{"name":"(anonymous_177)","decl":{"start":{"line":219,"column":24},"end":{"line":219,"column":25}},"loc":{"start":{"line":219,"column":45},"end":{"line":228,"column":null}}},"27":{"name":"(anonymous_178)","decl":{"start":{"line":220,"column":41},"end":{"line":220,"column":44}},"loc":{"start":{"line":220,"column":48},"end":{"line":227,"column":null}}},"28":{"name":"(anonymous_179)","decl":{"start":{"line":229,"column":24},"end":{"line":229,"column":25}},"loc":{"start":{"line":229,"column":45},"end":{"line":238,"column":null}}},"29":{"name":"(anonymous_180)","decl":{"start":{"line":230,"column":30},"end":{"line":230,"column":33}},"loc":{"start":{"line":230,"column":37},"end":{"line":237,"column":null}}},"30":{"name":"(anonymous_185)","decl":{"start":{"line":249,"column":43},"end":{"line":249,"column":44}},"loc":{"start":{"line":249,"column":64},"end":{"line":258,"column":null}}},"31":{"name":"(anonymous_186)","decl":{"start":{"line":250,"column":40},"end":{"line":250,"column":41}},"loc":{"start":{"line":250,"column":58},"end":{"line":257,"column":null}}},"32":{"name":"LockedCache","decl":{"start":{"line":301,"column":2},"end":{"line":301,"column":16}},"loc":{"start":{"line":301,"column":58},"end":{"line":304,"column":null}}},"33":{"name":"_callee8","decl":{"start":{"line":306,"column":2},"end":{"line":306,"column":null}},"loc":{"start":{"line":306,"column":2},"end":{"line":306,"column":null}}},"34":{"name":"(anonymous_192)","decl":{"start":{"line":328,"column":6},"end":{"line":328,"column":12}},"loc":{"start":{"line":328,"column":12},"end":{"line":337,"column":null}}}},"branchMap":{"0":{"loc":{"start":{"line":6,"column":12},"end":{"line":6,"column":null}},"type":"binary-expr","locations":[{"start":{"line":6,"column":12},"end":{"line":6,"column":null}}]},"1":{"loc":{"start":{"line":54,"column":19},"end":{"line":54,"column":null}},"type":"cond-expr","locations":[{"start":{"line":52,"column":16},"end":{"line":52,"column":null}},{"start":{"line":54,"column":19},"end":{"line":54,"column":null}}]},"2":{"loc":{"start":{"line":58,"column":4},"end":{"line":64,"column":null}},"type":"if","locations":[{"start":{"line":58,"column":4},"end":{"line":64,"column":null}},{"start":{"line":60,"column":11},"end":{"line":64,"column":null}}]},"3":{"loc":{"start":{"line":60,"column":11},"end":{"line":64,"column":null}},"type":"if","locations":[{"start":{"line":60,"column":11},"end":{"line":64,"column":null}},{"start":{"line":62,"column":11},"end":{"line":64,"column":null}}]},"4":{"loc":{"start":{"line":65,"column":4},"end":{"line":69,"column":null}},"type":"if","locations":[{"start":{"line":65,"column":4},"end":{"line":69,"column":null}},{"start":{"line":67,"column":11},"end":{"line":69,"column":null}}]},"5":{"loc":{"start":{"line":72,"column":65},"end":{"line":72,"column":64}},"type":"cond-expr","locations":[{"start":{"line":72,"column":65},"end":{"line":72,"column":null}},{"start":{"line":72,"column":46},"end":{"line":72,"column":65}}]},"6":{"loc":{"start":{"line":72,"column":65},"end":{"line":72,"column":null}},"type":"binary-expr","locations":[{"start":{"line":72,"column":65},"end":{"line":72,"column":null}},{"start":{"line":72,"column":65},"end":{"line":72,"column":null}}]},"7":{"loc":{"start":{"line":76,"column":17},"end":{"line":76,"column":null}},"type":"cond-expr","locations":[{"start":{"line":76,"column":51},"end":{"line":76,"column":68}},{"start":{"line":76,"column":68},"end":{"line":76,"column":null}}]},"8":{"loc":{"start":{"line":125,"column":2},"end":{"line":125,"column":null}},"type":"switch","locations":[{"start":{"line":125,"column":2},"end":{"line":125,"column":null}},{"start":{"line":125,"column":2},"end":{"line":125,"column":null}},{"start":{"line":125,"column":2},"end":{"line":125,"column":null}}]},"9":{"loc":{"start":{"line":125,"column":2},"end":{"line":128,"column":null}},"type":"cond-expr","locations":[{"start":{"line":125,"column":2},"end":{"line":125,"column":null}},{"start":{"line":128,"column":20},"end":{"line":128,"column":null}}]},"10":{"loc":{"start":{"line":125,"column":2},"end":{"line":125,"column":null}},"type":"binary-expr","locations":[{"start":{"line":125,"column":2},"end":{"line":125,"column":null}},{"start":{"line":125,"column":2},"end":{"line":125,"column":null}}]},"11":{"loc":{"start":{"line":170,"column":2},"end":{"line":170,"column":null}},"type":"switch","locations":[{"start":{"line":170,"column":2},"end":{"line":170,"column":null}},{"start":{"line":170,"column":2},"end":{"line":170,"column":null}},{"start":{"line":170,"column":2},"end":{"line":170,"column":null}}]},"12":{"loc":{"start":{"line":170,"column":2},"end":{"line":173,"column":34}},"type":"cond-expr","locations":[{"start":{"line":170,"column":2},"end":{"line":170,"column":null}},{"start":{"line":173,"column":30},"end":{"line":173,"column":34}}]},"13":{"loc":{"start":{"line":170,"column":2},"end":{"line":170,"column":null}},"type":"binary-expr","locations":[{"start":{"line":170,"column":2},"end":{"line":170,"column":null}},{"start":{"line":170,"column":2},"end":{"line":170,"column":null}}]},"14":{"loc":{"start":{"line":193,"column":2},"end":{"line":193,"column":12}},"type":"switch","locations":[{"start":{"line":193,"column":2},"end":{"line":193,"column":12}},{"start":{"line":193,"column":2},"end":{"line":193,"column":12}},{"start":{"line":193,"column":2},"end":{"line":193,"column":12}}]},"15":{"loc":{"start":{"line":211,"column":2},"end":{"line":211,"column":12}},"type":"switch","locations":[{"start":{"line":211,"column":2},"end":{"line":211,"column":12}},{"start":{"line":211,"column":2},"end":{"line":211,"column":12}},{"start":{"line":211,"column":2},"end":{"line":211,"column":12}}]},"16":{"loc":{"start":{"line":242,"column":2},"end":{"line":242,"column":15}},"type":"switch","locations":[{"start":{"line":242,"column":2},"end":{"line":242,"column":15}},{"start":{"line":242,"column":2},"end":{"line":242,"column":15}},{"start":{"line":242,"column":2},"end":{"line":242,"column":15}}]},"17":{"loc":{"start":{"line":263,"column":2},"end":{"line":263,"column":17}},"type":"switch","locations":[{"start":{"line":263,"column":2},"end":{"line":263,"column":17}},{"start":{"line":263,"column":2},"end":{"line":263,"column":17}},{"start":{"line":263,"column":2},"end":{"line":263,"column":17}}]},"18":{"loc":{"start":{"line":267,"column":2},"end":{"line":267,"column":null}},"type":"switch","locations":[{"start":{"line":267,"column":2},"end":{"line":267,"column":null}},{"start":{"line":267,"column":2},"end":{"line":267,"column":null}},{"start":{"line":267,"column":2},"end":{"line":267,"column":null}},{"start":{"line":267,"column":2},"end":{"line":267,"column":null}},{"start":{"line":267,"column":2},"end":{"line":267,"column":null}}]},"19":{"loc":{"start":{"line":277,"column":4},"end":{"line":284,"column":null}},"type":"if","locations":[{"start":{"line":277,"column":4},"end":{"line":284,"column":null}}]},"20":{"loc":{"start":{"line":82,"column":4},"end":{"line":84,"column":null}},"type":"if","locations":[{"start":{"line":82,"column":4},"end":{"line":84,"column":null}}]},"21":{"loc":{"start":{"line":97,"column":20},"end":{"line":97,"column":null}},"type":"cond-expr","locations":[{"start":{"line":97,"column":20},"end":{"line":97,"column":null}},{"start":{"line":97,"column":20},"end":{"line":97,"column":null}}]},"22":{"loc":{"start":{"line":98,"column":26},"end":{"line":98,"column":30}},"type":"cond-expr","locations":[{"start":{"line":98,"column":26},"end":{"line":98,"column":30}},{"start":{"line":98,"column":26},"end":{"line":98,"column":30}}]},"23":{"loc":{"start":{"line":100,"column":4},"end":{"line":102,"column":null}},"type":"if","locations":[{"start":{"line":100,"column":4},"end":{"line":102,"column":null}}]},"24":{"loc":{"start":{"line":136,"column":30},"end":{"line":136,"column":34}},"type":"cond-expr","locations":[{"start":{"line":136,"column":30},"end":{"line":136,"column":34}},{"start":{"line":136,"column":30},"end":{"line":136,"column":34}}]},"25":{"loc":{"start":{"line":148,"column":12},"end":{"line":151,"column":null}},"type":"if","locations":[{"start":{"line":148,"column":12},"end":{"line":151,"column":null}}]},"26":{"loc":{"start":{"line":159,"column":10},"end":{"line":162,"column":null}},"type":"if","locations":[{"start":{"line":159,"column":10},"end":{"line":162,"column":null}}]},"27":{"loc":{"start":{"line":183,"column":8},"end":{"line":186,"column":null}},"type":"if","locations":[{"start":{"line":183,"column":8},"end":{"line":186,"column":null}}]},"28":{"loc":{"start":{"line":201,"column":8},"end":{"line":204,"column":null}},"type":"if","locations":[{"start":{"line":201,"column":8},"end":{"line":204,"column":null}}]},"29":{"loc":{"start":{"line":221,"column":10},"end":{"line":224,"column":null}},"type":"if","locations":[{"start":{"line":221,"column":10},"end":{"line":224,"column":null}}]},"30":{"loc":{"start":{"line":231,"column":10},"end":{"line":234,"column":null}},"type":"if","locations":[{"start":{"line":231,"column":10},"end":{"line":234,"column":null}}]},"31":{"loc":{"start":{"line":251,"column":8},"end":{"line":254,"column":null}},"type":"if","locations":[{"start":{"line":251,"column":8},"end":{"line":254,"column":null}}]},"32":{"loc":{"start":{"line":306,"column":2},"end":{"line":306,"column":null}},"type":"switch","locations":[{"start":{"line":306,"column":2},"end":{"line":306,"column":null}},{"start":{"line":306,"column":2},"end":{"line":306,"column":null}},{"start":{"line":306,"column":2},"end":{"line":306,"column":null}},{"start":{"line":306,"column":2},"end":{"line":306,"column":null}}]},"33":{"loc":{"start":{"line":311,"column":4},"end":{"line":313,"column":null}},"type":"if","locations":[{"start":{"line":311,"column":4},"end":{"line":313,"column":null}}]},"34":{"loc":{"start":{"line":306,"column":2},"end":{"line":306,"column":null}},"type":"if","locations":[{"start":{"line":306,"column":2},"end":{"line":306,"column":null}}]},"35":{"loc":{"start":{"line":321,"column":6},"end":{"line":323,"column":null}},"type":"if","locations":[{"start":{"line":321,"column":6},"end":{"line":323,"column":null}}]}},"s":{"0":15,"1":15,"2":15,"3":7224,"4":7224,"5":7211,"6":100954,"7":7211,"8":7224,"9":7220,"10":7215,"11":7211,"12":7221,"13":0,"14":10,"15":10,"16":7221,"17":7201,"18":29,"19":172,"20":175,"21":32480,"22":4067,"23":4598,"24":519,"25":517,"26":7127,"27":897,"28":4645,"29":589,"30":2098,"31":264,"32":2754,"33":346,"34":2,"35":0,"36":0,"37":2,"38":2,"39":2,"40":0,"41":4397,"42":2,"43":4399,"44":4399,"45":4397,"46":4397,"47":4059,"48":357,"49":1811,"50":1811,"51":1811,"52":4059,"53":510,"54":510,"55":0,"56":0,"57":510,"58":510,"59":510,"60":0,"61":0,"62":510,"63":890,"64":890,"65":90,"66":90,"67":800,"68":580,"69":580,"70":195,"71":195,"72":385,"73":262,"74":262,"75":80,"76":80,"77":182,"78":262,"79":262,"80":80,"81":80,"82":182,"83":344,"84":344,"85":0,"86":0,"87":344,"88":7025,"89":28100,"90":7025,"91":7025,"92":44814,"93":3002,"94":2586,"95":2975,"96":2975,"97":3389,"98":3389,"99":57,"100":2966,"101":2969,"102":3,"103":3,"104":2,"105":3,"106":2,"107":2},"f":{"0":7224,"1":166,"2":12185,"3":1538,"4":518,"5":2679,"6":892,"7":1742,"8":582,"9":788,"10":264,"11":1034,"12":344,"13":0,"14":4397,"15":1811,"16":1811,"17":1811,"18":510,"19":510,"20":510,"21":510,"22":890,"23":890,"24":580,"25":580,"26":262,"27":262,"28":262,"29":262,"30":344,"31":353,"32":7028,"33":9008,"34":2966},"b":{"0":[6],"1":[33,7191],"2":[7211,0],"3":[9,4],"4":[7191,null],"5":[0,166],"6":[166,10],"7":[166,null],"8":[4068,null,null],"9":[6,4062],"10":[4066,null],"11":[510,null,null],"12":[510,2],"13":[510,512],"14":[890,null,null],"15":[580,0,null],"16":[262,0,null],"17":[344,0,null],"18":[0,0,null,null,null],"19":[0,0],"20":[0,0],"21":[8121,4059],"22":[4059,4062],"23":[359,1],"24":[1020,510],"25":[0],"26":[0],"27":[90],"28":[195],"29":[80],"30":[80],"31":[0],"32":[3002,2966,0,3002],"33":[2586],"34":[2966],"35":[54]},"_coverageSchema":"1a1c01bbd47fc00a2c39e90264f33305004495a9","hash":"9b2ea173756d92e25b7fa5b41285c33cc2e78731"}
,"/Users/tim/src/grexie/grexie-pages/packages/builder/src/FileSystem.ts": {"path":"/Users/tim/src/grexie/grexie-pages/packages/builder/src/FileSystem.ts","statementMap":{"0":{"start":{"line":1,"column":0},"end":{"line":1,"column":null}},"1":{"start":{"line":3,"column":0},"end":{"line":3,"column":null}},"2":{"start":{"line":131,"column":16},"end":{"line":131,"column":null}},"3":{"start":{"line":132,"column":4},"end":{"line":132,"column":null}},"4":{"start":{"line":139,"column":4},"end":{"line":138,"column":null}},"5":{"start":{"line":140,"column":4},"end":{"line":140,"column":22}},"6":{"start":{"line":146,"column":4},"end":{"line":146,"column":11}},"7":{"start":{"line":150,"column":18},"end":{"line":150,"column":36}},"8":{"start":{"line":150,"column":48},"end":{"line":150,"column":52}},"9":{"start":{"line":152,"column":4},"end":{"line":154,"column":null}},"10":{"start":{"line":153,"column":6},"end":{"line":153,"column":12}},"11":{"start":{"line":156,"column":4},"end":{"line":156,"column":22}},"12":{"start":{"line":162,"column":72},"end":{"line":161,"column":null}},"13":{"start":{"line":163,"column":19},"end":{"line":163,"column":22}},"14":{"start":{"line":164,"column":4},"end":{"line":164,"column":12}},"15":{"start":{"line":166,"column":4},"end":{"line":168,"column":null}},"16":{"start":{"line":167,"column":6},"end":{"line":167,"column":17}},"17":{"start":{"line":167,"column":39},"end":{"line":167,"column":57}},"18":{"start":{"line":167,"column":39},"end":{"line":167,"column":42}},"19":{"start":{"line":170,"column":4},"end":{"line":170,"column":15}},"20":{"start":{"line":170,"column":37},"end":{"line":170,"column":51}},"21":{"start":{"line":170,"column":37},"end":{"line":170,"column":40}},"22":{"start":{"line":172,"column":4},"end":{"line":172,"column":15}},"23":{"start":{"line":172,"column":21},"end":{"line":172,"column":22}},"24":{"start":{"line":174,"column":4},"end":{"line":174,"column":11}},"25":{"start":{"line":174,"column":27},"end":{"line":174,"column":39}},"26":{"start":{"line":174,"column":27},"end":{"line":174,"column":30}},"27":{"start":{"line":320,"column":4},"end":{"line":320,"column":11}},"28":{"start":{"line":320,"column":67},"end":{"line":320,"column":71}},"29":{"start":{"line":323,"column":4},"end":{"line":323,"column":11}},"30":{"start":{"line":341,"column":4},"end":{"line":341,"column":11}},"31":{"start":{"line":341,"column":67},"end":{"line":341,"column":71}},"32":{"start":{"line":344,"column":4},"end":{"line":344,"column":11}},"33":{"start":{"line":361,"column":9},"end":{"line":361,"column":null}},"34":{"start":{"line":362,"column":24},"end":{"line":362,"column":null}},"35":{"start":{"line":363,"column":24},"end":{"line":363,"column":null}},"36":{"start":{"line":365,"column":12},"end":{"line":365,"column":13}},"37":{"start":{"line":366,"column":11},"end":{"line":366,"column":23}},"38":{"start":{"line":366,"column":11},"end":{"line":366,"column":14}},"39":{"start":{"line":368,"column":14},"end":{"line":368,"column":17}},"40":{"start":{"line":368,"column":17},"end":{"line":368,"column":null}},"41":{"start":{"line":369,"column":12},"end":{"line":368,"column":null}},"42":{"start":{"line":381,"column":17},"end":{"line":381,"column":null}},"43":{"start":{"line":382,"column":24},"end":{"line":382,"column":25}},"44":{"start":{"line":376,"column":14},"end":{"line":368,"column":null}},"45":{"start":{"line":387,"column":8},"end":{"line":387,"column":11}},"46":{"start":{"line":394,"column":4},"end":{"line":394,"column":7}},"47":{"start":{"line":396,"column":4},"end":{"line":403,"column":null}},"48":{"start":{"line":397,"column":6},"end":{"line":397,"column":10}},"49":{"start":{"line":398,"column":11},"end":{"line":398,"column":15}},"50":{"start":{"line":399,"column":11},"end":{"line":399,"column":15}},"51":{"start":{"line":402,"column":6},"end":{"line":402,"column":13}},"52":{"start":{"line":406,"column":24},"end":{"line":406,"column":null}},"53":{"start":{"line":407,"column":24},"end":{"line":407,"column":null}},"54":{"start":{"line":409,"column":12},"end":{"line":409,"column":13}},"55":{"start":{"line":410,"column":11},"end":{"line":410,"column":23}},"56":{"start":{"line":410,"column":11},"end":{"line":410,"column":14}},"57":{"start":{"line":405,"column":63},"end":{"line":405,"column":null}},"58":{"start":{"line":412,"column":4},"end":{"line":424,"column":null}},"59":{"start":{"line":412,"column":34},"end":{"line":412,"column":null}},"60":{"start":{"line":413,"column":6},"end":{"line":423,"column":null}},"61":{"start":{"line":414,"column":19},"end":{"line":414,"column":22}},"62":{"start":{"line":420,"column":8},"end":{"line":420,"column":11}},"63":{"start":{"line":421,"column":23},"end":{"line":421,"column":24}},"64":{"start":{"line":426,"column":4},"end":{"line":426,"column":7}},"65":{"start":{"line":428,"column":4},"end":{"line":428,"column":11}},"66":{"start":{"line":440,"column":4},"end":{"line":440,"column":11}},"67":{"start":{"line":440,"column":64},"end":{"line":440,"column":68}},"68":{"start":{"line":443,"column":4},"end":{"line":443,"column":11}},"69":{"start":{"line":455,"column":4},"end":{"line":455,"column":11}},"70":{"start":{"line":455,"column":65},"end":{"line":455,"column":69}},"71":{"start":{"line":458,"column":4},"end":{"line":458,"column":11}},"72":{"start":{"line":476,"column":4},"end":{"line":476,"column":11}},"73":{"start":{"line":481,"column":14},"end":{"line":481,"column":18}},"74":{"start":{"line":485,"column":4},"end":{"line":485,"column":11}},"75":{"start":{"line":499,"column":4},"end":{"line":499,"column":11}},"76":{"start":{"line":504,"column":6},"end":{"line":504,"column":12}},"77":{"start":{"line":508,"column":4},"end":{"line":508,"column":11}},"78":{"start":{"line":522,"column":41},"end":{"line":522,"column":null}},"79":{"start":{"line":522,"column":28},"end":{"line":522,"column":null}},"80":{"start":{"line":524,"column":6},"end":{"line":524,"column":null}},"81":{"start":{"line":525,"column":4},"end":{"line":525,"column":11}},"82":{"start":{"line":528,"column":24},"end":{"line":528,"column":25}},"83":{"start":{"line":529,"column":4},"end":{"line":531,"column":null}},"84":{"start":{"line":530,"column":6},"end":{"line":530,"column":10}},"85":{"start":{"line":532,"column":4},"end":{"line":532,"column":19}},"86":{"start":{"line":549,"column":39},"end":{"line":549,"column":null}},"87":{"start":{"line":549,"column":26},"end":{"line":549,"column":null}},"88":{"start":{"line":551,"column":6},"end":{"line":551,"column":null}},"89":{"start":{"line":552,"column":22},"end":{"line":552,"column":11}},"90":{"start":{"line":554,"column":4},"end":{"line":554,"column":11}},"91":{"start":{"line":572,"column":4},"end":{"line":572,"column":19}},"92":{"start":{"line":595,"column":41},"end":{"line":595,"column":null}},"93":{"start":{"line":595,"column":28},"end":{"line":595,"column":null}},"94":{"start":{"line":597,"column":6},"end":{"line":597,"column":null}},"95":{"start":{"line":598,"column":22},"end":{"line":598,"column":11}},"96":{"start":{"line":599,"column":4},"end":{"line":599,"column":11}},"97":{"start":{"line":617,"column":4},"end":{"line":617,"column":19}},"98":{"start":{"line":635,"column":4},"end":{"line":635,"column":11}},"99":{"start":{"line":635,"column":60},"end":{"line":635,"column":66}},"100":{"start":{"line":638,"column":4},"end":{"line":638,"column":11}},"101":{"start":{"line":642,"column":4},"end":{"line":642,"column":11}},"102":{"start":{"line":645,"column":4},"end":{"line":645,"column":11}},"103":{"start":{"line":648,"column":4},"end":{"line":648,"column":11}},"104":{"start":{"line":185,"column":4},"end":{"line":187,"column":null}},"105":{"start":{"line":186,"column":6},"end":{"line":186,"column":13}},"106":{"start":{"line":190,"column":4},"end":{"line":190,"column":15}},"107":{"start":{"line":200,"column":7},"end":{"line":null,"column":-1}},"108":{"start":{"line":203,"column":8},"end":{"line":203,"column":16}},"109":{"start":{"line":212,"column":8},"end":{"line":212,"column":11}},"110":{"start":{"line":214,"column":10},"end":{"line":225,"column":null}},"111":{"start":{"line":215,"column":12},"end":{"line":215,"column":13}},"112":{"start":{"line":216,"column":14},"end":{"line":219,"column":null}},"113":{"start":{"line":217,"column":16},"end":{"line":217,"column":22}},"114":{"start":{"line":218,"column":16},"end":{"line":218,"column":null}},"115":{"start":{"line":215,"column":64},"end":{"line":215,"column":null}},"116":{"start":{"line":215,"column":51},"end":{"line":215,"column":null}},"117":{"start":{"line":221,"column":14},"end":{"line":221,"column":21}},"118":{"start":{"line":224,"column":12},"end":{"line":224,"column":18}},"119":{"start":{"line":229,"column":8},"end":{"line":229,"column":11}},"120":{"start":{"line":236,"column":4},"end":{"line":238,"column":null}},"121":{"start":{"line":237,"column":6},"end":{"line":237,"column":11}},"122":{"start":{"line":242,"column":8},"end":{"line":242,"column":16}},"123":{"start":{"line":250,"column":6},"end":{"line":250,"column":14}},"124":{"start":{"line":263,"column":4},"end":{"line":265,"column":null}},"125":{"start":{"line":264,"column":6},"end":{"line":264,"column":13}},"126":{"start":{"line":267,"column":21},"end":{"line":267,"column":26}},"127":{"start":{"line":268,"column":4},"end":{"line":268,"column":15}},"128":{"start":{"line":273,"column":14},"end":{"line":273,"column":null}},"129":{"start":{"line":274,"column":16},"end":{"line":274,"column":null}},"130":{"start":{"line":276,"column":4},"end":{"line":278,"column":null}},"131":{"start":{"line":277,"column":6},"end":{"line":277,"column":12}},"132":{"start":{"line":262,"column":7},"end":{"line":262,"column":null}},"133":{"start":{"line":280,"column":4},"end":{"line":292,"column":null}},"134":{"start":{"line":280,"column":34},"end":{"line":280,"column":null}},"135":{"start":{"line":281,"column":6},"end":{"line":291,"column":null}},"136":{"start":{"line":282,"column":8},"end":{"line":282,"column":11}},"137":{"start":{"line":283,"column":8},"end":{"line":283,"column":13}},"138":{"start":{"line":285,"column":8},"end":{"line":285,"column":null}},"139":{"start":{"line":287,"column":8},"end":{"line":287,"column":11}},"140":{"start":{"line":288,"column":8},"end":{"line":290,"column":null}},"141":{"start":{"line":289,"column":10},"end":{"line":289,"column":null}},"142":{"start":{"line":294,"column":4},"end":{"line":296,"column":null}},"143":{"start":{"line":295,"column":6},"end":{"line":295,"column":11}},"144":{"start":{"line":298,"column":4},"end":{"line":300,"column":null}},"145":{"start":{"line":299,"column":6},"end":{"line":299,"column":12}},"146":{"start":{"line":302,"column":4},"end":{"line":302,"column":11}},"147":{"start":{"line":638,"column":4},"end":{"line":638,"column":58}},"148":{"start":{"line":642,"column":4},"end":{"line":642,"column":31}},"149":{"start":{"line":645,"column":4},"end":{"line":645,"column":35}},"150":{"start":{"line":648,"column":4},"end":{"line":648,"column":34}}},"fnMap":{"0":{"name":"FileSystem","decl":{"start":{"line":131,"column":2},"end":{"line":131,"column":16}},"loc":{"start":{"line":131,"column":16},"end":{"line":133,"column":null}}},"1":{"name":"add","decl":{"start":{"line":135,"column":2},"end":{"line":135,"column":null}},"loc":{"start":{"line":139,"column":4},"end":{"line":147,"column":null}}},"2":{"name":"remove","decl":{"start":{"line":149,"column":2},"end":{"line":149,"column":9}},"loc":{"start":{"line":149,"column":23},"end":{"line":157,"column":null}}},"3":{"name":"(anonymous_99)","decl":{"start":{"line":150,"column":46},"end":{"line":150,"column":48}},"loc":{"start":{"line":150,"column":48},"end":{"line":150,"column":52}}},"4":{"name":"find","decl":{"start":{"line":159,"column":2},"end":{"line":159,"column":null}},"loc":{"start":{"line":162,"column":72},"end":{"line":175,"column":null}}},"5":{"name":"(anonymous_101)","decl":{"start":{"line":167,"column":39},"end":{"line":167,"column":42}},"loc":{"start":{"line":167,"column":39},"end":{"line":167,"column":42}}},"6":{"name":"(anonymous_102)","decl":{"start":{"line":170,"column":37},"end":{"line":170,"column":40}},"loc":{"start":{"line":170,"column":37},"end":{"line":170,"column":40}}},"7":{"name":"(anonymous_103)","decl":{"start":{"line":172,"column":21},"end":{"line":172,"column":22}},"loc":{"start":{"line":172,"column":21},"end":{"line":172,"column":22}}},"8":{"name":"(anonymous_104)","decl":{"start":{"line":174,"column":27},"end":{"line":174,"column":30}},"loc":{"start":{"line":174,"column":27},"end":{"line":174,"column":30}}},"9":{"name":"readFile","decl":{"start":{"line":313,"column":2},"end":{"line":313,"column":null}},"loc":{"start":{"line":319,"column":4},"end":{"line":321,"column":null}}},"10":{"name":"(anonymous_106)","decl":{"start":{"line":320,"column":63},"end":{"line":320,"column":67}},"loc":{"start":{"line":320,"column":67},"end":{"line":320,"column":71}}},"11":{"name":"readFileSync","decl":{"start":{"line":322,"column":2},"end":{"line":322,"column":15}},"loc":{"start":{"line":322,"column":50},"end":{"line":324,"column":null}}},"12":{"name":"readlink","decl":{"start":{"line":334,"column":2},"end":{"line":334,"column":null}},"loc":{"start":{"line":340,"column":4},"end":{"line":342,"column":null}}},"13":{"name":"(anonymous_109)","decl":{"start":{"line":341,"column":63},"end":{"line":341,"column":67}},"loc":{"start":{"line":341,"column":67},"end":{"line":341,"column":71}}},"14":{"name":"readlinkSync","decl":{"start":{"line":343,"column":2},"end":{"line":343,"column":15}},"loc":{"start":{"line":343,"column":50},"end":{"line":345,"column":null}}},"15":{"name":"readdir","decl":{"start":{"line":355,"column":2},"end":{"line":355,"column":null}},"loc":{"start":{"line":361,"column":9},"end":{"line":404,"column":null}}},"16":{"name":"(anonymous_112)","decl":{"start":{"line":365,"column":12},"end":{"line":365,"column":13}},"loc":{"start":{"line":365,"column":12},"end":{"line":365,"column":13}}},"17":{"name":"(anonymous_113)","decl":{"start":{"line":366,"column":11},"end":{"line":366,"column":14}},"loc":{"start":{"line":366,"column":11},"end":{"line":366,"column":14}}},"18":{"name":"(anonymous_114)","decl":{"start":{"line":368,"column":14},"end":{"line":368,"column":17}},"loc":{"start":{"line":368,"column":14},"end":{"line":368,"column":17}}},"19":{"name":"_callee","decl":{"start":{"line":368,"column":17},"end":{"line":368,"column":null}},"loc":{"start":{"line":368,"column":17},"end":{"line":368,"column":null}}},"20":{"name":"(anonymous_117)","decl":{"start":{"line":381,"column":10},"end":{"line":381,"column":17}},"loc":{"start":{"line":381,"column":17},"end":{"line":381,"column":null}}},"21":{"name":"(anonymous_118)","decl":{"start":{"line":382,"column":24},"end":{"line":382,"column":25}},"loc":{"start":{"line":382,"column":24},"end":{"line":382,"column":25}}},"22":{"name":"next","decl":{"start":{"line":368,"column":10},"end":{"line":368,"column":14}},"loc":{"start":{"line":368,"column":14},"end":{"line":368,"column":17}}},"23":{"name":"(anonymous_120)","decl":{"start":{"line":398,"column":8},"end":{"line":398,"column":11}},"loc":{"start":{"line":398,"column":11},"end":{"line":398,"column":15}}},"24":{"name":"(anonymous_121)","decl":{"start":{"line":399,"column":8},"end":{"line":399,"column":11}},"loc":{"start":{"line":399,"column":11},"end":{"line":399,"column":15}}},"25":{"name":"readdirSync","decl":{"start":{"line":405,"column":2},"end":{"line":405,"column":14}},"loc":{"start":{"line":405,"column":63},"end":{"line":429,"column":null}}},"26":{"name":"(anonymous_123)","decl":{"start":{"line":409,"column":12},"end":{"line":409,"column":13}},"loc":{"start":{"line":409,"column":12},"end":{"line":409,"column":13}}},"27":{"name":"(anonymous_124)","decl":{"start":{"line":410,"column":11},"end":{"line":410,"column":14}},"loc":{"start":{"line":410,"column":11},"end":{"line":410,"column":14}}},"28":{"name":"(anonymous_125)","decl":{"start":{"line":421,"column":23},"end":{"line":421,"column":24}},"loc":{"start":{"line":421,"column":23},"end":{"line":421,"column":24}}},"29":{"name":"stat","decl":{"start":{"line":436,"column":2},"end":{"line":436,"column":null}},"loc":{"start":{"line":439,"column":4},"end":{"line":441,"column":null}}},"30":{"name":"(anonymous_127)","decl":{"start":{"line":440,"column":59},"end":{"line":440,"column":64}},"loc":{"start":{"line":440,"column":64},"end":{"line":440,"column":68}}},"31":{"name":"statSync","decl":{"start":{"line":442,"column":2},"end":{"line":442,"column":11}},"loc":{"start":{"line":442,"column":36},"end":{"line":444,"column":null}}},"32":{"name":"lstat","decl":{"start":{"line":451,"column":2},"end":{"line":451,"column":null}},"loc":{"start":{"line":454,"column":4},"end":{"line":456,"column":null}}},"33":{"name":"(anonymous_130)","decl":{"start":{"line":455,"column":60},"end":{"line":455,"column":65}},"loc":{"start":{"line":455,"column":65},"end":{"line":455,"column":69}}},"34":{"name":"lstatSync","decl":{"start":{"line":457,"column":2},"end":{"line":457,"column":12}},"loc":{"start":{"line":457,"column":37},"end":{"line":459,"column":null}}},"35":{"name":"realpath","decl":{"start":{"line":469,"column":2},"end":{"line":469,"column":null}},"loc":{"start":{"line":475,"column":4},"end":{"line":483,"column":null}}},"36":{"name":"(anonymous_133)","decl":{"start":{"line":481,"column":6},"end":{"line":481,"column":14}},"loc":{"start":{"line":481,"column":14},"end":{"line":481,"column":18}}},"37":{"name":"realpathSync","decl":{"start":{"line":484,"column":2},"end":{"line":484,"column":15}},"loc":{"start":{"line":484,"column":41},"end":{"line":486,"column":null}}},"38":{"name":"writeFile","decl":{"start":{"line":494,"column":2},"end":{"line":494,"column":null}},"loc":{"start":{"line":498,"column":4},"end":{"line":506,"column":null}}},"39":{"name":"(anonymous_136)","decl":{"start":{"line":504,"column":6},"end":{"line":504,"column":12}},"loc":{"start":{"line":504,"column":6},"end":{"line":504,"column":12}}},"40":{"name":"writeFileSync","decl":{"start":{"line":507,"column":2},"end":{"line":507,"column":16}},"loc":{"start":{"line":507,"column":63},"end":{"line":509,"column":null}}},"41":{"name":"mkdir","decl":{"start":{"line":522,"column":2},"end":{"line":522,"column":8}},"loc":{"start":{"line":522,"column":41},"end":{"line":526,"column":null}}},"42":{"name":"(anonymous_139)","decl":{"start":{"line":525,"column":67},"end":{"line":525,"column":73}},"loc":{"start":{"line":525,"column":73},"end":{"line":525,"column":null}}},"43":{"name":"mkdirSync","decl":{"start":{"line":527,"column":2},"end":{"line":527,"column":12}},"loc":{"start":{"line":527,"column":70},"end":{"line":533,"column":null}}},"44":{"name":"rm","decl":{"start":{"line":549,"column":2},"end":{"line":549,"column":5}},"loc":{"start":{"line":549,"column":39},"end":{"line":567,"column":null}}},"45":{"name":"(anonymous_142)","decl":{"start":{"line":565,"column":6},"end":{"line":565,"column":12}},"loc":{"start":{"line":565,"column":12},"end":{"line":565,"column":null}}},"46":{"name":"rmSync","decl":{"start":{"line":568,"column":2},"end":{"line":568,"column":null}},"loc":{"start":{"line":571,"column":10},"end":{"line":579,"column":null}}},"47":{"name":"rmdir","decl":{"start":{"line":595,"column":2},"end":{"line":595,"column":8}},"loc":{"start":{"line":595,"column":41},"end":{"line":612,"column":null}}},"48":{"name":"(anonymous_145)","decl":{"start":{"line":610,"column":6},"end":{"line":610,"column":12}},"loc":{"start":{"line":610,"column":12},"end":{"line":610,"column":null}}},"49":{"name":"rmdirSync","decl":{"start":{"line":613,"column":2},"end":{"line":613,"column":null}},"loc":{"start":{"line":616,"column":10},"end":{"line":624,"column":null}}},"50":{"name":"unlink","decl":{"start":{"line":631,"column":2},"end":{"line":631,"column":null}},"loc":{"start":{"line":634,"column":4},"end":{"line":636,"column":null}}},"51":{"name":"(anonymous_148)","decl":{"start":{"line":635,"column":60},"end":{"line":635,"column":66}},"loc":{"start":{"line":635,"column":60},"end":{"line":635,"column":66}}},"52":{"name":"unlinkSync","decl":{"start":{"line":637,"column":2},"end":{"line":637,"column":13}},"loc":{"start":{"line":637,"column":37},"end":{"line":639,"column":null}}},"53":{"name":"join","decl":{"start":{"line":641,"column":2},"end":{"line":641,"column":27}},"loc":{"start":{"line":641,"column":27},"end":{"line":643,"column":null}}},"54":{"name":"relative","decl":{"start":{"line":644,"column":2},"end":{"line":644,"column":11}},"loc":{"start":{"line":644,"column":37},"end":{"line":646,"column":null}}},"55":{"name":"dirname","decl":{"start":{"line":647,"column":2},"end":{"line":647,"column":10}},"loc":{"start":{"line":647,"column":28},"end":{"line":649,"column":null}}},"56":{"name":"(anonymous_159)","decl":{"start":{"line":213,"column":37},"end":{"line":213,"column":38}},"loc":{"start":{"line":213,"column":58},"end":{"line":226,"column":null}}},"57":{"name":"(anonymous_160)","decl":{"start":{"line":215,"column":39},"end":{"line":215,"column":40}},"loc":{"start":{"line":215,"column":64},"end":{"line":222,"column":null}}},"58":{"name":"_callSync2","decl":{"start":{"line":258,"column":4},"end":{"line":258,"column":null}},"loc":{"start":{"line":262,"column":7},"end":{"line":303,"column":null}}}},"branchMap":{"0":{"loc":{"start":{"line":129,"column":4},"end":{"line":129,"column":null}},"type":"binary-expr","locations":[{"start":{"line":129,"column":4},"end":{"line":129,"column":54}},{"start":{"line":129,"column":54},"end":{"line":129,"column":null}}]},"1":{"loc":{"start":{"line":139,"column":4},"end":{"line":138,"column":null}},"type":"cond-expr","locations":[{"start":{"line":139,"column":4},"end":{"line":139,"column":null}},{"start":{"line":138,"column":24},"end":{"line":138,"column":null}}]},"2":{"loc":{"start":{"line":139,"column":4},"end":{"line":139,"column":null}},"type":"binary-expr","locations":[{"start":{"line":139,"column":4},"end":{"line":139,"column":null}},{"start":{"line":139,"column":4},"end":{"line":139,"column":null}}]},"3":{"loc":{"start":{"line":152,"column":4},"end":{"line":154,"column":null}},"type":"if","locations":[{"start":{"line":152,"column":4},"end":{"line":154,"column":null}}]},"4":{"loc":{"start":{"line":162,"column":72},"end":{"line":161,"column":null}},"type":"cond-expr","locations":[{"start":{"line":162,"column":72},"end":{"line":162,"column":null}},{"start":{"line":161,"column":24},"end":{"line":161,"column":null}}]},"5":{"loc":{"start":{"line":162,"column":72},"end":{"line":162,"column":null}},"type":"binary-expr","locations":[{"start":{"line":162,"column":72},"end":{"line":162,"column":null}},{"start":{"line":162,"column":72},"end":{"line":162,"column":null}}]},"6":{"loc":{"start":{"line":166,"column":4},"end":{"line":168,"column":null}},"type":"if","locations":[{"start":{"line":166,"column":4},"end":{"line":168,"column":null}}]},"7":{"loc":{"start":{"line":368,"column":17},"end":{"line":368,"column":null}},"type":"switch","locations":[{"start":{"line":368,"column":17},"end":{"line":368,"column":null}},{"start":{"line":368,"column":17},"end":{"line":368,"column":null}},{"start":{"line":368,"column":17},"end":{"line":368,"column":null}},{"start":{"line":368,"column":17},"end":{"line":368,"column":null}},{"start":{"line":368,"column":17},"end":{"line":368,"column":null}},{"start":{"line":368,"column":17},"end":{"line":368,"column":null}}]},"8":{"loc":{"start":{"line":368,"column":17},"end":{"line":368,"column":null}},"type":"if","locations":[{"start":{"line":368,"column":17},"end":{"line":368,"column":null}}]},"9":{"loc":{"start":{"line":383,"column":14},"end":{"line":383,"column":42}},"type":"cond-expr","locations":[{"start":{"line":383,"column":26},"end":{"line":383,"column":38}},{"start":{"line":383,"column":38},"end":{"line":383,"column":42}}]},"10":{"loc":{"start":{"line":396,"column":4},"end":{"line":403,"column":null}},"type":"if","locations":[{"start":{"line":396,"column":4},"end":{"line":403,"column":null}},{"start":{"line":401,"column":11},"end":{"line":403,"column":null}}]},"11":{"loc":{"start":{"line":421,"column":39},"end":{"line":421,"column":67}},"type":"cond-expr","locations":[{"start":{"line":421,"column":51},"end":{"line":421,"column":63}},{"start":{"line":421,"column":63},"end":{"line":421,"column":67}}]},"12":{"loc":{"start":{"line":522,"column":41},"end":{"line":522,"column":null}},"type":"cond-expr","locations":[{"start":{"line":522,"column":41},"end":{"line":522,"column":null}},{"start":{"line":522,"column":41},"end":{"line":522,"column":null}}]},"13":{"loc":{"start":{"line":524,"column":6},"end":{"line":524,"column":null}},"type":"cond-expr","locations":[{"start":{"line":524,"column":52},"end":{"line":524,"column":56}},{"start":{"line":524,"column":65},"end":{"line":524,"column":null}}]},"14":{"loc":{"start":{"line":529,"column":4},"end":{"line":531,"column":null}},"type":"if","locations":[{"start":{"line":529,"column":4},"end":{"line":531,"column":null}}]},"15":{"loc":{"start":{"line":549,"column":39},"end":{"line":549,"column":null}},"type":"cond-expr","locations":[{"start":{"line":549,"column":39},"end":{"line":549,"column":null}},{"start":{"line":549,"column":39},"end":{"line":549,"column":null}}]},"16":{"loc":{"start":{"line":551,"column":6},"end":{"line":551,"column":null}},"type":"cond-expr","locations":[{"start":{"line":551,"column":52},"end":{"line":551,"column":56}},{"start":{"line":551,"column":65},"end":{"line":551,"column":null}}]},"17":{"loc":{"start":{"line":561,"column":19},"end":{"line":561,"column":null}},"type":"cond-expr","locations":[{"start":{"line":561,"column":19},"end":{"line":561,"column":21}},{"start":{"line":561,"column":43},"end":{"line":561,"column":null}}]},"18":{"loc":{"start":{"line":561,"column":19},"end":{"line":561,"column":21}},"type":"binary-expr","locations":[{"start":{"line":561,"column":19},"end":{"line":561,"column":21}},{"start":{"line":561,"column":19},"end":{"line":561,"column":21}}]},"19":{"loc":{"start":{"line":561,"column":21},"end":{"line":561,"column":43}},"type":"cond-expr","locations":[{"start":{"line":561,"column":19},"end":{"line":561,"column":21}},{"start":{"line":561,"column":21},"end":{"line":561,"column":43}}]},"20":{"loc":{"start":{"line":561,"column":21},"end":{"line":561,"column":20}},"type":"binary-expr","locations":[{"start":{"line":561,"column":21},"end":{"line":561,"column":20}},{"start":{"line":561,"column":21},"end":{"line":561,"column":20}}]},"21":{"loc":{"start":{"line":562,"column":15},"end":{"line":562,"column":null}},"type":"cond-expr","locations":[{"start":{"line":562,"column":15},"end":{"line":562,"column":17}},{"start":{"line":562,"column":35},"end":{"line":562,"column":null}}]},"22":{"loc":{"start":{"line":562,"column":15},"end":{"line":562,"column":17}},"type":"binary-expr","locations":[{"start":{"line":562,"column":15},"end":{"line":562,"column":17}},{"start":{"line":562,"column":15},"end":{"line":562,"column":17}}]},"23":{"loc":{"start":{"line":562,"column":17},"end":{"line":562,"column":35}},"type":"cond-expr","locations":[{"start":{"line":562,"column":15},"end":{"line":562,"column":17}},{"start":{"line":562,"column":17},"end":{"line":562,"column":35}}]},"24":{"loc":{"start":{"line":562,"column":17},"end":{"line":562,"column":16}},"type":"binary-expr","locations":[{"start":{"line":562,"column":17},"end":{"line":562,"column":16}},{"start":{"line":562,"column":17},"end":{"line":562,"column":16}}]},"25":{"loc":{"start":{"line":575,"column":17},"end":{"line":575,"column":null}},"type":"cond-expr","locations":[{"start":{"line":575,"column":17},"end":{"line":575,"column":19}},{"start":{"line":575,"column":41},"end":{"line":575,"column":null}}]},"26":{"loc":{"start":{"line":575,"column":17},"end":{"line":575,"column":19}},"type":"binary-expr","locations":[{"start":{"line":575,"column":17},"end":{"line":575,"column":19}},{"start":{"line":575,"column":17},"end":{"line":575,"column":19}}]},"27":{"loc":{"start":{"line":575,"column":19},"end":{"line":575,"column":41}},"type":"cond-expr","locations":[{"start":{"line":575,"column":17},"end":{"line":575,"column":19}},{"start":{"line":575,"column":19},"end":{"line":575,"column":41}}]},"28":{"loc":{"start":{"line":575,"column":19},"end":{"line":575,"column":18}},"type":"binary-expr","locations":[{"start":{"line":575,"column":19},"end":{"line":575,"column":18}},{"start":{"line":575,"column":19},"end":{"line":575,"column":18}}]},"29":{"loc":{"start":{"line":576,"column":13},"end":{"line":576,"column":null}},"type":"cond-expr","locations":[{"start":{"line":576,"column":13},"end":{"line":576,"column":15}},{"start":{"line":576,"column":33},"end":{"line":576,"column":null}}]},"30":{"loc":{"start":{"line":576,"column":13},"end":{"line":576,"column":15}},"type":"binary-expr","locations":[{"start":{"line":576,"column":13},"end":{"line":576,"column":15}},{"start":{"line":576,"column":13},"end":{"line":576,"column":15}}]},"31":{"loc":{"start":{"line":576,"column":15},"end":{"line":576,"column":33}},"type":"cond-expr","locations":[{"start":{"line":576,"column":13},"end":{"line":576,"column":15}},{"start":{"line":576,"column":15},"end":{"line":576,"column":33}}]},"32":{"loc":{"start":{"line":576,"column":15},"end":{"line":576,"column":14}},"type":"binary-expr","locations":[{"start":{"line":576,"column":15},"end":{"line":576,"column":14}},{"start":{"line":576,"column":15},"end":{"line":576,"column":14}}]},"33":{"loc":{"start":{"line":595,"column":41},"end":{"line":595,"column":null}},"type":"cond-expr","locations":[{"start":{"line":595,"column":41},"end":{"line":595,"column":null}},{"start":{"line":595,"column":41},"end":{"line":595,"column":null}}]},"34":{"loc":{"start":{"line":597,"column":6},"end":{"line":597,"column":null}},"type":"cond-expr","locations":[{"start":{"line":597,"column":52},"end":{"line":597,"column":56}},{"start":{"line":597,"column":65},"end":{"line":597,"column":null}}]},"35":{"loc":{"start":{"line":606,"column":19},"end":{"line":606,"column":null}},"type":"cond-expr","locations":[{"start":{"line":606,"column":19},"end":{"line":606,"column":21}},{"start":{"line":606,"column":43},"end":{"line":606,"column":null}}]},"36":{"loc":{"start":{"line":606,"column":19},"end":{"line":606,"column":21}},"type":"binary-expr","locations":[{"start":{"line":606,"column":19},"end":{"line":606,"column":21}},{"start":{"line":606,"column":19},"end":{"line":606,"column":21}}]},"37":{"loc":{"start":{"line":606,"column":21},"end":{"line":606,"column":43}},"type":"cond-expr","locations":[{"start":{"line":606,"column":19},"end":{"line":606,"column":21}},{"start":{"line":606,"column":21},"end":{"line":606,"column":43}}]},"38":{"loc":{"start":{"line":606,"column":21},"end":{"line":606,"column":20}},"type":"binary-expr","locations":[{"start":{"line":606,"column":21},"end":{"line":606,"column":20}},{"start":{"line":606,"column":21},"end":{"line":606,"column":20}}]},"39":{"loc":{"start":{"line":607,"column":15},"end":{"line":607,"column":null}},"type":"cond-expr","locations":[{"start":{"line":607,"column":15},"end":{"line":607,"column":17}},{"start":{"line":607,"column":35},"end":{"line":607,"column":null}}]},"40":{"loc":{"start":{"line":607,"column":15},"end":{"line":607,"column":17}},"type":"binary-expr","locations":[{"start":{"line":607,"column":15},"end":{"line":607,"column":17}},{"start":{"line":607,"column":15},"end":{"line":607,"column":17}}]},"41":{"loc":{"start":{"line":607,"column":17},"end":{"line":607,"column":35}},"type":"cond-expr","locations":[{"start":{"line":607,"column":15},"end":{"line":607,"column":17}},{"start":{"line":607,"column":17},"end":{"line":607,"column":35}}]},"42":{"loc":{"start":{"line":607,"column":17},"end":{"line":607,"column":16}},"type":"binary-expr","locations":[{"start":{"line":607,"column":17},"end":{"line":607,"column":16}},{"start":{"line":607,"column":17},"end":{"line":607,"column":16}}]},"43":{"loc":{"start":{"line":620,"column":17},"end":{"line":620,"column":null}},"type":"cond-expr","locations":[{"start":{"line":620,"column":17},"end":{"line":620,"column":19}},{"start":{"line":620,"column":41},"end":{"line":620,"column":null}}]},"44":{"loc":{"start":{"line":620,"column":17},"end":{"line":620,"column":19}},"type":"binary-expr","locations":[{"start":{"line":620,"column":17},"end":{"line":620,"column":19}},{"start":{"line":620,"column":17},"end":{"line":620,"column":19}}]},"45":{"loc":{"start":{"line":620,"column":19},"end":{"line":620,"column":41}},"type":"cond-expr","locations":[{"start":{"line":620,"column":17},"end":{"line":620,"column":19}},{"start":{"line":620,"column":19},"end":{"line":620,"column":41}}]},"46":{"loc":{"start":{"line":620,"column":19},"end":{"line":620,"column":18}},"type":"binary-expr","locations":[{"start":{"line":620,"column":19},"end":{"line":620,"column":18}},{"start":{"line":620,"column":19},"end":{"line":620,"column":18}}]},"47":{"loc":{"start":{"line":621,"column":13},"end":{"line":621,"column":null}},"type":"cond-expr","locations":[{"start":{"line":621,"column":13},"end":{"line":621,"column":15}},{"start":{"line":621,"column":33},"end":{"line":621,"column":null}}]},"48":{"loc":{"start":{"line":621,"column":13},"end":{"line":621,"column":15}},"type":"binary-expr","locations":[{"start":{"line":621,"column":13},"end":{"line":621,"column":15}},{"start":{"line":621,"column":13},"end":{"line":621,"column":15}}]},"49":{"loc":{"start":{"line":621,"column":15},"end":{"line":621,"column":33}},"type":"cond-expr","locations":[{"start":{"line":621,"column":13},"end":{"line":621,"column":15}},{"start":{"line":621,"column":15},"end":{"line":621,"column":33}}]},"50":{"loc":{"start":{"line":621,"column":15},"end":{"line":621,"column":14}},"type":"binary-expr","locations":[{"start":{"line":621,"column":15},"end":{"line":621,"column":14}},{"start":{"line":621,"column":15},"end":{"line":621,"column":14}}]},"51":{"loc":{"start":{"line":185,"column":4},"end":{"line":187,"column":null}},"type":"if","locations":[{"start":{"line":185,"column":4},"end":{"line":187,"column":null}}]},"52":{"loc":{"start":{"line":190,"column":15},"end":{"line":192,"column":12}},"type":"cond-expr","locations":[{"start":{"line":190,"column":15},"end":{"line":190,"column":null}},{"start":{"line":192,"column":7},"end":{"line":192,"column":12}}]},"53":{"loc":{"start":{"line":190,"column":15},"end":{"line":190,"column":null}},"type":"binary-expr","locations":[{"start":{"line":190,"column":15},"end":{"line":190,"column":null}},{"start":{"line":190,"column":15},"end":{"line":190,"column":null}}]},"54":{"loc":{"start":{"line":216,"column":14},"end":{"line":219,"column":null}},"type":"if","locations":[{"start":{"line":216,"column":14},"end":{"line":219,"column":null}}]},"55":{"loc":{"start":{"line":215,"column":64},"end":{"line":215,"column":null}},"type":"cond-expr","locations":[{"start":{"line":215,"column":64},"end":{"line":215,"column":null}},{"start":{"line":215,"column":64},"end":{"line":215,"column":null}}]},"56":{"loc":{"start":{"line":230,"column":13},"end":{"line":230,"column":null}},"type":"cond-expr","locations":[{"start":{"line":230,"column":13},"end":{"line":230,"column":14}},{"start":{"line":230,"column":42},"end":{"line":230,"column":null}}]},"57":{"loc":{"start":{"line":230,"column":13},"end":{"line":230,"column":14}},"type":"binary-expr","locations":[{"start":{"line":230,"column":13},"end":{"line":230,"column":14}},{"start":{"line":230,"column":13},"end":{"line":230,"column":14}}]},"58":{"loc":{"start":{"line":236,"column":4},"end":{"line":238,"column":null}},"type":"if","locations":[{"start":{"line":236,"column":4},"end":{"line":238,"column":null}}]},"59":{"loc":{"start":{"line":263,"column":4},"end":{"line":265,"column":null}},"type":"if","locations":[{"start":{"line":263,"column":4},"end":{"line":265,"column":null}}]},"60":{"loc":{"start":{"line":268,"column":15},"end":{"line":270,"column":12}},"type":"cond-expr","locations":[{"start":{"line":268,"column":15},"end":{"line":268,"column":null}},{"start":{"line":270,"column":7},"end":{"line":270,"column":12}}]},"61":{"loc":{"start":{"line":268,"column":15},"end":{"line":268,"column":null}},"type":"binary-expr","locations":[{"start":{"line":268,"column":15},"end":{"line":268,"column":null}},{"start":{"line":268,"column":15},"end":{"line":268,"column":null}}]},"62":{"loc":{"start":{"line":276,"column":4},"end":{"line":278,"column":null}},"type":"if","locations":[{"start":{"line":276,"column":4},"end":{"line":278,"column":null}}]},"63":{"loc":{"start":{"line":288,"column":8},"end":{"line":290,"column":null}},"type":"if","locations":[{"start":{"line":288,"column":8},"end":{"line":290,"column":null}}]},"64":{"loc":{"start":{"line":288,"column":43},"end":{"line":288,"column":64}},"type":"cond-expr","locations":[{"start":{"line":288,"column":13},"end":{"line":288,"column":14}},{"start":{"line":288,"column":43},"end":{"line":288,"column":64}}]},"65":{"loc":{"start":{"line":288,"column":43},"end":{"line":288,"column":14}},"type":"binary-expr","locations":[{"start":{"line":288,"column":43},"end":{"line":288,"column":14}},{"start":{"line":288,"column":43},"end":{"line":288,"column":14}}]},"66":{"loc":{"start":{"line":294,"column":4},"end":{"line":296,"column":null}},"type":"if","locations":[{"start":{"line":294,"column":4},"end":{"line":296,"column":null}}]},"67":{"loc":{"start":{"line":298,"column":4},"end":{"line":300,"column":null}},"type":"if","locations":[{"start":{"line":298,"column":4},"end":{"line":300,"column":null}}]}},"s":{"0":6,"1":6,"2":484,"3":84,"4":184,"5":180,"6":180,"7":0,"8":0,"9":0,"10":6,"11":6,"12":55712,"13":55712,"14":55712,"15":55712,"16":2174,"17":4456,"18":4450,"19":55712,"20":151180,"21":151180,"22":55706,"23":16088,"24":55712,"25":66794,"26":66794,"27":13847,"28":0,"29":32,"30":8956,"31":0,"32":0,"33":126,"34":132,"35":132,"36":321,"37":321,"38":321,"39":825,"40":6364,"41":441,"42":160,"43":10986,"44":160,"45":166,"46":126,"47":126,"48":126,"49":132,"50":6,"51":6,"52":86,"53":86,"54":215,"55":215,"56":221,"57":262,"58":90,"59":217,"60":215,"61":215,"62":172,"63":316,"64":86,"65":86,"66":29254,"67":423,"68":96,"69":325,"70":0,"71":0,"72":1034,"73":0,"74":0,"75":1067,"76":0,"77":0,"78":2280,"79":570,"80":570,"81":570,"82":0,"83":0,"84":0,"85":0,"86":0,"87":0,"88":0,"89":0,"90":0,"91":7,"92":0,"93":0,"94":0,"95":0,"96":0,"97":0,"98":524,"99":0,"100":0,"101":11150,"102":0,"103":500,"104":55886,"105":0,"106":55886,"107":5000,"108":5000,"109":60834,"110":60834,"111":60834,"112":60834,"113":47396,"114":47396,"115":53752,"116":13438,"117":13438,"118":0,"119":47396,"120":50886,"121":2161,"122":37293,"123":12345,"124":350,"125":0,"126":350,"127":350,"128":354,"129":350,"130":350,"131":2,"132":1052,"133":350,"134":350,"135":350,"136":350,"137":350,"138":307,"139":43,"140":43,"141":0,"142":350,"143":7,"144":350,"145":43,"146":307,"147":0,"148":0,"149":0,"150":0},"f":{"0":84,"1":184,"2":0,"3":0,"4":55712,"5":4456,"6":151180,"7":16082,"8":66794,"9":13847,"10":6,"11":32,"12":8956,"13":0,"14":0,"15":126,"16":315,"17":315,"18":126,"19":1638,"20":160,"21":10980,"22":441,"23":126,"24":0,"25":86,"26":215,"27":215,"28":316,"29":29254,"30":423,"31":96,"32":325,"33":0,"34":0,"35":1034,"36":0,"37":0,"38":1071,"39":0,"40":0,"41":572,"42":512,"43":0,"44":0,"45":0,"46":7,"47":0,"48":0,"49":0,"50":524,"51":0,"52":0,"53":11150,"54":0,"55":500,"56":60834,"57":60834,"58":350},"b":{"0":[84,84],"1":[120,null],"2":[180,120],"3":[0],"4":[55712,0],"5":[55706,55712],"6":[2174,6],"7":[441,321,null,null,null,null],"8":[315,0],"9":[0,10986],"10":[126,0],"11":[6,316],"12":[570,6],"13":[60,510],"14":[4,2],"15":[0,0],"16":[0,0],"17":[0,0],"18":[0,0],"19":[0,0],"20":[0,0],"21":[0,0],"22":[0,0],"23":[0,0],"24":[0,0],"25":[7,2],"26":[7,7],"27":[0,7],"28":[7,7],"29":[7,0],"30":[7,7],"31":[0,7],"32":[7,7],"33":[0,0],"34":[0,0],"35":[0,0],"36":[0,0],"37":[0,0],"38":[0,0],"39":[0,0],"40":[0,0],"41":[0,0],"42":[0,0],"43":[0,0],"44":[0,0],"45":[0,0],"46":[0,0],"47":[0,0],"48":[0,0],"49":[0,0],"50":[0,0],"51":[0],"52":[315,55571],"53":[55886,55886],"54":[47396],"55":[13438,0],"56":[0,47396],"57":[47396,47396],"58":[2161],"59":[0],"60":[215,135],"61":[350,350],"62":[0],"63":[0],"64":[0,43],"65":[43,43],"66":[7],"67":[43]},"_coverageSchema":"1a1c01bbd47fc00a2c39e90264f33305004495a9","hash":"39c3f055884b6a8dd8f55024d2d65d4a5ae49ec2"}
,"/Users/tim/src/grexie/grexie-pages/packages/builder/src/index.ts": {"path":"/Users/tim/src/grexie/grexie-pages/packages/builder/src/index.ts","statementMap":{"0":{"start":{"line":1,"column":0},"end":{"line":1,"column":null}},"1":{"start":{"line":2,"column":0},"end":{"line":2,"column":null}},"2":{"start":{"line":3,"column":0},"end":{"line":3,"column":null}}},"fnMap":{"0":{"name":"(anonymous_0)","decl":{"start":{"line":1,"column":0},"end":{"line":1,"column":null}},"loc":{"start":{"line":1,"column":0},"end":{"line":1,"column":null}}},"1":{"name":"(anonymous_2)","decl":{"start":{"line":2,"column":0},"end":{"line":2,"column":null}},"loc":{"start":{"line":2,"column":0},"end":{"line":2,"column":null}}},"2":{"name":"(anonymous_4)","decl":{"start":{"line":3,"column":0},"end":{"line":3,"column":null}},"loc":{"start":{"line":3,"column":0},"end":{"line":3,"column":null}}}},"branchMap":{"0":{"loc":{"start":{"line":1,"column":0},"end":{"line":1,"column":null}},"type":"if","locations":[{"start":{"line":1,"column":0},"end":{"line":1,"column":null}}]},"1":{"loc":{"start":{"line":1,"column":0},"end":{"line":1,"column":null}},"type":"binary-expr","locations":[{"start":{"line":1,"column":0},"end":{"line":1,"column":null}},{"start":{"line":1,"column":0},"end":{"line":1,"column":null}}]},"2":{"loc":{"start":{"line":2,"column":0},"end":{"line":2,"column":null}},"type":"if","locations":[{"start":{"line":2,"column":0},"end":{"line":2,"column":null}}]},"3":{"loc":{"start":{"line":2,"column":0},"end":{"line":2,"column":null}},"type":"binary-expr","locations":[{"start":{"line":2,"column":0},"end":{"line":2,"column":null}},{"start":{"line":2,"column":0},"end":{"line":2,"column":null}}]},"4":{"loc":{"start":{"line":3,"column":0},"end":{"line":3,"column":null}},"type":"if","locations":[{"start":{"line":3,"column":0},"end":{"line":3,"column":null}}]},"5":{"loc":{"start":{"line":3,"column":0},"end":{"line":3,"column":null}},"type":"binary-expr","locations":[{"start":{"line":3,"column":0},"end":{"line":3,"column":null}},{"start":{"line":3,"column":0},"end":{"line":3,"column":null}}]}},"s":{"0":36,"1":70,"2":36},"f":{"0":24,"1":62,"2":24},"b":{"0":[0],"1":[8,4],"2":[0],"3":[4,2],"4":[0],"5":[8,4]}}
,"/Users/tim/src/grexie/grexie-pages/packages/builder/src/utils/mutex.ts": {"path":"/Users/tim/src/grexie/grexie-pages/packages/builder/src/utils/mutex.ts","statementMap":{"0":{"start":{"line":1,"column":0},"end":{"line":1,"column":null}},"1":{"start":{"line":6,"column":49},"end":{"line":6,"column":null}},"2":{"start":{"line":7,"column":4},"end":{"line":7,"column":21}},"3":{"start":{"line":11,"column":4},"end":{"line":11,"column":19}},"4":{"start":{"line":19,"column":4},"end":{"line":19,"column":11}},"5":{"start":{"line":22,"column":2},"end":{"line":22,"column":13}},"6":{"start":{"line":22,"column":13},"end":{"line":null,"column":-1}},"7":{"start":{"line":23,"column":10},"end":{"line":22,"column":13}},"8":{"start":{"line":29,"column":10},"end":{"line":22,"column":13}},"9":{"start":{"line":30,"column":4},"end":{"line":30,"column":20}},"10":{"start":{"line":31,"column":4},"end":{"line":31,"column":12}},"11":{"start":{"line":32,"column":6},"end":{"line":34,"column":null}},"12":{"start":{"line":33,"column":8},"end":{"line":33,"column":12}},"13":{"start":{"line":46,"column":44},"end":{"line":46,"column":null}},"14":{"start":{"line":47,"column":4},"end":{"line":49,"column":null}},"15":{"start":{"line":48,"column":6},"end":{"line":48,"column":11}},"16":{"start":{"line":51,"column":4},"end":{"line":51,"column":11}},"17":{"start":{"line":51,"column":24},"end":{"line":51,"column":25}},"18":{"start":{"line":54,"column":38},"end":{"line":54,"column":null}},"19":{"start":{"line":55,"column":4},"end":{"line":55,"column":11}},"20":{"start":{"line":55,"column":24},"end":{"line":55,"column":25}},"21":{"start":{"line":58,"column":39},"end":{"line":58,"column":null}},"22":{"start":{"line":59,"column":4},"end":{"line":59,"column":11}},"23":{"start":{"line":59,"column":28},"end":{"line":59,"column":32}},"24":{"start":{"line":62,"column":40},"end":{"line":62,"column":null}},"25":{"start":{"line":63,"column":4},"end":{"line":63,"column":11}},"26":{"start":{"line":63,"column":28},"end":{"line":63,"column":32}},"27":{"start":{"line":66,"column":2},"end":{"line":66,"column":19}},"28":{"start":{"line":66,"column":19},"end":{"line":null,"column":-1}},"29":{"start":{"line":67,"column":10},"end":{"line":66,"column":19}},"30":{"start":{"line":72,"column":2},"end":{"line":72,"column":13}},"31":{"start":{"line":72,"column":39},"end":{"line":72,"column":13}},"32":{"start":{"line":73,"column":10},"end":{"line":72,"column":13}},"33":{"start":{"line":74,"column":4},"end":{"line":76,"column":null}},"34":{"start":{"line":75,"column":6},"end":{"line":75,"column":11}},"35":{"start":{"line":82,"column":10},"end":{"line":72,"column":13}},"36":{"start":{"line":84,"column":10},"end":{"line":72,"column":13}},"37":{"start":{"line":85,"column":22},"end":{"line":85,"column":26}},"38":{"start":{"line":86,"column":6},"end":{"line":86,"column":10}},"39":{"start":{"line":87,"column":6},"end":{"line":87,"column":13}},"40":{"start":{"line":90,"column":4},"end":{"line":90,"column":12}},"41":{"start":{"line":91,"column":7},"end":{"line":null,"column":-1}},"42":{"start":{"line":92,"column":8},"end":{"line":94,"column":null}},"43":{"start":{"line":93,"column":10},"end":{"line":93,"column":17}},"44":{"start":{"line":98,"column":4},"end":{"line":98,"column":10}}},"fnMap":{"0":{"name":"Lock","decl":{"start":{"line":6,"column":2},"end":{"line":6,"column":14}},"loc":{"start":{"line":6,"column":49},"end":{"line":8,"column":null}}},"1":{"name":"unlock","decl":{"start":{"line":10,"column":2},"end":{"line":10,"column":11}},"loc":{"start":{"line":10,"column":11},"end":{"line":12,"column":null}}},"2":{"name":"get","decl":{"start":{"line":18,"column":2},"end":{"line":18,"column":15}},"loc":{"start":{"line":18,"column":15},"end":{"line":20,"column":null}}},"3":{"name":"_callee","decl":{"start":{"line":22,"column":2},"end":{"line":22,"column":13}},"loc":{"start":{"line":22,"column":2},"end":{"line":22,"column":13}}},"4":{"name":"(anonymous_78)","decl":{"start":{"line":31,"column":21},"end":{"line":31,"column":27}},"loc":{"start":{"line":31,"column":27},"end":{"line":35,"column":null}}},"5":{"name":"locked","decl":{"start":{"line":46,"column":2},"end":{"line":46,"column":9}},"loc":{"start":{"line":46,"column":44},"end":{"line":52,"column":null}}},"6":{"name":"(anonymous_83)","decl":{"start":{"line":51,"column":24},"end":{"line":51,"column":25}},"loc":{"start":{"line":51,"column":24},"end":{"line":51,"column":25}}},"7":{"name":"lockedAll","decl":{"start":{"line":54,"column":2},"end":{"line":54,"column":12}},"loc":{"start":{"line":54,"column":38},"end":{"line":56,"column":null}}},"8":{"name":"(anonymous_85)","decl":{"start":{"line":55,"column":24},"end":{"line":55,"column":25}},"loc":{"start":{"line":55,"column":24},"end":{"line":55,"column":25}}},"9":{"name":"lockedNot","decl":{"start":{"line":58,"column":2},"end":{"line":58,"column":12}},"loc":{"start":{"line":58,"column":39},"end":{"line":60,"column":null}}},"10":{"name":"(anonymous_87)","decl":{"start":{"line":59,"column":24},"end":{"line":59,"column":28}},"loc":{"start":{"line":59,"column":28},"end":{"line":59,"column":32}}},"11":{"name":"lockedOnly","decl":{"start":{"line":62,"column":2},"end":{"line":62,"column":13}},"loc":{"start":{"line":62,"column":40},"end":{"line":64,"column":null}}},"12":{"name":"(anonymous_89)","decl":{"start":{"line":63,"column":24},"end":{"line":63,"column":28}},"loc":{"start":{"line":63,"column":28},"end":{"line":63,"column":32}}},"13":{"name":"_callee2","decl":{"start":{"line":66,"column":2},"end":{"line":66,"column":19}},"loc":{"start":{"line":66,"column":2},"end":{"line":66,"column":19}}},"14":{"name":"_callee3","decl":{"start":{"line":72,"column":2},"end":{"line":72,"column":13}},"loc":{"start":{"line":72,"column":2},"end":{"line":72,"column":13}}},"15":{"name":"(anonymous_97)","decl":{"start":{"line":84,"column":31},"end":{"line":84,"column":35}},"loc":{"start":{"line":84,"column":39},"end":{"line":88,"column":null}}},"16":{"name":"(anonymous_98)","decl":{"start":{"line":90,"column":21},"end":{"line":90,"column":27}},"loc":{"start":{"line":90,"column":27},"end":{"line":96,"column":null}}},"17":{"name":"(anonymous_99)","decl":{"start":{"line":91,"column":34},"end":{"line":91,"column":38}},"loc":{"start":{"line":91,"column":42},"end":{"line":95,"column":null}}}},"branchMap":{"0":{"loc":{"start":{"line":22,"column":2},"end":{"line":22,"column":13}},"type":"switch","locations":[{"start":{"line":22,"column":2},"end":{"line":22,"column":13}},{"start":{"line":22,"column":2},"end":{"line":22,"column":13}},{"start":{"line":22,"column":2},"end":{"line":22,"column":13}},{"start":{"line":22,"column":2},"end":{"line":22,"column":13}},{"start":{"line":22,"column":2},"end":{"line":22,"column":13}}]},"1":{"loc":{"start":{"line":22,"column":2},"end":{"line":22,"column":null}},"type":"cond-expr","locations":[{"start":{"line":22,"column":2},"end":{"line":22,"column":13}},{"start":{"line":22,"column":29},"end":{"line":22,"column":null}}]},"2":{"loc":{"start":{"line":22,"column":2},"end":{"line":22,"column":13}},"type":"binary-expr","locations":[{"start":{"line":22,"column":2},"end":{"line":22,"column":13}},{"start":{"line":22,"column":2},"end":{"line":22,"column":13}}]},"3":{"loc":{"start":{"line":22,"column":2},"end":{"line":22,"column":13}},"type":"if","locations":[{"start":{"line":22,"column":2},"end":{"line":22,"column":13}}]},"4":{"loc":{"start":{"line":25,"column":8},"end":{"line":25,"column":null}},"type":"binary-expr","locations":[{"start":{"line":25,"column":8},"end":{"line":25,"column":23}},{"start":{"line":25,"column":23},"end":{
[...]
{"name":"(anonymous_10)","decl":{"start":{"line":219,"column":6},"end":{"line":219,"column":7}},"loc":{"start":{"line":219,"column":16},"end":{"line":219,"column":62}},"line":219},"11":{"name":"(anonymous_11)","decl":{"start":{"line":226,"column":2},"end":{"line":226,"column":3}},"loc":{"start":{"line":226,"column":35},"end":{"line":256,"column":3}},"line":226},"12":{"name":"(anonymous_12)","decl":{"start":{"line":258,"column":2},"end":{"line":258,"column":3}},"loc":{"start":{"line":258,"column":58},"end":{"line":271,"column":3}},"line":258},"13":{"name":"(anonymous_13)","decl":{"start":{"line":267,"column":13},"end":{"line":267,"column":14}},"loc":{"start":{"line":267,"column":24},"end":{"line":267,"column":43}},"line":267},"14":{"name":"(anonymous_14)","decl":{"start":{"line":268,"column":13},"end":{"line":268,"column":14}},"loc":{"start":{"line":268,"column":34},"end":{"line":268,"column":60}},"line":268}},"branchMap":{"0":{"loc":{"start":{"line":16,"column":4},"end":{"line":18,"column":5}},"type":"if","locations":[{"start":{"line":16,"column":4},"end":{"line":18,"column":5}},{"start":{},"end":{}}],"line":16},"1":{"loc":{"start":{"line":21,"column":16},"end":{"line":21,"column":26}},"type":"binary-expr","locations":[{"start":{"line":21,"column":16},"end":{"line":21,"column":20}},{"start":{"line":21,"column":24},"end":{"line":21,"column":26}}],"line":21},"2":{"loc":{"start":{"line":25,"column":4},"end":{"line":27,"column":5}},"type":"if","locations":[{"start":{"line":25,"column":4},"end":{"line":27,"column":5}},{"start":{},"end":{}}],"line":25},"3":{"loc":{"start":{"line":33,"column":4},"end":{"line":33,"column":38}},"type":"default-arg","locations":[{"start":{"line":33,"column":34},"end":{"line":33,"column":38}}],"line":33},"4":{"loc":{"start":{"line":34,"column":4},"end":{"line":34,"column":23}},"type":"default-arg","locations":[{"start":{"line":34,"column":21},"end":{"line":34,"column":23}}],"line":34},"5":{"loc":{"start":{"line":50,"column":4},"end":{"line":52,"column":5}},"type":"if","locations":[{"start":{"line":50,"column":4},"end":{"line":52,"column":5}},{"start":{},"end":{}}],"line":50},"6":{"loc":{"start":{"line":70,"column":6},"end":{"line":72,"column":7}},"type":"if","locations":[{"start":{"line":70,"column":6},"end":{"line":72,"column":7}},{"start":{},"end":{}}],"line":70},"7":{"loc":{"start":{"line":70,"column":10},"end":{"line":70,"column":75}},"type":"binary-expr","locations":[{"start":{"line":70,"column":10},"end":{"line":70,"column":34}},{"start":{"line":70,"column":38},"end":{"line":70,"column":58}},{"start":{"line":70,"column":62},"end":{"line":70,"column":75}}],"line":70},"8":{"loc":{"start":{"line":83,"column":10},"end":{"line":98,"column":11}},"type":"if","locations":[{"start":{"line":83,"column":10},"end":{"line":98,"column":11}},{"start":{},"end":{}}],"line":83},"9":{"loc":{"start":{"line":84,"column":12},"end":{"line":86,"column":33}},"type":"binary-expr","locations":[{"start":{"line":84,"column":12},"end":{"line":84,"column":37}},{"start":{"line":85,"column":12},"end":{"line":85,"column":26}},{"start":{"line":86,"column":12},"end":{"line":86,"column":33}}],"line":84},"10":{"loc":{"start":{"line":90,"column":12},"end":{"line":97,"column":13}},"type":"if","locations":[{"start":{"line":90,"column":12},"end":{"line":97,"column":13}},{"start":{},"end":{}}],"line":90},"11":{"loc":{"start":{"line":91,"column":14},"end":{"line":93,"column":36}},"type":"binary-expr","locations":[{"start":{"line":91,"column":14},"end":{"line":91,"column":40}},{"start":{"line":92,"column":14},"end":{"line":92,"column":29}},{"start":{"line":93,"column":14},"end":{"line":93,"column":36}}],"line":91},"12":{"loc":{"start":{"line":108,"column":4},"end":{"line":110,"column":5}},"type":"if","locations":[{"start":{"line":108,"column":4},"end":{"line":110,"column":5}},{"start":{},"end":{}}],"line":108},"13":{"loc":{"start":{"line":112,"column":4},"end":{"line":114,"column":5}},"type":"if","locations":[{"start":{"line":112,"column":4},"end":{"line":114,"column":5}},{"start":{},"end":{}}],"line":112},"14":{"loc":{"start":{"line":121,"column":6},"end":{"line":123,"column":7}},"type":"if","locations":[{"start":{"line":121,"column":6},"end":{"line":123,"column":7}},{"start":{},"end":{}}],"line":121},"15":{"loc":{"start":{"line":126,"column":4},"end":{"line":128,"column":5}},"type":"if","locations":[{"start":{"line":126,"column":4},"end":{"line":128,"column":5}},{"start":{},"end":{}}],"line":126},"16":{"loc":{"start":{"line":130,"column":4},"end":{"line":134,"column":5}},"type":"if","locations":[{"start":{"line":130,"column":4},"end":{"line":134,"column":5}},{"start":{},"end":{}}],"line":130},"17":{"loc":{"start":{"line":130,"column":8},"end":{"line":130,"column":64}},"type":"binary-expr","locations":[{"start":{"line":130,"column":8},"end":{"line":130,"column":29}},{"start":{"line":130,"column":33},"end":{"line":130,"column":50}},{"start":{"line":130,"column":54},"end":{"line":130,"column":64}}],"line":130},"18":{"loc":{"start":{"line":140,"column":4},"end":{"line":142,"column":5}},"type":"if","locations":[{"start":{"line":140,"column":4},"end":{"line":142,"column":5}},{"start":{},"end":{}}],"line":140},"19":{"loc":{"start":{"line":147,"column":6},"end":{"line":153,"column":7}},"type":"if","locations":[{"start":{"line":147,"column":6},"end":{"line":153,"column":7}},{"start":{},"end":{}}],"line":147},"20":{"loc":{"start":{"line":148,"column":8},"end":{"line":150,"column":23}},"type":"binary-expr","locations":[{"start":{"line":148,"column":8},"end":{"line":148,"column":34}},{"start":{"line":149,"column":8},"end":{"line":149,"column":29}},{"start":{"line":150,"column":8},"end":{"line":150,"column":23}}],"line":148},"21":{"loc":{"start":{"line":163,"column":4},"end":{"line":165,"column":5}},"type":"if","locations":[{"start":{"line":163,"column":4},"end":{"line":165,"column":5}},{"start":{},"end":{}}],"line":163},"22":{"loc":{"start":{"line":171,"column":6},"end":{"line":173,"column":7}},"type":"if","locations":[{"start":{"line":171,"column":6},"end":{"line":173,"column":7}},{"start":{},"end":{}}],"line":171},"23":{"loc":{"start":{"line":171,"column":10},"end":{"line":171,"column":71}},"type":"binary-expr","locations":[{"start":{"line":171,"column":10},"end":{"line":171,"column":33}},{"start":{"line":171,"column":37},"end":{"line":171,"column":55}},{"start":{"line":171,"column":59},"end":{"line":171,"column":71}}],"line":171},"24":{"loc":{"start":{"line":182,"column":6},"end":{"line":184,"column":7}},"type":"if","locations":[{"start":{"line":182,"column":6},"end":{"line":184,"column":7}},{"start":{},"end":{}}],"line":182},"25":{"loc":{"start":{"line":200,"column":8},"end":{"line":206,"column":9}},"type":"if","locations":[{"start":{"line":200,"column":8},"end":{"line":206,"column":9}},{"start":{},"end":{}}],"line":200},"26":{"loc":{"start":{"line":201,"column":10},"end":{"line":203,"column":25}},"type":"binary-expr","locations":[{"start":{"line":201,"column":10},"end":{"line":201,"column":36}},{"start":{"line":202,"column":10},"end":{"line":202,"column":31}},{"start":{"line":203,"column":10},"end":{"line":203,"column":25}}],"line":201},"27":{"loc":{"start":{"line":208,"column":6},"end":{"line":214,"column":7}},"type":"if","locations":[{"start":{"line":208,"column":6},"end":{"line":214,"column":7}},{"start":{},"end":{}}],"line":208},"28":{"loc":{"start":{"line":209,"column":8},"end":{"line":211,"column":23}},"type":"binary-expr","locations":[{"start":{"line":209,"column":8},"end":{"line":209,"column":34}},{"start":{"line":210,"column":8},"end":{"line":210,"column":29}},{"start":{"line":211,"column":8},"end":{"line":211,"column":23}}],"line":209},"29":{"loc":{"start":{"line":227,"column":4},"end":{"line":229,"column":5}},"type":"if","locations":[{"start":{"line":227,"column":4},"end":{"line":229,"column":5}},{"start":{},"end":{}}],"line":227},"30":{"loc":{"start":{"line":236,"column":8},"end":{"line":242,"column":9}},"type":"if","locations":[{"start":{"line":236,"column":8},"end":{"line":242,"column":9}},{"start":{},"end":{}}],"line":236},"31":{"loc":{"start":{"line":237,"column":10},"end":{"line":239,"column":25}},"type":"binary-expr","locations":[{"start":{"line":237,"column":10},"end":{"line":237,"column":36}},{"start":{"line":238,"column":10},"end":{"line":238,"column":31}},{"start":{"line":239,"column":10},"end":{"line":239,"column":25}}],"line":237},"32":{"loc":{"start":{"line":244,"column":6},"end":{"line":250,"column":7}},"type":"if","locations":[{"start":{"line":244,"column":6},"end":{"line":250,"column":7}},{"start":{},"end":{}}],"line":244},"33":{"loc":{"start":{"line":245,"column":8},"end":{"line":247,"column":23}},"type":"binary-expr","locations":[{"start":{"line":245,"column":8},"end":{"line":245,"column":34}},{"start":{"line":246,"column":8},"end":{"line":246,"column":29}},{"start":{"line":247,"column":8},"end":{"line":247,"column":23}}],"line":245},"34":{"loc":{"start":{"line":251,"column":6},"end":{"line":253,"column":7}},"type":"if","locations":[{"start":{"line":251,"column":6},"end":{"line":253,"column":7}},{"start":{},"end":{}}],"line":251},"35":{"loc":{"start":{"line":259,"column":4},"end":{"line":261,"column":5}},"type":"if","locations":[{"start":{"line":259,"column":4},"end":{"line":261,"column":5}},{"start":{},"end":{}}],"line":259},"36":{"loc":{"start":{"line":263,"column":4},"end":{"line":270,"column":5}},"type":"if","locations":[{"start":{"line":263,"column":4},"end":{"line":270,"column":5}},{"start":{},"end":{}}],"line":263}},"s":{"0":3,"1":3,"2":785,"3":0,"4":785,"5":785,"6":785,"7":182,"8":112,"9":785,"10":785,"11":785,"12":785,"13":319,"14":54,"15":0,"16":54,"17":54,"18":54,"19":49,"20":54,"21":58,"22":58,"23":58,"24":164,"25":164,"26":143,"27":164,"28":164,"29":58,"30":58,"31":164,"32":164,"33":179,"34":179,"35":144,"36":35,"37":35,"38":15,"39":15,"40":129,"41":58,"42":690,"43":8,"44":682,"45":58,"46":624,"47":624,"48":624,"49":724,"50":724,"51":78,"52":624,"53":78,"54":624,"55":466,"56":466,"57":466,"58":158,"59":64,"60":0,"61":64,"62":64,"63":64,"64":2,"65":64,"66":64,"67":64,"68":0,"69":0,"70":0,"71":0,"72":0,"73":0,"74":0,"75":0,"76":0,"77":0,"78":0,"79":0,"80":0,"81":0,"82":0,"83":10,"84":10,"85":10,"86":16,"87":16,"88":14,"89":14,"90":0,"91":16,"92":0,"93":16,"94":10,"95":16,"96":10,"97":8,"98":0,"99":8,"100":8,"101":8,"102":8,"103":7,"104":7,"105":0,"106":8,"107":0,"108":8,"109":6,"110":2,"111":8,"112":0,"113":8,"114":6,"115":0,"116":0},"f":{"0":785,"1":182,"2":319,"3":54,"4":58,"5":690,"6":64,"7":0,"8":0,"9":10,"10":16,"11":8,"12":8,"13":0,"14":0},"b":{"0":[0,785],"1":[785,0],"2":[112,70],"3":[319],"4":[319],"5":[0,54],"6":[164,0],"7":[164,164,164],"8":[35,109],"9":[144,104,83],"10":[15,20],"11":[35,16,16],"12":[8,682],"13":[58,624],"14":[78,646],"15":[78,546],"16":[466,158],"17":[624,541,490],"18":[0,64],"19":[2,62],"20":[64,62,62],"21":[0,0],"22":[0,0],"23":[0,0,0],"24":[0,0],"25":[0,14],"26":[14,14,14],"27":[0,16],"28":[16,16,16],"29":[0,8],"30":[0,7],"31":[7,7,7],"32":[0,8],"33":[8,8,8],"34":[6,2],"35":[0,8],"36":[6,2]},"_coverageSchema":"1a1c01bbd47fc00a2c39e90264f33305004495a9","hash":"35579c965fdc8706de06dacd7e818082c4a52cb8"}
,"/Users/tim/src/grexie/grexie-pages/packages/pages/src/utils/resolvable.ts": {"path":"/Users/tim/src/grexie/grexie-pages/packages/pages/src/utils/resolvable.ts","statementMap":{"0":{"start":{"line":11,"column":30},"end":{"line":32,"column":1}},"1":{"start":{"line":12,"column":32},"end":{"line":12,"column":60}},"2":{"start":{"line":13,"column":18},"end":{"line":29,"column":4}},"3":{"start":{"line":14,"column":19},"end":{"line":14,"column":24}},"4":{"start":{"line":16,"column":4},"end":{"line":28,"column":7}},"5":{"start":{"line":18,"column":8},"end":{"line":18,"column":24}},"6":{"start":{"line":21,"column":8},"end":{"line":21,"column":24}},"7":{"start":{"line":22,"column":8},"end":{"line":22,"column":23}},"8":{"start":{"line":25,"column":8},"end":{"line":25,"column":24}},"9":{"start":{"line":26,"column":8},"end":{"line":26,"column":20}},"10":{"start":{"line":30,"column":2},"end":{"line":30,"column":35}},"11":{"start":{"line":31,"column":2},"end":{"line":31,"column":52}},"12":{"start":{"line":35,"column":39},"end":{"line":35,"column":41}},"13":{"start":{"line":38,"column":4},"end":{"line":38,"column":33}},"14":{"start":{"line":51,"column":19},"end":{"line":51,"column":40}},"15":{"start":{"line":52,"column":4},"end":{"line":62,"column":37}},"16":{"start":{"line":54,"column":8},"end":{"line":54,"column":60}},"17":{"start":{"line":54,"column":37},"end":{"line":54,"column":58}},"18":{"start":{"line":56,"column":8},"end":{"line":60,"column":9}},"19":{"start":{"line":57,"column":10},"end":{"line":57,"column":17}},"20":{"start":{"line":59,"column":10},"end":{"line":59,"column":43}},"21":{"start":{"line":71,"column":4},"end":{"line":71,"column":41}},"22":{"start":{"line":71,"column":26},"end":{"line":71,"column":27}},"23":{"start":{"line":75,"column":4},"end":{"line":75,"column":48}},"24":{"start":{"line":75,"column":26},"end":{"line":75,"column":27}}},"fnMap":{"0":{"name":"(anonymous_0)","decl":{"start":{"line":11,"column":30},"end":{"line":11,"column":31}},"loc":{"start":{"line":11,"column":46},"end":{"line":32,"column":1}},"line":11},"1":{"name":"(anonymous_1)","decl":{"start":{"line":13,"column":33},"end":{"line":13,"column":34}},"loc":{"start":{"line":13,"column":54},"end":{"line":29,"column":3}},"line":13},"2":{"name":"(anonymous_2)","decl":{"start":{"line":17,"column":6},"end":{"line":17,"column":7}},"loc":{"start":{"line":17,"column":21},"end":{"line":19,"column":7}},"line":17},"3":{"name":"(anonymous_3)","decl":{"start":{"line":20,"column":15},"end":{"line":20,"column":16}},"loc":{"start":{"line":20,"column":29},"end":{"line":23,"column":7}},"line":20},"4":{"name":"(anonymous_4)","decl":{"start":{"line":24,"column":14},"end":{"line":24,"column":15}},"loc":{"start":{"line":24,"column":28},"end":{"line":27,"column":7}},"line":24},"5":{"name":"(anonymous_5)","decl":{"start":{"line":37,"column":2},"end":{"line":37,"column":3}},"loc":{"start":{"line":37,"column":29},"end":{"line":39,"column":3}},"line":37},"6":{"name":"(anonymous_6)","decl":{"start":{"line":41,"column":2},"end":{"line":41,"column":3}},"loc":{"start":{"line":50,"column":34},"end":{"line":63,"column":3}},"line":50},"7":{"name":"(anonymous_7)","decl":{"start":{"line":53,"column":12},"end":{"line":53,"column":13}},"loc":{"start":{"line":53,"column":24},"end":{"line":61,"column":7}},"line":53},"8":{"name":"(anonymous_8)","decl":{"start":{"line":54,"column":26},"end":{"line":54,"column":27}},"loc":{"start":{"line":54,"column":37},"end":{"line":54,"column":58}},"line":54},"9":{"name":"(anonymous_9)","decl":{"start":{"line":65,"column":2},"end":{"line":65,"column":3}},"loc":{"start":{"line":70,"column":29},"end":{"line":72,"column":3}},"line":70},"10":{"name":"(anonymous_10)","decl":{"start":{"line":71,"column":21},"end":{"line":71,"column":22}},"loc":{"start":{"line":71,"column":26},"end":{"line":71,"column":27}},"line":71},"11":{"name":"(anonymous_11)","decl":{"start":{"line":74,"column":2},"end":{"line":74,"column":3}},"loc":{"start":{"line":74,"column":70},"end":{"line":76,"column":3}},"line":74},"12":{"name":"(anonymous_12)","decl":{"start":{"line":75,"column":21},"end":{"line":75,"column":22}},"loc":{"start":{"line":75,"column":26},"end":{"line":75,"column":27}},"line":75}},"branchMap":{"0":{"loc":{"start":{"line":56,"column":8},"end":{"line":60,"column":9}},"type":"if","locations":[{"start":{"line":56,"column":8},"end":{"line":60,"column":9}},{"start":{"line":58,"column":15},"end":{"line":60,"column":9}}],"line":56}},"s":{"0":2,"1":1024,"2":1024,"3":1024,"4":1024,"5":1024,"6":937,"7":937,"8":0,"9":0,"10":1024,"11":1024,"12":72,"13":183,"14":221,"15":221,"16":221,"17":221,"18":221,"19":78,"20":143,"21":0,"22":0,"23":72,"24":72},"f":{"0":1024,"1":1024,"2":1024,"3":937,"4":0,"5":183,"6":221,"7":221,"8":221,"9":0,"10":0,"11":72,"12":72},"b":{"0":[78,143]},"_coverageSchema":"1a1c01bbd47fc00a2c39e90264f33305004495a9","hash":"3538bde9fb624294fe90959355323aa9075062e2"}
,"/Users/tim/src/grexie/grexie-pages/packages/pages/src/utils/stream.ts": {"path":"/Users/tim/src/grexie/grexie-pages/packages/pages/src/utils/stream.ts","statementMap":{"0":{"start":{"line":4,"column":24},"end":{"line":14,"column":1}},"1":{"start":{"line":7,"column":17},"end":{"line":7,"column":31}},"2":{"start":{"line":8,"column":2},"end":{"line":13,"column":5}},"3":{"start":{"line":9,"column":30},"end":{"line":9,"column":32}},"4":{"start":{"line":10,"column":4},"end":{"line":10,"column":54}},"5":{"start":{"line":10,"column":32},"end":{"line":10,"column":52}},"6":{"start":{"line":11,"column":4},"end":{"line":11,"column":60}},"7":{"start":{"line":11,"column":27},"end":{"line":11,"column":58}},"8":{"start":{"line":12,"column":4},"end":{"line":12,"column":43}},"9":{"start":{"line":12,"column":30},"end":{"line":12,"column":41}},"10":{"start":{"line":16,"column":24},"end":{"line":18,"column":59}},"11":{"start":{"line":18,"column":22},"end":{"line":18,"column":59}},"12":{"start":{"line":21,"column":32},"end":{"line":21,"column":34}},"13":{"start":{"line":22,"column":23},"end":{"line":22,"column":47}},"14":{"start":{"line":25,"column":4},"end":{"line":25,"column":52}},"15":{"start":{"line":29,"column":4},"end":{"line":29,"column":53}},"16":{"start":{"line":33,"column":4},"end":{"line":33,"column":55}},"17":{"start":{"line":41,"column":4},"end":{"line":41,"column":31}},"18":{"start":{"line":42,"column":4},"end":{"line":42,"column":15}},"19":{"start":{"line":46,"column":4},"end":{"line":46,"column":57}},"20":{"start":{"line":47,"column":4},"end":{"line":47,"column":15}}},"fnMap":{"0":{"name":"(anonymous_0)","decl":{"start":{"line":4,"column":24},"end":{"line":4,"column":25}},"loc":{"start":{"line":6,"column":22},"end":{"line":14,"column":1}},"line":6},"1":{"name":"(anonymous_1)","decl":{"start":{"line":8,"column":21},"end":{"line":8,"column":22}},"loc":{"start":{"line":8,"column":42},"end":{"line":13,"column":3}},"line":8},"2":{"name":"(anonymous_2)","decl":{"start":{"line":10,"column":22},"end":{"line":10,"column":23}},"loc":{"start":{"line":10,"column":32},"end":{"line":10,"column":52}},"line":10},"3":{"name":"(anonymous_3)","decl":{"start":{"line":11,"column":21},"end":{"line":11,"column":22}},"loc":{"start":{"line":11,"column":27},"end":{"line":11,"column":58}},"line":11},"4":{"name":"(anonymous_4)","decl":{"start":{"line":12,"column":23},"end":{"line":12,"column":24}},"loc":{"start":{"line":12,"column":30},"end":{"line":12,"column":41}},"line":12},"5":{"name":"(anonymous_5)","decl":{"start":{"line":16,"column":24},"end":{"line":16,"column":25}},"loc":{"start":{"line":18,"column":22},"end":{"line":18,"column":59}},"line":18},"6":{"name":"(anonymous_6)","decl":{"start":{"line":24,"column":2},"end":{"line":24,"column":3}},"loc":{"start":{"line":24,"column":13},"end":{"line":26,"column":3}},"line":24},"7":{"name":"(anonymous_7)","decl":{"start":{"line":28,"column":2},"end":{"line":28,"column":3}},"loc":{"start":{"line":28,"column":14},"end":{"line":30,"column":3}},"line":28},"8":{"name":"(anonymous_8)","decl":{"start":{"line":32,"column":2},"end":{"line":32,"column":3}},"loc":{"start":{"line":32,"column":16},"end":{"line":34,"column":3}},"line":32},"9":{"name":"(anonymous_9)","decl":{"start":{"line":36,"column":2},"end":{"line":36,"column":3}},"loc":{"start":{"line":40,"column":10},"end":{"line":43,"column":3}},"line":40},"10":{"name":"(anonymous_10)","decl":{"start":{"line":45,"column":2},"end":{"line":45,"column":3}},"loc":{"start":{"line":45,"column":50},"end":{"line":48,"column":3}},"line":45}},"branchMap":{},"s":{"0":2,"1":0,"2":0,"3":0,"4":0,"5":0,"6":0,"7":0,"8":0,"9":0,"10":2,"11":0,"12":47,"13":47,"14":47,"15":0,"16":0,"17":47,"18":47,"19":47,"20":47},"f":{"0":0,"1":0,"2":0,"3":0,"4":0,"5":0,"6":47,"7":0,"8":0,"9":47,"10":47},"b":{},"_coverageSchema":"1a1c01bbd47fc00a2c39e90264f33305004495a9","hash":"a2d4b19d55d4d8babf9a831ac7848f8618517651"}
}
