TN:
SF:packages/builder/src/Builder.ts
FN:18,Watcher
FN:23,(anonymous_85)
FN:29,_callee
FN:30,(anonymous_89)
FN:31,(anonymous_90)
FN:46,Builder
FN:48,_callee2
FN:54,(anonymous_97)
FN:55,(anonymous_98)
FN:66,watch
FNF:10
FNH:4
FNDA:0,Watcher
FNDA:0,(anonymous_85)
FNDA:0,_callee
FNDA:0,(anonymous_89)
FNDA:0,(anonymous_90)
FNDA:20,Builder
FNDA:42,_callee2
FNDA:14,(anonymous_97)
FNDA:14,(anonymous_98)
FNDA:0,watch
DA:1,2
DA:3,2
DA:4,2
DA:18,0
DA:19,0
DA:21,0
DA:24,0
DA:29,0
DA:31,0
DA:32,0
DA:33,0
DA:34,0
DA:37,0
DA:46,60
DA:48,98
DA:49,14
DA:51,14
DA:52,14
DA:54,14
DA:56,14
DA:57,0
DA:58,0
DA:61,14
DA:66,0
DA:67,0
DA:69,0
DA:70,0
DA:72,0
LF:28
LH:11
BRDA:29,0,0,0
BRDA:29,0,1,0
BRDA:29,0,2,0
BRDA:32,1,0,0
BRDA:46,2,0,0
BRDA:46,2,1,20
BRDA:46,3,0,20
BRDA:46,3,1,0
BRDA:48,4,0,14
BRDA:48,4,1,0
BRDA:48,4,2,14
BRDA:56,5,0,0
BRF:12
BRH:4
end_of_record
TN:
SF:packages/builder/src/Cache.ts
FN:49,Cache
FN:72,create
FN:125,_callee
FN:170,_callee2
FN:175,(anonymous_119)
FN:193,_callee3
FN:194,(anonymous_124)
FN:211,_callee4
FN:212,(anonymous_129)
FN:242,_callee5
FN:243,(anonymous_134)
FN:263,_callee6
FN:264,(anonymous_139)
FN:267,_callee7
FN:81,_key2
FN:105,(anonymous_150)
FN:106,(anonymous_151)
FN:107,(anonymous_152)
FN:143,(anonymous_157)
FN:147,(anonymous_158)
FN:157,(anonymous_159)
FN:158,(anonymous_160)
FN:181,(anonymous_165)
FN:182,(anonymous_166)
FN:199,(anonymous_171)
FN:200,(anonymous_172)
FN:219,(anonymous_177)
FN:220,(anonymous_178)
FN:229,(anonymous_179)
FN:230,(anonymous_180)
FN:249,(anonymous_185)
FN:250,(anonymous_186)
FN:301,LockedCache
FN:306,_callee8
FN:328,(anonymous_192)
FNF:35
FNH:34
FNDA:7224,Cache
FNDA:166,create
FNDA:12185,_callee
FNDA:1538,_callee2
FNDA:518,(anonymous_119)
FNDA:2679,_callee3
FNDA:892,(anonymous_124)
FNDA:1742,_callee4
FNDA:582,(anonymous_129)
FNDA:788,_callee5
FNDA:264,(anonymous_134)
FNDA:1034,_callee6
FNDA:344,(anonymous_139)
FNDA:0,_callee7
FNDA:4397,_key2
FNDA:1811,(anonymous_150)
FNDA:1811,(anonymous_151)
FNDA:1811,(anonymous_152)
FNDA:510,(anonymous_157)
FNDA:510,(anonymous_158)
FNDA:510,(anonymous_159)
FNDA:510,(anonymous_160)
FNDA:890,(anonymous_165)
FNDA:890,(anonymous_166)
FNDA:580,(anonymous_171)
FNDA:580,(anonymous_172)
FNDA:262,(anonymous_177)
FNDA:262,(anonymous_178)
FNDA:262,(anonymous_179)
FNDA:262,(anonymous_180)
FNDA:344,(anonymous_185)
FNDA:353,(anonymous_186)
FNDA:7028,LockedCache
FNDA:9008,_callee8
FNDA:2966,(anonymous_192)
DA:2,15
DA:3,15
DA:4,15
DA:54,100954
DA:55,7224
DA:56,7220
DA:57,7215
DA:58,7211
DA:59,7221
DA:60,0
DA:61,10
DA:63,10
DA:65,7221
DA:66,7201
DA:68,29
DA:72,172
DA:73,175
DA:82,4397
DA:83,2
DA:85,4399
DA:86,4399
DA:87,4397
DA:88,4397
DA:100,4059
DA:101,357
DA:105,1811
DA:106,1811
DA:107,1811
DA:121,4059
DA:125,32480
DA:128,4067
DA:144,510
DA:148,510
DA:149,0
DA:150,0
DA:153,510
DA:158,510
DA:159,510
DA:160,0
DA:161,0
DA:164,510
DA:170,4598
DA:173,519
DA:175,517
DA:182,890
DA:183,890
DA:184,90
DA:185,90
DA:188,800
DA:193,7127
DA:194,897
DA:200,580
DA:201,580
DA:202,195
DA:203,195
DA:206,385
DA:211,4645
DA:212,589
DA:220,262
DA:221,262
DA:222,80
DA:223,80
DA:226,182
DA:230,262
DA:231,262
DA:232,80
DA:233,80
DA:236,182
DA:242,2098
DA:243,264
DA:250,344
DA:251,344
DA:252,0
DA:253,0
DA:256,344
DA:263,2754
DA:264,346
DA:267,2
DA:268,0
DA:270,0
DA:271,2
DA:277,2
DA:278,2
DA:289,0
DA:301,28100
DA:302,7025
DA:303,7025
DA:306,44814
DA:311,3002
DA:312,2586
DA:319,2975
DA:320,3389
DA:321,3389
DA:322,57
DA:326,3
DA:329,2966
DA:336,2969
LF:97
LH:87
BRDA:6,0,0,6
BRDA:54,1,0,33
BRDA:54,1,1,7191
BRDA:58,2,0,7211
BRDA:58,2,1,0
BRDA:60,3,0,9
BRDA:60,3,1,4
BRDA:65,4,0,7191
BRDA:65,4,1,NaN
BRDA:72,5,0,0
BRDA:72,5,1,166
BRDA:72,6,0,166
BRDA:72,6,1,10
BRDA:76,7,0,166
BRDA:76,7,1,NaN
BRDA:125,8,0,4068
BRDA:125,8,1,NaN
BRDA:125,8,2,NaN
BRDA:125,9,0,6
BRDA:125,9,1,4062
BRDA:125,10,0,4066
BRDA:125,10,1,NaN
BRDA:170,11,0,510
BRDA:170,11,1,NaN
BRDA:170,11,2,NaN
BRDA:170,12,0,510
BRDA:170,12,1,2
BRDA:170,13,0,510
BRDA:170,13,1,512
BRDA:193,14,0,890
BRDA:193,14,1,NaN
BRDA:193,14,2,NaN
BRDA:211,15,0,580
BRDA:211,15,1,0
BRDA:211,15,2,NaN
BRDA:242,16,0,262
BRDA:242,16,1,0
BRDA:242,16,2,NaN
BRDA:263,17,0,344
BRDA:263,17,1,0
BRDA:263,17,2,NaN
BRDA:267,18,0,0
BRDA:267,18,1,0
BRDA:267,18,2,NaN
BRDA:267,18,3,NaN
BRDA:267,18,4,NaN
BRDA:277,19,0,0
BRDA:277,19,1,0
BRDA:82,20,0,0
BRDA:82,20,1,0
BRDA:97,21,0,8121
BRDA:97,21,1,4059
BRDA:98,22,0,4059
BRDA:98,22,1,4062
BRDA:100,23,0,359
BRDA:100,23,1,1
BRDA:136,24,0,1020
BRDA:136,24,1,510
BRDA:148,25,0,0
BRDA:159,26,0,0
BRDA:183,27,0,90
BRDA:201,28,0,195
BRDA:221,29,0,80
BRDA:231,30,0,80
BRDA:251,31,0,0
BRDA:306,32,0,3002
BRDA:306,32,1,2966
BRDA:306,32,2,0
BRDA:306,32,3,3002
BRDA:311,33,0,2586
BRDA:306,34,0,2966
BRDA:321,35,0,54
BRF:72
BRH:42
end_of_record
TN:
SF:packages/builder/src/FileSystem.ts
FN:131,FileSystem
FN:135,add
FN:149,remove
FN:150,(anonymous_99)
FN:159,find
FN:167,(anonymous_101)
FN:170,(anonymous_102)
FN:172,(anonymous_103)
FN:174,(anonymous_104)
FN:313,readFile
FN:320,(anonymous_106)
FN:322,readFileSync
FN:334,readlink
FN:341,(anonymous_109)
FN:343,readlinkSync
FN:355,readdir
FN:365,(anonymous_112)
FN:366,(anonymous_113)
FN:368,(anonymous_114)
FN:368,_callee
FN:381,(anonymous_117)
FN:382,(anonymous_118)
FN:368,next
FN:398,(anonymous_120)
FN:399,(anonymous_121)
FN:405,readdirSync
FN:409,(anonymous_123)
FN:410,(anonymous_124)
FN:421,(anonymous_125)
FN:436,stat
FN:440,(anonymous_127)
FN:442,statSync
FN:451,lstat
FN:455,(anonymous_130)
FN:457,lstatSync
FN:469,realpath
FN:481,(anonymous_133)
FN:484,realpathSync
FN:494,writeFile
FN:504,(anonymous_136)
FN:507,writeFileSync
FN:522,mkdir
FN:525,(anonymous_139)
FN:527,mkdirSync
FN:549,rm
FN:565,(anonymous_142)
FN:568,rmSync
FN:595,rmdir
FN:610,(anonymous_145)
FN:613,rmdirSync
FN:631,unlink
FN:635,(anonymous_148)
FN:637,unlinkSync
FN:641,join
FN:644,relative
FN:647,dirname
FN:213,(anonymous_159)
FN:215,(anonymous_160)
FN:258,_callSync2
FNF:59
FNH:39
FNDA:84,FileSystem
FNDA:184,add
FNDA:0,remove
FNDA:0,(anonymous_99)
FNDA:55833,find
FNDA:4456,(anonymous_101)
FNDA:151530,(anonymous_102)
FNDA:16095,(anonymous_103)
FNDA:66906,(anonymous_104)
FNDA:13875,readFile
FNDA:6,(anonymous_106)
FNDA:32,readFileSync
FNDA:8993,readlink
FNDA:0,(anonymous_109)
FNDA:0,readlinkSync
FNDA:126,readdir
FNDA:315,(anonymous_112)
FNDA:315,(anonymous_113)
FNDA:126,(anonymous_114)
FNDA:1638,_callee
FNDA:160,(anonymous_117)
FNDA:10980,(anonymous_118)
FNDA:441,next
FNDA:126,(anonymous_120)
FNDA:0,(anonymous_121)
FNDA:86,readdirSync
FNDA:215,(anonymous_123)
FNDA:215,(anonymous_124)
FNDA:316,(anonymous_125)
FNDA:29310,stat
FNDA:423,(anonymous_127)
FNDA:96,statSync
FNDA:325,lstat
FNDA:0,(anonymous_130)
FNDA:0,lstatSync
FNDA:1034,realpath
FNDA:0,(anonymous_133)
FNDA:0,realpathSync
FNDA:1071,writeFile
FNDA:0,(anonymous_136)
FNDA:0,writeFileSync
FNDA:572,mkdir
FNDA:512,(anonymous_139)
FNDA:0,mkdirSync
FNDA:0,rm
FNDA:0,(anonymous_142)
FNDA:7,rmSync
FNDA:0,rmdir
FNDA:0,(anonymous_145)
FNDA:0,rmdirSync
FNDA:524,unlink
FNDA:0,(anonymous_148)
FNDA:0,unlinkSync
FNDA:11151,join
FNDA:0,relative
FNDA:500,dirname
FNDA:60946,(anonymous_159)
FNDA:60946,(anonymous_160)
FNDA:350,_callSync2
DA:1,6
DA:3,6
DA:131,484
DA:132,84
DA:139,184
DA:140,180
DA:146,180
DA:150,0
DA:152,0
DA:153,6
DA:156,6
DA:162,55833
DA:163,55833
DA:164,55833
DA:166,55833
DA:167,4456
DA:170,151530
DA:172,55827
DA:174,66906
DA:185,56007
DA:186,0
DA:190,56007
DA:200,5022
DA:203,5022
DA:212,60946
DA:214,60946
DA:215,60946
DA:216,60946
DA:217,47493
DA:218,47493
DA:221,13453
DA:224,0
DA:229,47493
DA:236,50985
DA:237,2161
DA:242,37377
DA:250,12360
DA:262,1052
DA:263,350
DA:264,0
DA:267,350
DA:268,350
DA:273,354
DA:274,350
DA:276,350
DA:277,2
DA:280,350
DA:281,350
DA:282,350
DA:283,350
DA:285,307
DA:287,43
DA:288,43
DA:289,0
DA:294,350
DA:295,7
DA:298,350
DA:299,43
DA:302,307
DA:320,13875
DA:323,32
DA:341,8993
DA:344,0
DA:361,126
DA:362,132
DA:363,132
DA:365,321
DA:366,321
DA:368,6364
DA:369,441
DA:376,160
DA:381,160
DA:382,10986
DA:387,166
DA:394,126
DA:396,126
DA:397,126
DA:398,132
DA:399,6
DA:402,6
DA:405,262
DA:406,86
DA:407,86
DA:409,215
DA:410,221
DA:412,217
DA:413,215
DA:414,215
DA:420,172
DA:421,316
DA:426,86
DA:428,86
DA:440,29310
DA:443,96
DA:455,325
DA:458,0
DA:476,1034
DA:481,0
DA:485,0
DA:499,1067
DA:504,0
DA:508,0
DA:522,2280
DA:524,570
DA:525,570
DA:528,0
DA:529,0
DA:530,0
DA:532,0
DA:549,0
DA:551,0
DA:552,0
DA:554,0
DA:572,7
DA:595,0
DA:597,0
DA:598,0
DA:599,0
DA:617,0
DA:635,524
DA:638,0
DA:642,11151
DA:645,0
DA:648,500
LF:124
LH:97
BRDA:129,0,0,84
BRDA:129,0,1,84
BRDA:139,1,0,120
BRDA:139,1,1,NaN
BRDA:139,2,0,180
BRDA:139,2,1,120
BRDA:152,3,0,0
BRDA:162,4,0,55833
BRDA:162,4,1,0
BRDA:162,5,0,55827
BRDA:162,5,1,55833
BRDA:166,6,0,2174
BRDA:166,6,1,6
BRDA:368,7,0,441
BRDA:368,7,1,321
BRDA:368,7,2,NaN
BRDA:368,7,3,NaN
BRDA:368,7,4,NaN
BRDA:368,7,5,NaN
BRDA:368,8,0,315
BRDA:368,8,1,0
BRDA:383,9,0,0
BRDA:383,9,1,10986
BRDA:396,10,0,126
BRDA:396,10,1,0
BRDA:421,11,0,6
BRDA:421,11,1,316
BRDA:522,12,0,570
BRDA:522,12,1,6
BRDA:524,13,0,60
BRDA:524,13,1,510
BRDA:529,14,0,4
BRDA:529,14,1,2
BRDA:549,15,0,0
BRDA:549,15,1,0
BRDA:551,16,0,0
BRDA:551,16,1,0
BRDA:561,17,0,0
BRDA:561,17,1,0
BRDA:561,18,0,0
BRDA:561,18,1,0
BRDA:561,19,0,0
BRDA:561,19,1,0
BRDA:561,20,0,0
BRDA:561,20,1,0
BRDA:562,21,0,0
BRDA:562,21,1,0
BRDA:562,22,0,0
BRDA:562,22,1,0
BRDA:562,23,0,0
BRDA:562,23,1,0
BRDA:562,24,0,0
BRDA:562,24,1,0
BRDA:575,25,0,7
BRDA:575,25,1,2
BRDA:575,26,0,7
BRDA:575,26,1,7
BRDA:575,27,0,0
BRDA:575,27,1,7
BRDA:575,28,0,7
BRDA:575,28,1,7
BRDA:576,29,0,7
BRDA:576,29,1,0
BRDA:576,30,0,7
BRDA:576,30,1,7
BRDA:576,31,0,0
BRDA:576,31,1,7
BRDA:576,32,0,7
BRDA:576,32,1,7
BRDA:595,33,0,0
BRDA:595,33,1,0
BRDA:597,34,0,0
BRDA:597,34,1,0
BRDA:606,35,0,0
BRDA:606,35,1,0
BRDA:606,36,0,0
BRDA:606,36,1,0
BRDA:606,37,0,0
BRDA:606,37,1,0
BRDA:606,38,0,0
BRDA:606,38,1,0
BRDA:607,39,0,0
BRDA:607,39,1,0
BRDA:607,40,0,0
BRDA:607,40,1,0
BRDA:607,41,0,0
BRDA:607,41,1,0
BRDA:607,42,0,0
BRDA:607,42,1,0
BRDA:620,43,0,0
BRDA:620,43,1,0
BRDA:620,44,0,0
BRDA:620,44,1,0
BRDA:620,45,0,0
BRDA:620,45,1,0
BRDA:620,46,0,0
BRDA:620,46,1,0
BRDA:621,47,0,0
BRDA:621,47,1,0
BRDA:621,48,0,0
BRDA:621,48,1,0
BRDA:621,49,0,0
BRDA:621,49,1,0
BRDA:621,50,0,0
BRDA:621,50,1,0
BRDA:185,51,0,0
BRDA:190,52,0,315
BRDA:190,52,1,55692
BRDA:190,53,0,56007
BRDA:190,53,1,56007
BRDA:216,54,0,47493
BRDA:215,55,0,13453
BRDA:215,55,1,0
BRDA:230,56,0,0
BRDA:230,56,1,47493
BRDA:230,57,0,47493
BRDA:230,57,1,47493
BRDA:236,58,0,2161
BRDA:263,59,0,0
BRDA:268,60,0,215
BRDA:268,60,1,135
BRDA:268,61,0,350
BRDA:268,61,1,350
BRDA:276,62,0,0
BRDA:288,63,0,0
BRDA:288,64,0,0
BRDA:288,64,1,43
BRDA:288,65,0,43
BRDA:288,65,1,43
BRDA:294,66,0,7
BRDA:298,67,0,43
BRF:131
BRH:55
end_of_record
TN:
SF:packages/builder/src/index.ts
FN:1,(anonymous_0)
FN:2,(anonymous_2)
FN:3,(anonymous_4)
FNF:3
FNH:3
FNDA:24,(anonymous_0)
FNDA:62,(anonymous_2)
FNDA:24,(anonymous_4)
DA:1,36
DA:2,70
DA:3,36
LF:3
LH:3
BRDA:1,0,0,0
BRDA:1,1,0,8
BRDA:1,1,1,4
BRDA:2,2,0,0
BRDA:2,3,0,4
BRDA:2,3,1,2
BRDA:3,4,0,0
BRDA:3,5,0,8
BRDA:3,5,1,4
BRF:9
BRH:6
end_of_record
TN:
SF:packages/builder/src/utils/mutex.ts
FN:6,Lock
FN:10,unlock
FN:18,get
FN:22,_callee
FN:31,(anonymous_78)
FN:46,locked
FN:51,(anonymous_83)
FN:54,lockedAll
FN:55,(anonymous_85)
FN:58,lockedNot
FN:59,(anonymous_87)
FN:62,lockedOnly
FN:63,(anonymous_89)
FN:66,_callee2
FN:72,_callee3
FN:84,(anonymous_97)
FN:90,(anonymous_98)
FN:91,(anonymous_99)
FNF:18
FNH:11
FNDA:8134,Lock
FNDA:8130,unlock
FNDA:4068,get
FNDA:16245,_callee
FNDA:4066,(anonymous_78)
FNDA:2,locked
FNDA:2,(anonymous_83)
FNDA:0,lockedAll
FNDA:0,(anonymous_85)
FNDA:0,lockedNot
FNDA:0,(anonymous_87)
FNDA:0,lockedOnly
FNDA:0,(anonymous_89)
FNDA:0,_callee2
FNDA:20304,_callee3
FNDA:1817,(anonymous_97)
FNDA:4064,(anonymous_98)
FNDA:1815,(anonymous_99)
DA:1,18
DA:6,16248
DA:7,8127
DA:11,8127
DA:19,4068
DA:22,69003
DA:23,4068
DA:29,4068
DA:30,4066
DA:31,4066
DA:32,4068
DA:33,3084
DA:46,4
DA:47,4
DA:48,2
DA:51,2
DA:54,2
DA:55,0
DA:58,0
DA:59,0
DA:62,0
DA:63,0
DA:66,9
DA:67,9
DA:72,85239
DA:73,4061
DA:74,4066
DA:75,7
DA:82,4065
DA:84,4065
DA:85,1817
DA:86,1818
DA:87,1816
DA:90,4063
DA:91,4063
DA:92,1818
DA:93,1545
DA:98,4066
LF:38
LH:33
BRDA:22,0,0,4059
BRDA:22,0,1,NaN
BRDA:22,0,2,NaN
BRDA:22,0,3,NaN
BRDA:22,0,4,NaN
BRDA:22,1,0,4059
BRDA:22,1,1,9
BRDA:22,2,0,4068
BRDA:22,2,1,4059
BRDA:22,3,0,4066
BRDA:22,3,1,0
BRDA:25,4,0,4059
BRDA:25,4,1,986
BRDA:32,5,0,3077
BRDA:32,5,1,2
BRDA:47,6,0,0
BRDA:47,6,1,0
BRDA:51,7,0,0
BRDA:51,7,1,NaN
BRDA:55,8,0,0
BRDA:55,8,1,NaN
BRDA:66,9,0,0
BRDA:66,9,1,9
BRDA:66,9,2,NaN
BRDA:66,9,3,NaN
BRDA:66,9,4,NaN
BRDA:66,10,0,2
BRDA:66,10,1,7
BRDA:66,11,0,9
BRDA:66,11,1,2
BRDA:72,12,0,4063
BRDA:72,12,1,4059
BRDA:72,12,2,NaN
BRDA:72,12,3,NaN
BRDA:72,12,4,NaN
BRDA:72,12,5,NaN
BRDA:72,13,0,4059
BRDA:72,13,1,0
BRDA:72,14,0,4059
BRDA:72,14,1,4059
BRDA:74,15,0,0
BRDA:72,16,0,4059
BRDA:78,17,0,4059
BRDA:78,17,1,0
BRDA:92,18,0,1538
BRF:45
BRH:23
end_of_record
TN:
SF:packages/builder/src/utils/resolvable.ts
FN:11,createResolver
FN:13,(anonymous_1)
FN:17,(anonymous_2)
FN:20,resolve
FN:24,reject
FNF:5
FNH:4
FNDA:8138,createResolver
FNDA:8138,(anonymous_1)
FNDA:8138,(anonymous_2)
FNDA:8132,resolve
FNDA:0,reject
DA:11,3
DA:12,8138
DA:13,8138
DA:14,8138
DA:16,8138
DA:18,8138
DA:21,8132
DA:22,8132
DA:25,0
DA:26,0
DA:30,8138
DA:31,8138
LF:12
LH:10
BRF:0
BRH:0
end_of_record
TN:
SF:packages/pages/src/index.ts
FNF:0
FNH:0
LF:0
LH:0
BRF:0
BRH:0
end_of_record
TN:
SF:packages/pages/src/api/Context.ts
FN:8,(anonymous_0)
FNF:1
FNH:1
FNDA:20,(anonymous_0)
DA:12,20
DA:13,20
DA:14,20
LF:3
LH:3
BRDA:9,0,0,20
BRDA:10,1,0,0
BRDA:12,2,0,20
BRDA:12,2,1,20
BRF:4
BRH:3
end_of_record
TN:
SF:packages/pages/src/api/Document.ts
FN:20,(anonymous_0)
FNF:1
FNH:1
FNDA:47,(anonymous_0)
DA:18,47
DA:25,47
DA:26,47
DA:27,47
DA:29,47
LF:5
LH:5
BRDA:21,0,0,47
BRF:1
BRH:1
end_of_record
TN:
SF:packages/pages/src/api/Handler.ts
FN:16,(anonymous_0)
FNF:1
FNH:1
FNDA:51,(anonymous_0)
DA:16,2
DA:22,51
DA:23,51
DA:28,51
DA:29,51
DA:30,51
DA:31,0
LF:7
LH:6
BRDA:22,0,0,51
BRDA:22,0,1,0
BRDA:30,1,0,0
BRDA:30,1,1,51
BRF:4
BRH:2
end_of_record
TN:
SF:packages/pages/src/api/Provider.ts
FN:18,(anonymous_0)
FN:26,(anonymous_1)
FN:38,(anonymous_2)
FN:72,(anonymous_3)
FN:82,(anonymous_4)
FN:84,(anonymous_5)
FN:94,(anonymous_6)
FN:96,(anonymous_7)
FN:105,(anonymous_8)
FN:118,(anonymous_9)
FN:130,(anonymous_10)
FN:133,(anonymous_11)
FN:140,(anonymous_12)
FN:151,(anonymous_13)
FN:161,(anonymous_14)
FN:162,(anonymous_15)
FN:178,(anonymous_16)
FN:185,(anonymous_17)
FNF:18
FNH:13
FNDA:20,(anonymous_0)
FNDA:73,(anonymous_1)
FNDA:79,(anonymous_2)
FNDA:73,(anonymous_3)
FNDA:73,(anonymous_4)
FNDA:59,(anonymous_5)
FNDA:73,(anonymous_6)
FNDA:14,(anonymous_7)
FNDA:31,(anonymous_8)
FNDA:0,(anonymous_9)
FNDA:0,(anonymous_10)
FNDA:0,(anonymous_11)
FNDA:48,(anonymous_12)
FNDA:0,(anonymous_13)
FNDA:45,(anonymous_14)
FNDA:45,(anonymous_15)
FNDA:45,(anonymous_16)
FNDA:0,(anonymous_17)
DA:9,2
DA:14,20
DA:19,20
DA:21,20
DA:22,20
DA:23,20
DA:30,73
DA:32,73
DA:39,79
DA:40,62
DA:42,17
DA:44,17
DA:71,17
DA:73,73
DA:80,17
DA:82,73
DA:84,59
DA:92,17
DA:94,73
DA:96,14
DA:106,31
DA:108,31
DA:109,31
DA:111,31
DA:112,0
DA:113,0
DA:115,0
DA:116,0
DA:118,0
DA:120,31
DA:121,0
DA:122,0
DA:125,0
DA:126,0
DA:127,0
DA:129,0
DA:130,0
DA:133,0
DA:137,31
DA:141,48
DA:143,48
DA:144,48
DA:146,48
DA:147,0
DA:148,0
DA:151,0
DA:153,48
DA:154,47
DA:155,45
DA:157,47
DA:158,2
DA:161,47
DA:162,45
DA:163,45
DA:164,45
DA:166,45
DA:167,0
DA:170,45
DA:171,0
DA:172,0
DA:176,45
DA:178,45
DA:182,48
DA:186,0
DA:188,0
DA:189,0
DA:190,0
LF:67
LH:44
BRDA:18,0,0,20
BRDA:39,1,0,62
BRDA:39,1,1,17
BRDA:82,2,0,73
BRDA:82,2,1,73
BRDA:94,3,0,73
BRDA:94,3,1,73
BRDA:105,4,0,0
BRDA:111,5,0,0
BRDA:111,5,1,31
BRDA:112,6,0,0
BRDA:112,6,1,0
BRDA:115,7,0,0
BRDA:115,7,1,0
BRDA:120,8,0,0
BRDA:120,8,1,31
BRDA:121,9,0,0
BRDA:121,9,1,0
BRDA:125,10,0,0
BRDA:125,10,1,0
BRDA:127,11,0,0
BRDA:127,11,1,0
BRDA:140,12,0,0
BRDA:146,13,0,0
BRDA:146,13,1,48
BRDA:147,14,0,0
BRDA:147,14,1,0
BRDA:153,15,0,47
BRDA:153,15,1,1
BRDA:154,16,0,45
BRDA:154,16,1,2
BRDA:157,17,0,2
BRDA:157,17,1,45
BRDA:166,18,0,0
BRDA:166,18,1,45
BRDA:171,19,0,0
BRDA:171,19,1,0
BRDA:178,20,0,45
BRDA:178,20,1,45
BRF:39
BRH:19
end_of_record
TN:
SF:packages/pages/src/api/Registry.ts
FN:38,(anonymous_0)
FN:46,(anonymous_1)
FN:70,(anonymous_2)
FN:78,(anonymous_3)
FN:83,(anonymous_4)
FN:85,(anonymous_5)
FN:90,(anonymous_6)
FN:97,(anonymous_7)
FN:101,(anonymous_8)
FN:107,(anonymous_9)
FN:112,(anonymous_10)
FNF:11
FNH:8
FNDA:20,(anonymous_0)
FNDA:0,(anonymous_1)
FNDA:20,(anonymous_2)
FNDA:31,(anonymous_3)
FNDA:31,(anonymous_4)
FNDA:31,(anonymous_5)
FNDA:48,(anonymous_6)
FNDA:48,(anonymous_7)
FNDA:48,(anonymous_8)
FNDA:0,(anonymous_9)
FNDA:0,(anonymous_10)
DA:36,20
DA:39,20
DA:40,20
DA:42,0
DA:47,0
DA:48,0
DA:49,0
DA:51,0
DA:54,20
DA:55,20
DA:56,20
DA:57,20
DA:58,20
DA:63,20
DA:64,20
DA:71,20
DA:72,20
DA:79,31
DA:83,31
DA:85,31
DA:91,48
DA:98,48
DA:101,48
DA:108,0
DA:109,0
DA:113,0
DA:114,0
DA:115,0
DA:116,0
DA:117,0
DA:118,0
DA:119,0
DA:120,0
DA:121,0
DA:123,0
DA:124,0
DA:125,0
DA:127,0
DA:128,0
DA:130,0
DA:131,0
DA:133,0
DA:134,0
DA:135,0
DA:137,0
LF:45
LH:18
BRDA:38,0,0,20
BRDA:39,1,0,20
BRDA:39,1,1,0
BRDA:48,2,0,0
BRDA:48,2,1,0
BRDA:78,3,0,31
BRDA:90,4,0,1
BRDA:123,5,0,0
BRDA:123,5,1,0
BRDA:127,6,0,0
BRDA:127,6,1,0
BRDA:130,7,0,0
BRDA:130,7,1,0
BRF:13
BRH:4
end_of_record
TN:
SF:packages/pages/src/api/Resource.ts
FN:17,(anonymous_0)
FN:23,(anonymous_1)
FN:31,(anonymous_2)
FN:42,(anonymous_3)
FN:63,(anonymous_4)
FN:69,(anonymous_5)
FNF:6
FNH:2
FNDA:47,(anonymous_0)
FNDA:47,(anonymous_1)
FNDA:0,(anonymous_2)
FNDA:0,(anonymous_3)
FNDA:0,(anonymous_4)
FNDA:0,(anonymous_5)
DA:18,47
DA:19,47
DA:20,47
DA:24,47
DA:32,0
DA:43,0
DA:44,0
DA:64,0
DA:65,0
DA:66,0
DA:70,0
DA:78,0
LF:12
LH:4
BRF:0
BRH:0
end_of_record
TN:
SF:packages/pages/src/api/Source.ts
FN:15,(anonymous_0)
FN:21,(anonymous_1)
FN:29,(anonymous_2)
FN:42,(anonymous_3)
FN:46,(anonymous_4)
FNF:5
FNH:5
FNDA:140,(anonymous_0)
FNDA:515,(anonymous_1)
FNDA:369,(anonymous_2)
FNDA:53,(anonymous_3)
FNDA:92,(anonymous_4)
DA:16,140
DA:17,140
DA:18,140
DA:22,515
DA:23,515
DA:30,369
DA:31,263
DA:34,106
DA:35,106
DA:36,106
DA:37,0
DA:39,106
DA:43,53
DA:47,92
LF:14
LH:13
BRDA:24,0,0,515
BRDA:24,0,1,134
BRDA:25,1,0,134
BRDA:25,1,1,134
BRDA:30,2,0,263
BRDA:30,2,1,106
BRDA:36,3,0,0
BRDA:36,3,1,106
BRDA:36,4,0,106
BRDA:36,4,1,0
BRF:10
BRH:8
end_of_record
TN:
SF:packages/pages/src/api/index.ts
FNF:0
FNH:0
LF:0
LH:0
BRF:0
BRH:0
end_of_record
TN:
SF:packages/pages/src/builder/BuildContext.ts
FN:21,(anonymous_0)
FN:49,(anonymous_1)
FN:105,(anonymous_2)
FN:117,(anonymous_3)
FN:121,(anonymous_4)
FN:125,(anonymous_5)
FN:129,(anonymous_6)
FNF:7
FNH:7
FNDA:20,(anonymous_0)
FNDA:20,(anonymous_1)
FNDA:20,(anonymous_2)
FNDA:8,(anonymous_3)
FNDA:20,(anonymous_4)
FNDA:166,(anonymous_5)
FNDA:615,(anonymous_6)
DA:21,20
DA:47,20
DA:59,20
DA:60,20
DA:62,20
DA:63,20
DA:64,20
DA:65,20
DA:66,20
DA:67,20
DA:68,160
DA:69,160
DA:70,20
DA:72,140
DA:74,20
DA:78,20
DA:80,20
DA:81,20
DA:82,20
DA:83,20
DA:105,20
DA:106,20
DA:114,20
DA:118,8
DA:122,20
DA:126,166
DA:130,615
LF:27
LH:27
BRDA:23,0,0,20
BRDA:23,0,1,20
BRDA:26,1,0,20
BRDA:26,1,1,20
BRDA:69,2,0,20
BRDA:69,2,1,140
BRDA:88,3,0,20
BRDA:88,3,1,20
BRDA:98,4,0,20
BRDA:98,4,1,20
BRDA:101,5,0,20
BRDA:101,5,1,20
BRF:12
BRH:12
end_of_record
TN:
SF:packages/pages/src/builder/Builder.ts
FN:27,(anonymous_0)
FN:31,(anonymous_1)
FN:66,(anonymous_2)
FN:87,(anonymous_3)
FN:94,(anonymous_4)
FN:103,(anonymous_5)
FN:132,(anonymous_6)
FN:133,(anonymous_7)
FN:140,(anonymous_8)
FN:160,(anonymous_9)
FN:165,(anonymous_10)
FN:166,(anonymous_11)
FN:292,(anonymous_12)
FN:297,(anonymous_13)
FNF:14
FNH:9
FNDA:643,(anonymous_0)
FNDA:20,(anonymous_1)
FNDA:0,(anonymous_2)
FNDA:120,(anonymous_3)
FNDA:120,(anonymous_4)
FNDA:0,(anonymous_5)
FNDA:0,(anonymous_6)
FNDA:0,(anonymous_7)
FNDA:55,(anonymous_8)
FNDA:16,(anonymous_9)
FNDA:55,(anonymous_10)
FNDA:55,(anonymous_11)
FNDA:14,(anonymous_12)
FNDA:0,(anonymous_13)
DA:28,643
DA:37,20
DA:38,20
DA:39,20
DA:40,20
DA:41,20
DA:45,20
DA:46,0
DA:52,20
DA:53,20
DA:58,20
DA:66,20
DA:67,0
DA:70,20
DA:79,20
DA:84,20
DA:91,120
DA:94,120
DA:96,120
DA:97,5
DA:100,120
DA:112,0
DA:113,0
DA:114,0
DA:115,0
DA:118,0
DA:119,0
DA:122,0
DA:124,0
DA:125,0
DA:126,0
DA:128,0
DA:129,0
DA:132,0
DA:133,0
DA:135,0
DA:136,0
DA:141,55
DA:142,55
DA:143,55
DA:151,176
DA:161,16
DA:165,55
DA:166,55
DA:293,14
DA:294,14
DA:298,0
DA:299,0
LF:48
LH:28
BRDA:45,0,0,0
BRDA:45,0,1,20
BRDA:45,1,0,20
BRDA:45,1,1,0
BRDA:89,2,0,47
BRDA:96,3,0,5
BRDA:96,3,1,115
BRDA:106,4,0,0
BRDA:112,5,0,0
BRDA:112,5,1,0
BRDA:118,6,0,0
BRDA:118,6,1,0
BRDA:128,7,0,0
BRDA:128,7,1,0
BRDA:150,8,0,160
BRF:15
BRH:6
end_of_record
TN:
SF:packages/pages/src/builder/ConfigContext.ts
FN:24,(anonymous_0)
FN:29,(anonymous_1)
FN:38,(anonymous_2)
FN:48,(anonymous_3)
FN:63,(anonymous_4)
FN:82,(anonymous_5)
FN:88,(anonymous_6)
FNF:7
FNH:7
FNDA:92,(anonymous_0)
FNDA:47,(anonymous_1)
FNDA:92,(anonymous_2)
FNDA:92,(anonymous_3)
FNDA:20,(anonymous_4)
FNDA:47,(anonymous_5)
FNDA:45,(anonymous_6)
DA:25,92
DA:26,92
DA:30,47
DA:31,47
DA:32,47
DA:33,92
DA:35,47
DA:39,92
DA:40,92
DA:41,92
DA:42,92
DA:43,47
DA:45,92
DA:49,92
DA:52,92
DA:53,45
DA:55,47
DA:64,20
DA:73,92
DA:79,92
DA:87,47
DA:88,47
DA:90,47
DA:91,92
DA:98,47
DA:99,0
DA:101,47
LF:27
LH:26
BRDA:42,0,0,47
BRDA:42,0,1,45
BRDA:52,1,0,45
BRDA:52,1,1,47
BRDA:98,2,0,0
BRDA:98,2,1,47
BRF:6
BRH:5
end_of_record
TN:
SF:packages/pages/src/builder/MockBuilder.ts
FN:19,(anonymous_0)
FN:31,(anonymous_1)
FN:36,(anonymous_2)
FN:41,(anonymous_3)
FN:46,(anonymous_4)
FN:51,(anonymous_5)
FN:52,(anonymous_6)
FN:66,(anonymous_7)
FN:102,(anonymous_8)
FN:136,(anonymous_9)
FN:140,(anonymous_10)
FN:151,(anonymous_11)
FN:152,(anonymous_12)
FN:172,(anonymous_13)
FN:180,(anonymous_14)
FN:184,(anonymous_15)
FN:188,(anonymous_16)
FN:192,(anonymous_17)
FN:198,(anonymous_18)
FN:212,(anonymous_19)
FN:216,(anonymous_20)
FN:226,(anonymous_21)
FNF:22
FNH:21
FNDA:38,(anonymous_0)
FNDA:9,(anonymous_1)
FNDA:9,(anonymous_2)
FNDA:9,(anonymous_3)
FNDA:27,(anonymous_4)
FNDA:38,(anonymous_5)
FNDA:47,(anonymous_6)
FNDA:36,(anonymous_7)
FNDA:20,(anonymous_8)
FNDA:8,(anonymous_9)
FNDA:48,(anonymous_10)
FNDA:3,(anonymous_11)
FNDA:18,(anonymous_12)
FNDA:22,(anonymous_13)
FNDA:7,(anonymous_14)
FNDA:38,(anonymous_15)
FNDA:9,(anonymous_16)
FNDA:9,(anonymous_17)
FNDA:60,(anonymous_18)
FNDA:41,(anonymous_19)
FNDA:14,(anonymous_20)
FNDA:0,(anonymous_21)
DA:14,38
DA:16,38
DA:17,38
DA:25,38
DA:26,38
DA:27,38
DA:28,38
DA:32,9
DA:33,9
DA:37,9
DA:38,9
DA:42,9
DA:43,9
DA:47,27
DA:48,27
DA:52,38
DA:56,47
DA:57,47
DA:58,38
DA:61,9
DA:63,38
DA:67,36
DA:68,9
DA:69,27
DA:70,27
DA:72,0
DA:91,38
DA:92,38
DA:103,20
DA:108,20
DA:109,20
DA:111,20
DA:112,0
DA:116,0
DA:117,0
DA:118,0
DA:121,20
DA:127,20
DA:128,20
DA:129,12
DA:131,20
DA:132,20
DA:133,20
DA:137,8
DA:141,48
DA:145,48
DA:152,3
DA:153,18
DA:158,18
DA:159,0
DA:162,18
DA:164,18
DA:165,0
DA:167,18
DA:173,22
DA:174,22
DA:181,7
DA:185,38
DA:189,9
DA:193,9
DA:194,9
DA:196,9
DA:197,39
DA:198,39
DA:199,60
DA:203,60
DA:204,60
DA:205,30
DA:207,30
DA:208,30
DA:212,41
DA:213,9
DA:217,14
DA:218,14
DA:220,14
DA:221,0
DA:223,14
DA:227,0
DA:228,0
LF:79
LH:69
BRDA:46,0,0,27
BRDA:54,1,0,38
BRDA:57,2,0,38
BRDA:57,2,1,9
BRDA:67,3,0,9
BRDA:67,3,1,27
BRDA:69,4,0,27
BRDA:69,4,1,0
BRDA:102,5,0,12
BRDA:102,6,0,12
BRDA:108,7,0,20
BRDA:108,7,1,12
BRDA:111,8,0,0
BRDA:111,8,1,20
BRDA:128,9,0,12
BRDA:128,9,1,8
BRDA:136,10,0,0
BRDA:151,11,0,3
BRDA:155,12,0,0
BRDA:155,12,1,18
BRDA:158,13,0,0
BRDA:158,13,1,18
BRDA:164,14,0,0
BRDA:164,14,1,18
BRDA:184,15,0,0
BRDA:201,16,0,0
BRDA:201,16,1,60
BRDA:204,17,0,30
BRDA:204,17,1,30
BRDA:220,18,0,0
BRDA:220,18,1,14
BRF:31
BRH:22
end_of_record
TN:
SF:packages/pages/src/builder/ModuleCompiler.ts
FN:23,(anonymous_0)
FN:27,(anonymous_1)
FN:40,(anonymous_2)
FN:48,(anonymous_3)
FNF:4
FNH:4
FNDA:20,(anonymous_0)
FNDA:156,(anonymous_1)
FNDA:156,(anonymous_2)
FNDA:11488,(anonymous_3)
DA:24,20
DA:28,156
DA:40,156
DA:45,156
DA:47,156
DA:49,11488
DA:54,473
DA:56,473
DA:57,473
DA:63,156
LF:10
LH:10
BRDA:27,0,0,155
BRDA:49,1,0,473
BRDA:49,1,1,11015
BRDA:56,2,0,473
BRDA:56,2,1,0
BRF:5
BRH:4
end_of_record
TN:
SF:packages/pages/src/builder/ModuleContext.ts
FN:31,(anonymous_0)
FN:34,(anonymous_1)
FN:42,(anonymous_2)
FN:99,(anonymous_3)
FN:115,(anonymous_4)
FN:129,(anonymous_5)
FN:139,(anonymous_6)
FN:162,(anonymous_7)
FN:172,(anonymous_8)
FN:185,(anonymous_9)
FN:191,(anonymous_10)
FN:196,(anonymous_11)
FN:198,(anonymous_12)
FN:203,(anonymous_13)
FN:209,(anonymous_14)
FN:213,(anonymous_15)
FN:217,(anonymous_16)
FN:221,(anonymous_17)
FN:229,(anonymous_18)
FN:233,(anonymous_19)
FN:240,(anonymous_20)
FN:249,(anonymous_21)
FN:256,(anonymous_22)
FN:266,(anonymous_23)
FN:289,(anonymous_24)
FN:306,(anonymous_25)
FN:310,(anonymous_26)
FN:311,(anonymous_27)
FN:329,(anonymous_28)
FN:335,(anonymous_29)
FN:340,(anonymous_30)
FN:345,(anonymous_31)
FN:346,(anonymous_32)
FN:367,(anonymous_33)
FN:381,(anonymous_34)
FN:391,(anonymous_35)
FN:401,(anonymous_36)
FN:415,(anonymous_37)
FN:416,(anonymous_38)
FN:453,(anonymous_39)
FN:460,(anonymous_40)
FN:468,(anonymous_41)
FN:472,(anonymous_42)
FN:483,(anonymous_43)
FN:493,(anonymous_44)
FN:546,(anonymous_45)
FN:597,(anonymous_46)
FN:638,(anonymous_47)
FN:662,(anonymous_48)
FN:700,(anonymous_49)
FN:707,(anonymous_50)
FN:711,(anonymous_51)
FN:719,(anonymous_52)
FN:733,(anonymous_53)
FN:739,(anonymous_54)
FN:750,(anonymous_55)
FN:754,(anonymous_56)
FN:769,(anonymous_57)
FN:797,(anonymous_58)
FN:818,(anonymous_59)
FN:842,(anonymous_60)
FN:857,(anonymous_61)
FN:862,(anonymous_62)
FN:883,(anonymous_63)
FN:921,(anonymous_64)
FN:922,(anonymous_65)
FNF:66
FNH:65
FNDA:147,(anonymous_0)
FNDA:1109,(anonymous_1)
FNDA:144,(anonymous_2)
FNDA:147,(anonymous_3)
FNDA:501,(anonymous_4)
FNDA:187,(anonymous_5)
FNDA:113,(anonymous_6)
FNDA:70,(anonymous_7)
FNDA:121,(anonymous_8)
FNDA:147,(anonymous_9)
FNDA:170,(anonymous_10)
FNDA:40,(anonymous_11)
FNDA:66,(anonymous_12)
FNDA:243,(anonymous_13)
FNDA:142,(anonymous_14)
FNDA:66,(anonymous_15)
FNDA:187,(anonymous_16)
FNDA:248,(anonymous_17)
FNDA:56,(anonymous_18)
FNDA:131,(anonymous_19)
FNDA:131,(anonymous_20)
FNDA:40,(anonymous_21)
FNDA:66,(anonymous_22)
FNDA:0,(anonymous_23)
FNDA:116,(anonymous_24)
FNDA:897,(anonymous_25)
FNDA:897,(anonymous_26)
FNDA:897,(anonymous_27)
FNDA:155,(anonymous_28)
FNDA:472,(anonymous_29)
FNDA:472,(anonymous_30)
FNDA:358,(anonymous_31)
FNDA:218,(anonymous_32)
FNDA:541,(anonymous_33)
FNDA:331,(anonymous_34)
FNDA:247,(anonymous_35)
FNDA:247,(anonymous_36)
FNDA:247,(anonymous_37)
FNDA:247,(anonymous_38)
FNDA:423,(anonymous_39)
FNDA:423,(anonymous_40)
FNDA:268,(anonymous_41)
FNDA:268,(anonymous_42)
FNDA:365,(anonymous_43)
FNDA:365,(anonymous_44)
FNDA:20,(anonymous_45)
FNDA:472,(anonymous_46)
FNDA:518,(anonymous_47)
FNDA:518,(anonymous_48)
FNDA:20,(anonymous_49)
FNDA:526,(anonymous_50)
FNDA:140,(anonymous_51)
FNDA:140,(anonymous_52)
FNDA:183,(anonymous_53)
FNDA:72,(anonymous_54)
FNDA:116,(anonymous_55)
FNDA:131,(anonymous_56)
FNDA:166,(anonymous_57)
FNDA:454,(anonymous_58)
FNDA:179,(anonymous_59)
FNDA:840,(anonymous_60)
FNDA:444,(anonymous_61)
FNDA:444,(anonymous_62)
FNDA:501,(anonymous_63)
FNDA:396,(anonymous_64)
FNDA:840,(anonymous_65)
DA:21,2
DA:31,2
DA:32,147
DA:34,2
DA:35,1109
DA:36,1109
DA:42,2
DA:46,144
DA:47,144
DA:48,144
DA:49,144
DA:50,144
DA:51,144
DA:88,147
DA:89,147
DA:90,147
DA:92,147
DA:94,147
DA:96,2
DA:97,147
DA:109,147
DA:110,147
DA:111,147
DA:112,147
DA:113,147
DA:114,147
DA:115,147
DA:116,501
DA:117,501
DA:118,501
DA:120,147
DA:122,147
DA:126,217
DA:130,187
DA:131,0
DA:134,187
DA:135,74
DA:137,113
DA:139,113
DA:140,113
DA:141,123
DA:142,35
DA:145,78
DA:146,76
DA:147,6
DA:150,72
DA:153,113
DA:157,43
DA:160,70
DA:161,70
DA:163,70
DA:164,70
DA:166,70
DA:173,121
DA:174,121
DA:175,121
DA:176,121
DA:183,147
DA:184,147
DA:186,147
DA:187,107
DA:191,107
DA:192,170
DA:194,107
DA:198,147
DA:199,66
DA:204,243
DA:205,243
DA:206,243
DA:210,142
DA:214,66
DA:218,187
DA:222,248
DA:223,0
DA:226,248
DA:230,56
DA:238,131
DA:239,131
DA:241,131
DA:242,131
DA:244,131
DA:251,0
DA:252,0
DA:260,66
DA:262,66
DA:263,66
DA:265,66
DA:267,0
DA:271,66
DA:272,66
DA:273,66
DA:274,66
DA:275,66
DA:290,116
DA:291,116
DA:293,116
DA:303,116
DA:310,897
DA:311,897
DA:312,897
DA:313,0
DA:314,0
DA:317,897
DA:318,0
DA:321,897
DA:334,155
DA:336,472
DA:340,472
DA:342,155
DA:343,131
DA:345,358
DA:347,218
DA:349,218
DA:350,0
DA:353,218
DA:355,218
DA:356,0
DA:359,218
DA:366,218
DA:367,541
DA:370,218
DA:378,155
DA:382,331
DA:383,84
DA:386,247
DA:387,247
DA:389,247
DA:390,247
DA:392,247
DA:402,247
DA:403,0
DA:404,0
DA:407,247
DA:412,247
DA:413,247
DA:415,247
DA:416,247
DA:417,247
DA:418,0
DA:419,0
DA:422,247
DA:426,247
DA:427,0
DA:430,247
DA:432,247
DA:433,0
DA:436,247
DA:438,0
DA:440,247
DA:443,247
DA:447,788
DA:448,788
DA:450,788
DA:458,423
DA:460,423
DA:461,423
DA:463,423
DA:464,268
DA:466,268
DA:467,268
DA:468,268
DA:472,268
DA:475,268
DA:479,155
DA:491,365
DA:493,365
DA:494,365
DA:499,365
DA:500,210
DA:507,155
DA:511,155
DA:513,155
DA:519,155
DA:528,155
DA:544,20
DA:552,20
DA:553,20
DA:556,20
DA:559,20
DA:569,472
DA:570,140
DA:571,332
DA:572,0
DA:574,332
DA:577,472
DA:584,166
DA:585,62
DA:586,62
DA:589,62
DA:591,62
DA:594,166
DA:602,472
DA:603,472
DA:604,472
DA:607,472
DA:608,472
DA:610,0
DA:612,472
DA:613,472
DA:614,424
DA:617,472
DA:623,47
DA:626,425
DA:627,166
DA:630,259
DA:631,259
DA:632,0
DA:633,259
DA:634,0
DA:637,259
DA:639,518
DA:640,518
DA:641,518
DA:642,259
DA:644,259
DA:645,259
DA:646,0
DA:650,259
DA:655,259
DA:661,259
DA:662,518
DA:664,93
DA:668,166
DA:669,166
DA:674,166
DA:675,0
DA:679,166
DA:693,20
DA:694,20
DA:695,20
DA:696,20
DA:698,20
DA:701,20
DA:702,20
DA:703,20
DA:704,20
DA:708,526
DA:712,140
DA:713,0
DA:714,0
DA:717,140
DA:719,140
DA:720,140
DA:721,140
DA:722,90
DA:728,50
DA:734,183
DA:735,72
DA:736,0
DA:738,72
DA:739,72
DA:740,72
DA:741,0
DA:743,72
DA:747,183
DA:751,116
DA:759,131
DA:760,131
DA:761,0
DA:763,131
DA:764,65
DA:766,131
DA:775,166
DA:777,166
DA:778,58
DA:779,58
DA:780,58
DA:781,58
DA:782,58
DA:783,58
DA:787,108
DA:789,108
DA:790,108
DA:791,108
DA:795,144
DA:796,144
DA:797,144
DA:802,454
DA:804,454
DA:805,303
DA:806,303
DA:809,151
DA:810,151
DA:811,151
DA:812,151
DA:815,144
DA:826,179
DA:827,179
DA:828,32
DA:831,147
DA:833,147
DA:835,147
DA:842,147
DA:843,840
DA:844,0
DA:846,840
DA:847,389
DA:849,451
DA:851,451
DA:853,451
DA:854,180
DA:856,180
DA:857,444
DA:860,180
DA:862,444
DA:866,271
DA:867,266
DA:870,5
DA:871,5
DA:872,5
DA:875,147
DA:877,147
DA:883,147
DA:884,501
DA:885,357
DA:888,144
DA:889,144
DA:890,144
DA:891,144
DA:893,144
DA:901,144
DA:904,147
DA:905,147
DA:916,147
DA:917,147
DA:919,147
DA:921,396
DA:922,840
DA:924,147
DA:925,147
LF:330
LH:301
BRDA:37,0,0,1109
BRDA:37,0,1,1109
BRDA:37,0,2,1109
BRDA:37,0,3,259
BRDA:130,1,0,0
BRDA:130,1,1,187
BRDA:134,2,0,74
BRDA:134,2,1,113
BRDA:141,3,0,35
BRDA:141,3,1,88
BRDA:146,4,0,6
BRDA:146,4,1,70
BRDA:153,5,0,43
BRDA:153,5,1,70
BRDA:154,6,0,113
BRDA:154,6,1,72
BRDA:174,7,0,121
BRDA:174,7,1,0
BRDA:222,8,0,0
BRDA:222,8,1,248
BRDA:236,9,0,0
BRDA:238,10,0,131
BRDA:238,10,1,0
BRDA:258,11,0,0
BRDA:258,12,0,0
BRDA:312,13,0,0
BRDA:312,13,1,897
BRDA:317,14,0,0
BRDA:317,14,1,897
BRDA:332,15,0,0
BRDA:342,16,0,131
BRDA:342,16,1,24
BRDA:349,17,0,0
BRDA:349,17,1,218
BRDA:355,18,0,0
BRDA:355,18,1,218
BRDA:367,19,0,541
BRDA:367,19,1,541
BRDA:367,19,2,541
BRDA:382,20,0,84
BRDA:382,20,1,247
BRDA:402,21,0,0
BRDA:402,21,1,247
BRDA:417,22,0,0
BRDA:417,22,1,247
BRDA:426,23,0,0
BRDA:426,23,1,247
BRDA:432,24,0,0
BRDA:432,24,1,247
BRDA:456,25,0,58
BRDA:463,26,0,268
BRDA:463,26,1,155
BRDA:466,27,0,268
BRDA:466,27,1,0
BRDA:488,28,0,147
BRDA:489,29,0,365
BRDA:499,30,0,210
BRDA:499,30,1,155
BRDA:548,31,0,0
BRDA:549,32,0,0
BRDA:550,33,0,0
BRDA:565,34,0,93
BRDA:566,35,0,472
BRDA:569,36,0,140
BRDA:569,36,1,332
BRDA:571,37,0,0
BRDA:571,37,1,332
BRDA:584,38,0,62
BRDA:584,38,1,104
BRDA:589,39,0,62
BRDA:589,39,1,62
BRDA:613,40,0,424
BRDA:613,40,1,48
BRDA:617,41,0,47
BRDA:617,41,1,425
BRDA:626,42,0,166
BRDA:626,42,1,259
BRDA:631,43,0,0
BRDA:631,43,1,259
BRDA:633,44,0,0
BRDA:633,44,1,259
BRDA:645,45,0,0
BRDA:645,45,1,259
BRDA:655,46,0,259
BRDA:655,46,1,0
BRDA:661,47,0,93
BRDA:661,47,1,166
BRDA:662,48,0,518
BRDA:662,48,1,425
BRDA:668,49,0,166
BRDA:668,49,1,0
BRDA:674,50,0,0
BRDA:674,50,1,166
BRDA:700,51,0,0
BRDA:712,52,0,0
BRDA:712,52,1,140
BRDA:734,53,0,72
BRDA:734,53,1,111
BRDA:735,54,0,0
BRDA:735,54,1,72
BRDA:740,55,0,0
BRDA:740,55,1,72
BRDA:757,56,0,0
BRDA:757,57,0,0
BRDA:757,58,0,66
BRDA:760,59,0,0
BRDA:760,59,1,131
BRDA:760,60,0,131
BRDA:760,60,1,66
BRDA:763,61,0,65
BRDA:763,61,1,66
BRDA:777,62,0,58
BRDA:777,62,1,108
BRDA:780,63,0,58
BRDA:780,63,1,0
BRDA:780,64,0,58
BRDA:780,64,1,58
BRDA:799,65,0,0
BRDA:800,66,0,454
BRDA:801,67,0,0
BRDA:802,68,0,454
BRDA:802,68,1,0
BRDA:804,69,0,303
BRDA:804,69,1,151
BRDA:804,70,0,454
BRDA:804,70,1,454
BRDA:823,71,0,179
BRDA:824,72,0,179
BRDA:827,73,0,32
BRDA:827,73,1,147
BRDA:843,74,0,0
BRDA:843,74,1,840
BRDA:846,75,0,389
BRDA:846,75,1,451
BRDA:853,76,0,180
BRDA:853,76,1,271
BRDA:862,77,0,444
BRDA:862,77,1,0
BRDA:862,78,0,444
BRDA:862,78,1,0
BRDA:866,79,0,266
BRDA:866,79,1,5
BRDA:884,80,0,357
BRDA:884,80,1,144
BRF:144
BRH:103
end_of_record
TN:
SF:packages/pages/src/builder/Renderer.ts
FN:24,(anonymous_0)
FN:28,(anonymous_1)
FN:47,(anonymous_2)
FN:49,(anonymous_3)
FN:50,(anonymous_4)
FN:51,(anonymous_5)
FNF:6
FNH:4
FNDA:20,(anonymous_0)
FNDA:47,(anonymous_1)
FNDA:47,(anonymous_2)
FNDA:0,(anonymous_3)
FNDA:0,(anonymous_4)
FNDA:47,(anonymous_5)
DA:25,20
DA:34,47
DA:36,47
DA:46,47
DA:47,47
DA:48,47
DA:49,0
DA:50,0
DA:51,47
DA:54,47
DA:56,47
LF:11
LH:9
BRF:0
BRH:0
end_of_record
TN:
SF:packages/pages/src/builder/SourceContext.ts
FN:38,(anonymous_0)
FN:56,(anonymous_1)
FN:60,(anonymous_2)
FN:67,(anonymous_3)
FN:75,(anonymous_4)
FN:79,(anonymous_5)
FN:92,(anonymous_6)
FN:108,(anonymous_7)
FN:109,(anonymous_8)
FNF:9
FNH:5
FNDA:47,(anonymous_0)
FNDA:141,(anonymous_1)
FNDA:47,(anonymous_2)
FNDA:0,(anonymous_3)
FNDA:0,(anonymous_4)
FNDA:0,(anonymous_5)
FNDA:0,(anonymous_6)
FNDA:47,(anonymous_7)
FNDA:47,(anonymous_8)
DA:36,47
DA:47,47
DA:48,47
DA:49,47
DA:50,47
DA:51,47
DA:52,47
DA:53,47
DA:57,141
DA:61,47
DA:68,0
DA:76,0
DA:80,0
DA:81,0
DA:84,0
DA:92,0
DA:93,0
DA:98,0
DA:100,0
DA:109,47
DA:110,47
DA:116,47
LF:22
LH:13
BRDA:80,0,0,0
BRDA:80,0,1,0
BRF:2
BRH:0
end_of_record
TN:
SF:packages/pages/src/components/Document.tsx
FN:5,(anonymous_0)
FNF:1
FNH:1
FNDA:47,(anonymous_0)
DA:5,2
DA:6,47
DA:16,2
LF:3
LH:3
BRF:0
BRH:0
end_of_record
TN:
SF:packages/pages/src/components/Head.tsx
FN:18,(anonymous_0)
FN:22,(anonymous_1)
FN:24,(anonymous_2)
FN:27,(anonymous_3)
FN:49,(anonymous_4)
FN:50,(anonymous_5)
FN:59,(anonymous_6)
FN:68,(anonymous_7)
FN:70,(anonymous_8)
FN:78,(anonymous_9)
FN:83,(anonymous_10)
FNF:11
FNH:11
FNDA:47,(anonymous_0)
FNDA:83,(anonymous_1)
FNDA:36,(anonymous_2)
FNDA:61,(anonymous_3)
FNDA:83,(anonymous_4)
FNDA:36,(anonymous_5)
FNDA:36,(anonymous_6)
FNDA:83,(anonymous_7)
FNDA:83,(anonymous_8)
FNDA:83,(anonymous_9)
FNDA:47,(anonymous_10)
DA:16,2
DA:18,2
DA:19,47
DA:22,83
DA:24,2
DA:25,36
DA:27,36
DA:28,61
DA:29,0
DA:30,61
DA:31,61
DA:32,61
DA:33,0
DA:34,0
DA:35,0
DA:36,0
DA:37,0
DA:38,0
DA:39,0
DA:43,0
DA:46,36
DA:49,2
DA:50,83
DA:51,36
DA:52,0
DA:53,36
DA:54,36
DA:59,2
DA:60,36
DA:62,36
DA:63,36
DA:68,2
DA:69,83
DA:70,83
DA:71,83
DA:72,83
DA:73,83
DA:76,83
DA:78,83
DA:79,83
DA:80,36
DA:83,47
DA:84,47
DA:93,83
LF:44
LH:34
BRDA:28,0,0,0
BRDA:28,0,1,61
BRDA:30,1,0,61
BRDA:30,1,1,0
BRDA:30,2,0,61
BRDA:30,2,1,0
BRDA:33,3,0,0
BRDA:33,3,1,0
BRDA:36,4,0,0
BRDA:36,4,1,0
BRDA:36,5,0,0
BRDA:36,5,1,0
BRDA:37,6,0,0
BRDA:37,6,1,0
BRDA:51,7,0,0
BRDA:51,7,1,36
BRDA:53,8,0,36
BRDA:53,8,1,0
BRDA:53,9,0,36
BRDA:53,9,1,36
BRDA:60,10,0,36
BRDA:79,11,0,36
BRDA:79,11,1,47
BRDA:87,12,0,47
BRDA:87,12,1,36
BRF:25
BRH:12
end_of_record
TN:
SF:packages/pages/src/components/Once.tsx
FN:25,(anonymous_0)
FN:34,(anonymous_1)
FN:60,(anonymous_2)
FN:63,(anonymous_3)
FN:66,(anonymous_4)
FNF:5
FNH:5
FNDA:49,(anonymous_0)
FNDA:49,(anonymous_1)
FNDA:24,(anonymous_2)
FNDA:49,(anonymous_3)
FNDA:13,(anonymous_4)
DA:14,1
DA:18,1
DA:25,1
DA:30,49
DA:32,49
DA:34,49
DA:35,49
DA:36,49
DA:37,49
DA:38,49
DA:41,49
DA:42,13
DA:43,13
DA:44,13
DA:51,0
DA:54,36
DA:60,1
DA:63,24
DA:64,49
DA:65,49
DA:66,13
LF:21
LH:20
BRDA:37,0,0,49
BRDA:37,0,1,49
BRDA:41,1,0,13
BRDA:41,1,1,36
BRDA:41,2,0,13
BRDA:41,2,1,13
BRDA:42,3,0,13
BRDA:42,3,1,0
BRF:8
BRH:7
end_of_record
TN:
SF:packages/pages/src/components/index.ts
FNF:0
FNH:0
LF:0
LH:0
BRF:0
BRH:0
end_of_record
TN:
SF:packages/pages/src/hooks/index.ts
FNF:0
FNH:0
LF:0
LH:0
BRF:0
BRH:0
end_of_record
TN:
SF:packages/pages/src/hooks/useComponents.tsx
FN:8,(anonymous_0)
FN:11,(anonymous_1)
FN:13,(anonymous_2)
FNF:3
FNH:0
FNDA:0,(anonymous_0)
FNDA:0,(anonymous_1)
FNDA:0,(anonymous_2)
DA:8,2
DA:9,0
DA:11,0
DA:12,0
DA:13,0
DA:18,0
DA:19,0
DA:20,0
DA:21,0
DA:26,0
DA:27,0
DA:34,0
DA:35,0
LF:13
LH:1
BRDA:16,0,0,0
BRDA:19,1,0,0
BRDA:19,1,1,0
BRDA:26,2,0,0
BRDA:26,2,1,0
BRF:5
BRH:0
end_of_record
TN:
SF:packages/pages/src/hooks/useContext.tsx
FN:14,(anonymous_0)
FN:15,(anonymous_1)
FNF:2
FNH:2
FNDA:2,(anonymous_0)
FNDA:47,(anonymous_1)
DA:13,2
DA:15,2
DA:16,47
LF:3
LH:3
BRF:0
BRH:0
end_of_record
TN:
SF:packages/pages/src/hooks/useDocument.tsx
FN:10,(anonymous_0)
FN:11,(anonymous_1)
FN:12,(anonymous_2)
FN:17,(anonymous_3)
FN:20,(anonymous_4)
FNF:5
FNH:5
FNDA:2,(anonymous_0)
FNDA:47,(anonymous_1)
FNDA:47,(anonymous_2)
FNDA:168,(anonymous_3)
FNDA:168,(anonymous_4)
DA:9,2
DA:11,2
DA:12,47
DA:13,47
DA:17,2
DA:18,168
DA:20,168
DA:21,168
DA:22,83
DA:26,168
LF:10
LH:10
BRDA:21,0,0,83
BRDA:21,0,1,85
BRF:2
BRH:2
end_of_record
TN:
SF:packages/pages/src/hooks/useErrorManager.tsx
FN:7,(anonymous_0)
FN:19,(anonymous_1)
FN:19,(anonymous_2)
FN:30,(anonymous_3)
FN:36,(anonymous_4)
FN:39,(anonymous_5)
FN:54,(anonymous_6)
FN:78,(anonymous_7)
FN:81,(anonymous_8)
FN:88,(anonymous_9)
FN:99,(anonymous_10)
FN:107,(anonymous_11)
FN:111,(anonymous_12)
FN:115,(anonymous_13)
FN:121,(anonymous_14)
FN:124,(anonymous_15)
FNF:16
FNH:5
FNDA:49,(anonymous_0)
FNDA:2,(anonymous_1)
FNDA:47,(anonymous_2)
FNDA:0,(anonymous_3)
FNDA:0,(anonymous_4)
FNDA:0,(anonymous_5)
FNDA:0,(anonymous_6)
FNDA:0,(anonymous_7)
FNDA:0,(anonymous_8)
FNDA:0,(anonymous_9)
FNDA:0,(anonymous_10)
FNDA:47,(anonymous_11)
FNDA:0,(anonymous_12)
FNDA:47,(anonymous_13)
FNDA:0,(anonymous_14)
FNDA:0,(anonymous_15)
DA:5,2
DA:7,2
DA:8,49
DA:9,49
DA:18,2
DA:19,2
DA:20,47
DA:21,0
DA:24,47
DA:26,47
DA:30,2
DA:33,0
DA:36,2
DA:39,0
DA:40,0
DA:42,0
DA:43,0
DA:45,0
DA:46,0
DA:49,0
DA:50,0
DA:54,2
DA:57,0
DA:58,0
DA:62,0
DA:63,0
DA:65,0
DA:69,0
DA:70,0
DA:73,2
DA:76,0
DA:79,0
DA:82,0
DA:86,0
DA:87,0
DA:89,0
DA:90,0
DA:91,0
DA:93,0
DA:97,0
DA:99,0
DA:105,47
DA:112,0
DA:116,47
DA:117,0
DA:122,0
DA:123,0
DA:124,0
DA:125,0
DA:126,0
DA:133,0
DA:135,0
DA:136,0
LF:53
LH:15
BRDA:20,0,0,0
BRDA:20,0,1,47
BRDA:45,1,0,0
BRDA:45,1,1,0
BRDA:57,2,0,0
BRDA:57,2,1,0
BRDA:62,3,0,0
BRDA:62,3,1,0
BRDA:82,4,0,0
BRDA:82,4,1,0
BRDA:89,5,0,0
BRDA:89,5,1,0
BRDA:90,6,0,0
BRDA:90,6,1,0
BRDA:116,7,0,0
BRDA:116,7,1,47
BRDA:122,8,0,0
BRDA:122,8,1,0
BRDA:125,9,0,0
BRDA:125,9,1,0
BRF:20
BRH:2
end_of_record
TN:
SF:packages/pages/src/hooks/useLazy.tsx
FN:19,(anonymous_0)
FN:23,(anonymous_1)
FN:24,(anonymous_2)
FN:34,(anonymous_3)
FN:35,(anonymous_4)
FN:36,(anonymous_5)
FN:55,(anonymous_6)
FN:56,(anonymous_7)
FN:58,(anonymous_8)
FN:65,(anonymous_9)
FN:71,(anonymous_10)
FN:72,(anonymous_11)
FN:73,(anonymous_12)
FN:78,(anonymous_13)
FN:90,(anonymous_14)
FN:94,(anonymous_15)
FN:101,(anonymous_16)
FN:107,(anonymous_17)
FN:110,(anonymous_18)
FN:116,(anonymous_19)
FN:119,(anonymous_20)
FN:126,(anonymous_21)
FN:126,(anonymous_22)
FNF:23
FNH:15
FNDA:47,(anonymous_0)
FNDA:0,(anonymous_1)
FNDA:0,(anonymous_2)
FNDA:83,(anonymous_3)
FNDA:83,(anonymous_4)
FNDA:83,(anonymous_5)
FNDA:2,(anonymous_6)
FNDA:47,(anonymous_7)
FNDA:47,(anonymous_8)
FNDA:83,(anonymous_9)
FNDA:83,(anonymous_10)
FNDA:83,(anonymous_11)
FNDA:83,(anonymous_12)
FNDA:36,(anonymous_13)
FNDA:0,(anonymous_14)
FNDA:83,(anonymous_15)
FNDA:0,(anonymous_16)
FNDA:0,(anonymous_17)
FNDA:83,(anonymous_18)
FNDA:83,(anonymous_19)
FNDA:0,(anonymous_20)
FNDA:0,(anonymous_21)
FNDA:0,(anonymous_22)
DA:16,47
DA:20,47
DA:24,0
DA:25,0
DA:26,0
DA:27,0
DA:30,0
DA:31,0
DA:35,83
DA:36,83
DA:38,83
DA:39,0
DA:40,0
DA:44,83
DA:46,83
DA:54,2
DA:56,2
DA:57,47
DA:58,47
DA:61,47
DA:65,2
DA:69,83
DA:71,83
DA:72,83
DA:73,83
DA:74,83
DA:75,83
DA:77,83
DA:78,36
DA:79,47
DA:80,0
DA:82,47
DA:85,0
DA:86,0
DA:89,0
DA:90,0
DA:94,83
DA:98,83
DA:101,2
DA:105,0
DA:107,0
DA:110,2
DA:114,83
DA:116,83
DA:119,2
DA:123,0
DA:125,0
DA:126,0
LF:48
LH:30
BRDA:26,0,0,0
BRDA:26,0,1,0
BRDA:38,1,0,0
BRDA:38,1,1,83
BRDA:77,2,0,36
BRDA:77,2,1,47
BRDA:79,3,0,0
BRDA:79,3,1,47
BRDA:85,4,0,0
BRDA:85,4,1,0
BRF:10
BRH:4
end_of_record
TN:
SF:packages/pages/src/hooks/useResource.tsx
FN:13,(anonymous_0)
FN:20,(anonymous_1)
FN:28,(anonymous_2)
FN:32,(anonymous_3)
FN:36,(anonymous_4)
FN:49,(anonymous_5)
FN:63,(anonymous_6)
FN:64,(anonymous_7)
FN:69,(anonymous_8)
FN:83,(anonymous_9)
FN:84,(anonymous_10)
FN:86,(anonymous_11)
FN:107,(anonymous_12)
FN:120,(anonymous_13)
FN:122,(anonymous_14)
FN:124,(anonymous_15)
FN:126,(anonymous_16)
FNF:17
FNH:10
FNDA:98,(anonymous_0)
FNDA:0,(anonymous_1)
FNDA:0,(anonymous_2)
FNDA:98,(anonymous_3)
FNDA:0,(anonymous_4)
FNDA:98,(anonymous_5)
FNDA:2,(anonymous_6)
FNDA:145,(anonymous_7)
FNDA:0,(anonymous_8)
FNDA:2,(anonymous_9)
FNDA:98,(anonymous_10)
FNDA:98,(anonymous_11)
FNDA:85,(anonymous_12)
FNDA:36,(anonymous_13)
FNDA:0,(anonymous_14)
FNDA:0,(anonymous_15)
FNDA:0,(anonymous_16)
DA:6,2
DA:10,98
DA:14,98
DA:15,98
DA:16,51
DA:21,0
DA:22,0
DA:23,0
DA:25,0
DA:29,0
DA:33,98
DA:37,0
DA:39,0
DA:40,0
DA:41,0
DA:42,0
DA:44,0
DA:46,0
DA:50,98
DA:62,2
DA:64,2
DA:65,145
DA:69,2
DA:70,0
DA:71,0
DA:82,2
DA:84,2
DA:85,98
DA:86,98
DA:87,98
DA:88,98
DA:89,51
DA:91,98
DA:92,98
DA:95,98
DA:107,2
DA:110,85
DA:111,85
DA:113,85
DA:114,49
DA:116,36
DA:120,2
DA:121,36
DA:122,2
DA:123,0
DA:124,2
DA:125,0
DA:126,2
DA:127,0
LF:49
LH:32
BRDA:15,0,0,51
BRDA:15,0,1,47
BRDA:41,1,0,0
BRDA:41,1,1,0
BRDA:88,2,0,51
BRDA:88,2,1,47
BRDA:107,3,0,36
BRDA:108,4,0,36
BRDA:113,5,0,49
BRDA:113,5,1,36
BRF:10
BRH:8
end_of_record
TN:
SF:packages/pages/src/loaders/cache-loader.ts
FN:11,CacheLoader
FN:28,(anonymous_1)
FN:29,(anonymous_2)
FN:32,(anonymous_3)
FN:47,(anonymous_4)
FN:48,(anonymous_5)
FN:51,(anonymous_6)
FN:66,(anonymous_7)
FN:73,(anonymous_8)
FN:74,(anonymous_9)
FN:75,(anonymous_10)
FN:99,pitch
FN:107,(anonymous_12)
FN:118,(anonymous_13)
FN:119,(anonymous_14)
FN:150,(anonymous_15)
FN:153,(anonymous_16)
FN:155,(anonymous_17)
FN:161,(anonymous_18)
FN:166,(anonymous_19)
FNF:20
FNH:20
FNDA:65,CacheLoader
FNDA:65,(anonymous_1)
FNDA:65,(anonymous_2)
FNDA:65,(anonymous_3)
FNDA:181,(anonymous_4)
FNDA:181,(anonymous_5)
FNDA:181,(anonymous_6)
FNDA:181,(anonymous_7)
FNDA:181,(anonymous_8)
FNDA:181,(anonymous_9)
FNDA:181,(anonymous_10)
FNDA:81,pitch
FNDA:76,(anonymous_12)
FNDA:76,(anonymous_13)
FNDA:76,(anonymous_14)
FNDA:35,(anonymous_15)
FNDA:51,(anonymous_16)
FNDA:35,(anonymous_17)
FNDA:35,(anonymous_18)
FNDA:81,(anonymous_19)
DA:15,65
DA:16,65
DA:17,65
DA:19,65
DA:20,65
DA:22,65
DA:23,0
DA:26,65
DA:29,65
DA:30,65
DA:33,65
DA:34,0
DA:35,0
DA:38,65
DA:43,65
DA:44,65
DA:48,181
DA:49,181
DA:52,181
DA:53,0
DA:56,181
DA:66,181
DA:72,65
DA:73,181
DA:74,181
DA:75,181
DA:77,65
DA:88,65
DA:90,0
DA:92,65
DA:93,0
DA:95,65
DA:100,81
DA:101,81
DA:103,81
DA:104,0
DA:107,81
DA:112,76
DA:113,0
DA:116,76
DA:119,76
DA:120,76
DA:121,0
DA:122,0
DA:125,76
DA:130,76
DA:135,25
DA:138,51
DA:142,51
DA:143,51
DA:146,51
DA:150,35
DA:154,51
DA:156,35
DA:161,51
DA:164,81
DA:167,81
DA:168,41
DA:169,16
LF:59
LH:49
BRDA:22,0,0,0
BRDA:22,0,1,65
BRDA:33,1,0,0
BRDA:33,1,1,65
BRDA:52,2,0,0
BRDA:52,2,1,181
BRDA:92,3,0,0
BRDA:92,3,1,65
BRDA:103,4,0,0
BRDA:103,4,1,81
BRDA:110,5,0,41
BRDA:112,6,0,0
BRDA:112,6,1,76
BRDA:120,7,0,0
BRDA:120,7,1,76
BRDA:130,8,0,25
BRDA:130,8,1,51
BRDA:131,9,0,76
BRDA:131,9,1,76
BRDA:131,9,2,72
BRDA:142,10,0,51
BRDA:142,10,1,0
BRDA:161,11,0,35
BRDA:161,11,1,29
BRDA:167,12,0,41
BRDA:167,12,1,40
BRDA:168,13,0,16
BRDA:168,13,1,25
BRF:28
BRH:20
end_of_record
TN:
SF:packages/pages/src/loaders/module-loader.ts
FN:15,ModuleLoader
FN:36,(anonymous_1)
FN:62,(anonymous_2)
FN:140,(anonymous_3)
FN:158,(anonymous_4)
FNF:5
FNH:4
FNDA:47,ModuleLoader
FNDA:47,(anonymous_1)
FNDA:92,(anonymous_2)
FNDA:0,(anonymous_3)
FNDA:24,(anonymous_4)
DA:19,47
DA:20,0
DA:23,47
DA:24,47
DA:25,47
DA:27,47
DA:28,47
DA:30,47
DA:34,47
DA:36,47
DA:38,47
DA:39,0
DA:45,47
DA:52,47
DA:55,47
DA:57,47
DA:62,47
DA:63,92
DA:64,92
DA:68,47
DA:69,47
DA:70,47
DA:72,47
DA:74,47
DA:85,47
DA:86,47
DA:89,47
DA:90,0
DA:93,47
DA:94,47
DA:95,47
DA:96,47
DA:97,0
DA:100,47
DA:101,24
DA:102,24
DA:103,24
DA:106,0
DA:107,0
DA:108,0
DA:112,0
DA:115,24
DA:121,24
DA:123,24
DA:130,47
DA:132,47
DA:133,0
DA:134,0
DA:140,0
DA:145,47
DA:148,47
DA:149,47
DA:158,24
DA:164,0
DA:165,0
LF:55
LH:42
BRDA:19,0,0,0
BRDA:19,0,1,47
BRDA:38,1,0,0
BRDA:38,1,1,47
BRDA:63,2,0,92
BRDA:63,2,1,0
BRDA:85,3,0,47
BRDA:85,3,1,0
BRDA:89,4,0,0
BRDA:89,4,1,47
BRDA:95,5,0,47
BRDA:95,5,1,23
BRDA:96,6,0,0
BRDA:96,6,1,47
BRDA:101,7,0,24
BRDA:101,7,1,0
BRDA:106,8,0,0
BRDA:106,8,1,0
BRDA:132,9,0,0
BRDA:132,9,1,47
BRF:20
BRH:10
end_of_record
TN:
SF:packages/pages/src/loaders/pages-loader.ts
FN:10,ModuleLoader
FNF:1
FNH:1
FNDA:18,ModuleLoader
DA:14,18
DA:15,0
DA:17,18
DA:19,18
DA:20,18
DA:22,18
DA:23,18
DA:25,18
DA:30,18
DA:37,18
DA:40,18
DA:41,8
DA:42,10
DA:43,0
DA:44,10
DA:45,0
DA:47,10
DA:50,18
DA:52,18
DA:56,18
DA:66,0
DA:68,18
LF:22
LH:18
BRDA:14,0,0,0
BRDA:14,0,1,18
BRDA:40,1,0,8
BRDA:40,1,1,10
BRDA:42,2,0,0
BRDA:42,2,1,10
BRDA:44,3,0,0
BRDA:44,3,1,10
BRDA:50,4,0,0
BRF:9
BRH:5
end_of_record
TN:
SF:packages/pages/src/loaders/resources-plugin.ts
FN:27,(anonymous_0)
FN:32,(anonymous_1)
FN:36,(anonymous_2)
FN:45,(anonymous_3)
FN:50,(anonymous_4)
FN:78,(anonymous_5)
FN:85,(anonymous_6)
FN:116,(anonymous_7)
FN:120,(anonymous_8)
FN:123,(anonymous_9)
FN:124,(anonymous_10)
FN:139,(anonymous_11)
FN:145,(anonymous_12)
FN:159,(anonymous_13)
FN:174,(anonymous_14)
FN:178,(anonymous_15)
FN:179,(anonymous_16)
FN:188,(anonymous_17)
FN:197,(anonymous_18)
FN:198,(anonymous_19)
FNF:20
FNH:20
FNDA:14,(anonymous_0)
FNDA:234,(anonymous_1)
FNDA:47,(anonymous_2)
FNDA:53,(anonymous_3)
FNDA:47,(anonymous_4)
FNDA:131,(anonymous_5)
FNDA:97,(anonymous_6)
FNDA:44,(anonymous_7)
FNDA:44,(anonymous_8)
FNDA:53,(anonymous_9)
FNDA:53,(anonymous_10)
FNDA:70,(anonymous_11)
FNDA:70,(anonymous_12)
FNDA:53,(anonymous_13)
FNDA:16,(anonymous_14)
FNDA:16,(anonymous_15)
FNDA:14,(anonymous_16)
FNDA:53,(anonymous_17)
FNDA:53,(anonymous_18)
FNDA:53,(anonymous_19)
DA:10,2
DA:24,14
DA:25,14
DA:28,14
DA:29,14
DA:33,234
DA:37,47
DA:46,53
DA:47,53
DA:51,47
DA:53,47
DA:54,0
DA:56,47
DA:61,47
DA:62,0
DA:65,47
DA:67,47
DA:69,47
DA:76,47
DA:78,47
DA:79,131
DA:82,47
DA:91,97
DA:92,10
DA:95,87
DA:97,87
DA:98,87
DA:99,25
DA:102,62
DA:106,62
DA:107,62
DA:108,62
DA:109,22
DA:112,0
DA:115,40
DA:117,44
DA:120,44
DA:124,53
DA:125,53
DA:126,53
DA:128,53
DA:130,53
DA:131,53
DA:132,53
DA:137,53
DA:138,53
DA:139,28
DA:140,70
DA:143,28
DA:145,70
DA:150,53
DA:151,47
DA:154,53
DA:156,0
DA:159,53
DA:160,53
DA:161,47
DA:175,16
DA:179,16
DA:180,14
DA:182,14
DA:187,14
DA:189,53
DA:196,53
DA:197,53
DA:198,53
DA:199,53
DA:200,0
DA:201,0
DA:204,53
LF:70
LH:64
BRDA:53,0,0,0
BRDA:53,0,1,47
BRDA:61,1,0,0
BRDA:61,1,1,47
BRDA:88,2,0,53
BRDA:89,3,0,53
BRDA:91,4,0,10
BRDA:91,4,1,87
BRDA:98,5,0,25
BRDA:98,5,1,62
BRDA:108,6,0,22
BRDA:108,6,1,40
BRDA:120,7,0,44
BRDA:120,7,1,41
BRDA:138,8,0,28
BRDA:138,8,1,25
BRDA:150,9,0,47
BRDA:150,9,1,6
BRDA:160,10,0,47
BRDA:160,10,1,6
BRDA:199,11,0,0
BRDA:199,11,1,53
BRF:22
BRH:19
end_of_record
TN:
SF:packages/pages/src/loaders/yaml-loader.ts
FN:9,ModuleLoader
FNF:1
FNH:1
FNDA:10,ModuleLoader
DA:13,10
DA:14,10
DA:16,10
LF:3
LH:3
BRF:0
BRH:0
end_of_record
TN:
SF:packages/pages/src/utils/context.ts
FN:9,(anonymous_0)
FN:21,(anonymous_1)
FN:25,(anonymous_2)
FNF:3
FNH:2
FNDA:12,(anonymous_0)
FNDA:564,(anonymous_1)
FNDA:0,(anonymous_2)
DA:9,2
DA:12,12
DA:13,12
DA:17,12
DA:21,564
DA:25,2
DA:28,0
DA:29,0
LF:8
LH:6
BRF:0
BRH:0
end_of_record
TN:
SF:packages/pages/src/utils/mutex.ts
FN:7,(anonymous_0)
FN:11,(anonymous_1)
FN:15,(anonymous_2)
FN:26,(anonymous_3)
FN:30,(anonymous_4)
FN:39,(anonymous_5)
FN:56,(anonymous_6)
FN:60,(anonymous_7)
FN:65,(anonymous_8)
FN:68,(anonymous_9)
FN:69,(anonymous_10)
FN:72,(anonymous_11)
FN:73,(anonymous_12)
FN:76,(anonymous_13)
FN:77,(anonymous_14)
FN:80,(anonymous_15)
FN:84,(anonymous_16)
FN:92,(anonymous_17)
FN:97,(anonymous_18)
FN:113,(anonymous_19)
FN:127,(anonymous_20)
FN:139,(anonymous_21)
FN:147,(anonymous_22)
FN:148,(anonymous_23)
FNF:24
FNH:1
FNDA:0,(anonymous_0)
FNDA:0,(anonymous_1)
FNDA:0,(anonymous_2)
FNDA:0,(anonymous_3)
FNDA:0,(anonymous_4)
FNDA:0,(anonymous_5)
FNDA:20,(anonymous_6)
FNDA:0,(anonymous_7)
FNDA:0,(anonymous_8)
FNDA:0,(anonymous_9)
FNDA:0,(anonymous_10)
FNDA:0,(anonymous_11)
FNDA:0,(anonymous_12)
FNDA:0,(anonymous_13)
FNDA:0,(anonymous_14)
FNDA:0,(anonymous_15)
FNDA:0,(anonymous_16)
FNDA:0,(anonymous_17)
FNDA:0,(anonymous_18)
FNDA:0,(anonymous_19)
FNDA:0,(anonymous_20)
FNDA:0,(anonymous_21)
FNDA:0,(anonymous_22)
FNDA:0,(anonymous_23)
DA:5,0
DA:8,0
DA:12,0
DA:16,0
DA:17,0
DA:18,0
DA:27,0
DA:31,0
DA:33,0
DA:34,0
DA:37,0
DA:38,0
DA:39,0
DA:40,0
DA:41,0
DA:45,0
DA:46,0
DA:51,20
DA:52,20
DA:57,20
DA:61,0
DA:62,0
DA:65,0
DA:69,0
DA:73,0
DA:77,0
DA:81,0
DA:85,0
DA:86,0
DA:87,0
DA:91,0
DA:92,0
DA:93,0
DA:94,0
DA:95,0
DA:97,0
DA:103,0
DA:104,0
DA:107,0
DA:108,0
DA:109,0
DA:118,0
DA:120,0
DA:121,0
DA:123,0
DA:128,0
DA:129,0
DA:130,0
DA:133,0
DA:134,0
DA:137,0
DA:139,0
DA:140,0
DA:141,0
DA:142,0
DA:145,0
DA:147,0
DA:148,0
DA:149,0
DA:150,0
DA:152,0
DA:156,0
DA:157,0
DA:158,0
LF:64
LH:3
BRDA:16,0,0,0
BRDA:16,0,1,0
BRDA:30,1,0,0
BRDA:33,2,0,0
BRDA:33,2,1,0
BRDA:33,3,0,0
BRDA:33,3,1,0
BRDA:40,4,0,0
BRDA:40,4,1,0
BRDA:56,5,0,0
BRDA:56,6,0,0
BRDA:61,7,0,0
BRDA:61,7,1,0
BRDA:65,8,0,0
BRDA:65,8,1,0
BRDA:69,9,0,0
BRDA:69,9,1,0
BRDA:84,10,0,0
BRDA:91,11,0,0
BRDA:91,11,1,0
BRDA:94,12,0,0
BRDA:94,12,1,0
BRDA:103,13,0,0
BRDA:103,13,1,0
BRDA:107,14,0,0
BRDA:107,14,1,0
BRDA:116,15,0,0
BRDA:127,16,0,0
BRDA:129,17,0,0
BRDA:129,17,1,0
BRDA:133,18,0,0
BRDA:133,18,1,0
BRDA:133,19,0,0
BRDA:133,19,1,0
BRDA:149,20,0,0
BRDA:149,20,1,0
BRF:36
BRH:0
end_of_record
TN:
SF:packages/pages/src/utils/promisify.ts
FN:5,(anonymous_0)
FNF:1
FNH:1
FNDA:1068,(anonymous_0)
DA:3,2
DA:5,2
DA:6,1068
DA:7,3
DA:9,1068
DA:11,1068
DA:12,45
DA:13,45
DA:16,1068
LF:9
LH:9
BRDA:6,0,0,3
BRDA:6,0,1,1065
BRDA:11,1,0,45
BRDA:11,1,1,1023
BRF:4
BRH:4
end_of_record
TN:
SF:packages/pages/src/utils/proxy.ts
FN:15,(anonymous_0)
FN:24,(anonymous_1)
FN:42,(anonymous_2)
FN:49,(anonymous_3)
FN:62,(anonymous_4)
FN:107,(anonymous_5)
FN:139,(anonymous_6)
FN:162,(anonymous_7)
FN:189,(anonymous_8)
FN:193,(anonymous_9)
FN:219,(anonymous_10)
FN:226,(anonymous_11)
FN:258,(anonymous_12)
FN:267,(anonymous_13)
FN:268,(anonymous_14)
FNF:15
FNH:11
FNDA:785,(anonymous_0)
FNDA:182,(anonymous_1)
FNDA:319,(anonymous_2)
FNDA:54,(anonymous_3)
FNDA:58,(anonymous_4)
FNDA:690,(anonymous_5)
FNDA:64,(anonymous_6)
FNDA:0,(anonymous_7)
FNDA:0,(anonymous_8)
FNDA:10,(anonymous_9)
FNDA:16,(anonymous_10)
FNDA:8,(anonymous_11)
FNDA:8,(anonymous_12)
FNDA:0,(anonymous_13)
FNDA:0,(anonymous_14)
DA:1,3
DA:2,3
DA:16,785
DA:17,0
DA:19,785
DA:20,785
DA:21,785
DA:25,182
DA:26,112
DA:36,785
DA:37,785
DA:38,785
DA:39,785
DA:46,319
DA:50,54
DA:51,0
DA:54,54
DA:55,54
DA:56,54
DA:57,49
DA:59,54
DA:63,58
DA:64,58
DA:65,58
DA:66,164
DA:67,164
DA:68,143
DA:70,164
DA:71,164
DA:75,58
DA:76,58
DA:77,164
DA:79,164
DA:80,179
DA:82,179
DA:83,144
DA:88,35
DA:90,35
DA:95,15
DA:96,15
DA:100,129
DA:104,58
DA:108,690
DA:109,8
DA:112,682
DA:113,58
DA:116,624
DA:117,624
DA:119,624
DA:120,724
DA:121,724
DA:122,78
DA:126,624
DA:127,78
DA:130,624
DA:131,466
DA:132,466
DA:133,466
DA:136,158
DA:140,64
DA:141,0
DA:144,64
DA:146,64
DA:147,64
DA:152,2
DA:155,64
DA:158,64
DA:159,64
DA:163,0
DA:164,0
DA:167,0
DA:168,0
DA:170,0
DA:171,0
DA:172,0
DA:175,0
DA:176,0
DA:180,0
DA:181,0
DA:182,0
DA:183,0
DA:186,0
DA:190,0
DA:194,10
DA:195,10
DA:196,10
DA:197,16
DA:198,16
DA:199,14
DA:200,14
DA:205,0
DA:208,16
DA:213,0
DA:215,16
DA:218,10
DA:219,16
DA:223,10
DA:227,8
DA:228,0
DA:231,8
DA:232,8
DA:233,8
DA:234,8
DA:235,7
DA:236,7
DA:241,0
DA:244,8
DA:249,0
DA:251,8
DA:252,6
DA:255,2
DA:259,8
DA:260,0
DA:263,8
DA:264,6
DA:267,0
DA:268,0
LF:117
LH:91
BRDA:16,0,0,0
BRDA:16,0,1,785
BRDA:21,1,0,785
BRDA:21,1,1,0
BRDA:25,2,0,112
BRDA:25,2,1,70
BRDA:33,3,0,319
BRDA:34,4,0,319
BRDA:50,5,0,0
BRDA:50,5,1,54
BRDA:70,6,0,164
BRDA:70,6,1,0
BRDA:70,7,0,164
BRDA:70,7,1,164
BRDA:70,7,2,164
BRDA:83,8,0,35
BRDA:83,8,1,109
BRDA:84,9,0,144
BRDA:84,9,1,104
BRDA:84,9,2,83
BRDA:90,10,0,15
BRDA:90,10,1,20
BRDA:91,11,0,35
BRDA:91,11,1,16
BRDA:91,11,2,16
BRDA:108,12,0,8
BRDA:108,12,1,682
BRDA:112,13,0,58
BRDA:112,13,1,624
BRDA:121,14,0,78
BRDA:121,14,1,646
BRDA:126,15,0,78
BRDA:126,15,1,546
BRDA:130,16,0,466
BRDA:130,16,1,158
BRDA:130,17,0,624
BRDA:130,17,1,541
BRDA:130,17,2,490
BRDA:140,18,0,0
BRDA:140,18,1,64
BRDA:147,19,0,2
BRDA:147,19,1,62
BRDA:148,20,0,64
BRDA:148,20,1,62
BRDA:148,20,2,62
BRDA:163,21,0,0
BRDA:163,21,1,0
BRDA:171,22,0,0
BRDA:171,22,1,0
BRDA:171,23,0,0
BRDA:171,23,1,0
BRDA:171,23,2,0
BRDA:182,24,0,0
BRDA:182,24,1,0
BRDA:200,25,0,0
BRDA:200,25,1,14
BRDA:201,26,0,14
BRDA:201,26,1,14
BRDA:201,26,2,14
BRDA:208,27,0,0
BRDA:208,27,1,16
BRDA:209,28,0,16
BRDA:209,28,1,16
BRDA:209,28,2,16
BRDA:227,29,0,0
BRDA:227,29,1,8
BRDA:236,30,0,0
BRDA:236,30,1,7
BRDA:237,31,0,7
BRDA:237,31,1,7
BRDA:237,31,2,7
BRDA:244,32,0,0
BRDA:244,32,1,8
BRDA:245,33,0,8
BRDA:245,33,1,8
BRDA:245,33,2,8
BRDA:251,34,0,6
BRDA:251,34,1,2
BRDA:259,35,0,0
BRDA:259,35,1,8
BRDA:263,36,0,6
BRDA:263,36,1,2
BRF:82
BRH:62
end_of_record
TN:
SF:packages/pages/src/utils/resolvable.ts
FN:11,(anonymous_0)
FN:13,(anonymous_1)
FN:17,(anonymous_2)
FN:20,(anonymous_3)
FN:24,(anonymous_4)
FN:37,(anonymous_5)
FN:41,(anonymous_6)
FN:53,(anonymous_7)
FN:54,(anonymous_8)
FN:65,(anonymous_9)
FN:71,(anonymous_10)
FN:74,(anonymous_11)
FN:75,(anonymous_12)
FNF:13
FNH:10
FNDA:1024,(anonymous_0)
FNDA:1024,(anonymous_1)
FNDA:1024,(anonymous_2)
FNDA:937,(anonymous_3)
FNDA:0,(anonymous_4)
FNDA:183,(anonymous_5)
FNDA:221,(anonymous_6)
FNDA:221,(anonymous_7)
FNDA:221,(anonymous_8)
FNDA:0,(anonymous_9)
FNDA:0,(anonymous_10)
FNDA:72,(anonymous_11)
FNDA:72,(anonymous_12)
DA:11,2
DA:12,1024
DA:13,1024
DA:14,1024
DA:16,1024
DA:18,1024
DA:21,937
DA:22,937
DA:25,0
DA:26,0
DA:30,1024
DA:31,1024
DA:35,72
DA:38,183
DA:51,221
DA:52,221
DA:54,221
DA:56,221
DA:57,78
DA:59,143
DA:71,0
DA:75,72
LF:22
LH:19
BRDA:56,0,0,78
BRDA:56,0,1,143
BRF:2
BRH:2
end_of_record
TN:
SF:packages/pages/src/utils/stream.ts
FN:4,(anonymous_0)
FN:8,(anonymous_1)
FN:10,(anonymous_2)
FN:11,(anonymous_3)
FN:12,(anonymous_4)
FN:16,(anonymous_5)
FN:24,(anonymous_6)
FN:28,(anonymous_7)
FN:32,(anonymous_8)
FN:36,(anonymous_9)
FN:45,(anonymous_10)
FNF:11
FNH:3
FNDA:0,(anonymous_0)
FNDA:0,(anonymous_1)
FNDA:0,(anonymous_2)
FNDA:0,(anonymous_3)
FNDA:0,(anonymous_4)
FNDA:0,(anonymous_5)
FNDA:47,(anonymous_6)
FNDA:0,(anonymous_7)
FNDA:0,(anonymous_8)
FNDA:47,(anonymous_9)
FNDA:47,(anonymous_10)
DA:4,2
DA:7,0
DA:8,0
DA:9,0
DA:10,0
DA:11,0
DA:12,0
DA:16,2
DA:18,0
DA:21,47
DA:22,47
DA:25,47
DA:29,0
DA:33,0
DA:41,47
DA:42,47
DA:46,47
DA:47,47
LF:18
LH:9
BRF:0
BRH:0
end_of_record
